{"/Users/paris/Documents/ParisCodes/BibleFocusApp/biblefocustimer/.worktrees/custom-verses-themes/src/data/reflections.js": {"path":"/Users/paris/Documents/ParisCodes/BibleFocusApp/biblefocustimer/.worktrees/custom-verses-themes/src/data/reflections.js","statementMap":{"0":{"start":{"line":7,"column":20},"end":{"line":32,"column":1}}},"fnMap":{},"branchMap":{},"s":{"0":1},"f":{},"b":{},"_coverageSchema":"1a1c01bbd47fc00a2c39e90264f33305004495a9","hash":"be7e9d542e2710c4abe8fde40e522c1a071777ca"}
,"/Users/paris/Documents/ParisCodes/BibleFocusApp/biblefocustimer/.worktrees/custom-verses-themes/src/data/verses.js": {"path":"/Users/paris/Documents/ParisCodes/BibleFocusApp/biblefocustimer/.worktrees/custom-verses-themes/src/data/verses.js","statementMap":{"0":{"start":{"line":7,"column":15},"end":{"line":459,"column":1}}},"fnMap":{},"branchMap":{},"s":{"0":1},"f":{},"b":{},"_coverageSchema":"1a1c01bbd47fc00a2c39e90264f33305004495a9","hash":"28e12843896a8a68b84b5852db1e93c65a84df0e"}
,"/Users/paris/Documents/ParisCodes/BibleFocusApp/biblefocustimer/.worktrees/custom-verses-themes/src/popup/customVerseStorage.js": {"path":"/Users/paris/Documents/ParisCodes/BibleFocusApp/biblefocustimer/.worktrees/custom-verses-themes/src/popup/customVerseStorage.js","statementMap":{"0":{"start":{"line":1,"column":20},"end":{"line":1,"column":34}},"1":{"start":{"line":4,"column":2},"end":{"line":11,"column":3}},"2":{"start":{"line":5,"column":4},"end":{"line":8,"column":7}},"3":{"start":{"line":6,"column":19},"end":{"line":6,"column":80}},"4":{"start":{"line":7,"column":6},"end":{"line":7,"column":21}},"5":{"start":{"line":10,"column":4},"end":{"line":10,"column":17}},"6":{"start":{"line":15,"column":2},"end":{"line":19,"column":3}},"7":{"start":{"line":16,"column":4},"end":{"line":16,"column":80}},"8":{"start":{"line":17,"column":9},"end":{"line":19,"column":3}},"9":{"start":{"line":18,"column":4},"end":{"line":18,"column":15}}},"fnMap":{"0":{"name":"getCustomVerses","decl":{"start":{"line":3,"column":16},"end":{"line":3,"column":31}},"loc":{"start":{"line":3,"column":42},"end":{"line":12,"column":1}},"line":3},"1":{"name":"(anonymous_1)","decl":{"start":{"line":5,"column":42},"end":{"line":5,"column":43}},"loc":{"start":{"line":5,"column":54},"end":{"line":8,"column":5}},"line":5},"2":{"name":"setCustomVerses","decl":{"start":{"line":14,"column":16},"end":{"line":14,"column":31}},"loc":{"start":{"line":14,"column":50},"end":{"line":20,"column":1}},"line":14},"3":{"name":"(anonymous_3)","decl":{"start":{"line":16,"column":69},"end":{"line":16,"column":70}},"loc":{"start":{"line":16,"column":75},"end":{"line":16,"column":77}},"line":16}},"branchMap":{"0":{"loc":{"start":{"line":4,"column":2},"end":{"line":11,"column":3}},"type":"if","locations":[{"start":{"line":4,"column":2},"end":{"line":11,"column":3}},{"start":{"line":9,"column":9},"end":{"line":11,"column":3}}],"line":4},"1":{"loc":{"start":{"line":4,"column":6},"end":{"line":4,"column":77}},"type":"binary-expr","locations":[{"start":{"line":4,"column":6},"end":{"line":4,"column":35}},{"start":{"line":4,"column":39},"end":{"line":4,"column":53}},{"start":{"line":4,"column":57},"end":{"line":4,"column":77}}],"line":4},"2":{"loc":{"start":{"line":6,"column":19},"end":{"line":6,"column":80}},"type":"cond-expr","locations":[{"start":{"line":6,"column":56},"end":{"line":6,"column":75}},{"start":{"line":6,"column":78},"end":{"line":6,"column":80}}],"line":6},"3":{"loc":{"start":{"line":15,"column":2},"end":{"line":19,"column":3}},"type":"if","locations":[{"start":{"line":15,"column":2},"end":{"line":19,"column":3}},{"start":{"line":17,"column":9},"end":{"line":19,"column":3}}],"line":15},"4":{"loc":{"start":{"line":15,"column":6},"end":{"line":15,"column":77}},"type":"binary-expr","locations":[{"start":{"line":15,"column":6},"end":{"line":15,"column":35}},{"start":{"line":15,"column":39},"end":{"line":15,"column":53}},{"start":{"line":15,"column":57},"end":{"line":15,"column":77}}],"line":15},"5":{"loc":{"start":{"line":16,"column":56},"end":{"line":16,"column":78}},"type":"binary-expr","locations":[{"start":{"line":16,"column":56},"end":{"line":16,"column":64}},{"start":{"line":16,"column":69},"end":{"line":16,"column":77}}],"line":16},"6":{"loc":{"start":{"line":17,"column":9},"end":{"line":19,"column":3}},"type":"if","locations":[{"start":{"line":17,"column":9},"end":{"line":19,"column":3}},{"start":{},"end":{}}],"line":17}},"s":{"0":3,"1":1,"2":1,"3":1,"4":1,"5":0,"6":1,"7":1,"8":0,"9":0},"f":{"0":1,"1":1,"2":1,"3":0},"b":{"0":[1,0],"1":[1,1,1],"2":[0,1],"3":[1,0],"4":[1,1,1],"5":[1,0],"6":[0,0]},"_coverageSchema":"1a1c01bbd47fc00a2c39e90264f33305004495a9","hash":"de73493c6fa9e9c900c6db18c96082ca1f29d982"}
,"/Users/paris/Documents/ParisCodes/BibleFocusApp/biblefocustimer/.worktrees/custom-verses-themes/src/popup/useStorage.js": {"path":"/Users/paris/Documents/ParisCodes/BibleFocusApp/biblefocustimer/.worktrees/custom-verses-themes/src/popup/useStorage.js","statementMap":{"0":{"start":{"line":3,"column":25},"end":{"line":12,"column":1}},"1":{"start":{"line":18,"column":34},"end":{"line":18,"column":60}},"2":{"start":{"line":19,"column":30},"end":{"line":19,"column":45}},"3":{"start":{"line":21,"column":2},"end":{"line":42,"column":9}},"4":{"start":{"line":22,"column":4},"end":{"line":41,"column":5}},"5":{"start":{"line":23,"column":6},"end":{"line":30,"column":9}},"6":{"start":{"line":24,"column":8},"end":{"line":28,"column":9}},"7":{"start":{"line":25,"column":10},"end":{"line":25,"column":98}},"8":{"start":{"line":26,"column":15},"end":{"line":28,"column":9}},"9":{"start":{"line":27,"column":10},"end":{"line":27,"column":67}},"10":{"start":{"line":29,"column":8},"end":{"line":29,"column":24}},"11":{"start":{"line":32,"column":6},"end":{"line":39,"column":7}},"12":{"start":{"line":33,"column":23},"end":{"line":33,"column":61}},"13":{"start":{"line":34,"column":8},"end":{"line":36,"column":9}},"14":{"start":{"line":35,"column":10},"end":{"line":35,"column":70}},"15":{"start":{"line":38,"column":8},"end":{"line":38,"column":71}},"16":{"start":{"line":40,"column":6},"end":{"line":40,"column":22}},"17":{"start":{"line":44,"column":25},"end":{"line":64,"column":3}},"18":{"start":{"line":45,"column":19},"end":{"line":45,"column":50}},"19":{"start":{"line":46,"column":4},"end":{"line":46,"column":24}},"20":{"start":{"line":48,"column":4},"end":{"line":63,"column":5}},"21":{"start":{"line":49,"column":6},"end":{"line":53,"column":9}},"22":{"start":{"line":50,"column":8},"end":{"line":52,"column":9}},"23":{"start":{"line":51,"column":10},"end":{"line":51,"column":96}},"24":{"start":{"line":55,"column":6},"end":{"line":62,"column":7}},"25":{"start":{"line":56,"column":8},"end":{"line":56,"column":71}},"26":{"start":{"line":58,"column":8},"end":{"line":58,"column":69}},"27":{"start":{"line":59,"column":8},"end":{"line":61,"column":9}},"28":{"start":{"line":60,"column":10},"end":{"line":60,"column":78}},"29":{"start":{"line":66,"column":2},"end":{"line":66,"column":46}}},"fnMap":{"0":{"name":"useSettings","decl":{"start":{"line":17,"column":16},"end":{"line":17,"column":27}},"loc":{"start":{"line":17,"column":30},"end":{"line":67,"column":1}},"line":17},"1":{"name":"(anonymous_1)","decl":{"start":{"line":21,"column":12},"end":{"line":21,"column":13}},"loc":{"start":{"line":21,"column":18},"end":{"line":42,"column":3}},"line":21},"2":{"name":"(anonymous_2)","decl":{"start":{"line":23,"column":42},"end":{"line":23,"column":43}},"loc":{"start":{"line":23,"column":54},"end":{"line":30,"column":7}},"line":23},"3":{"name":"(anonymous_3)","decl":{"start":{"line":44,"column":25},"end":{"line":44,"column":26}},"loc":{"start":{"line":44,"column":42},"end":{"line":64,"column":3}},"line":44},"4":{"name":"(anonymous_4)","decl":{"start":{"line":49,"column":52},"end":{"line":49,"column":53}},"loc":{"start":{"line":49,"column":58},"end":{"line":53,"column":7}},"line":49}},"branchMap":{"0":{"loc":{"start":{"line":22,"column":4},"end":{"line":41,"column":5}},"type":"if","locations":[{"start":{"line":22,"column":4},"end":{"line":41,"column":5}},{"start":{"line":31,"column":11},"end":{"line":41,"column":5}}],"line":22},"1":{"loc":{"start":{"line":22,"column":8},"end":{"line":22,"column":78}},"type":"binary-expr","locations":[{"start":{"line":22,"column":8},"end":{"line":22,"column":37}},{"start":{"line":22,"column":41},"end":{"line":22,"column":55}},{"start":{"line":22,"column":59},"end":{"line":22,"column":78}}],"line":22},"2":{"loc":{"start":{"line":24,"column":8},"end":{"line":28,"column":9}},"type":"if","locations":[{"start":{"line":24,"column":8},"end":{"line":28,"column":9}},{"start":{"line":26,"column":15},"end":{"line":28,"column":9}}],"line":24},"3":{"loc":{"start":{"line":26,"column":15},"end":{"line":28,"column":9}},"type":"if","locations":[{"start":{"line":26,"column":15},"end":{"line":28,"column":9}},{"start":{},"end":{}}],"line":26},"4":{"loc":{"start":{"line":34,"column":8},"end":{"line":36,"column":9}},"type":"if","locations":[{"start":{"line":34,"column":8},"end":{"line":36,"column":9}},{"start":{},"end":{}}],"line":34},"5":{"loc":{"start":{"line":48,"column":4},"end":{"line":63,"column":5}},"type":"if","locations":[{"start":{"line":48,"column":4},"end":{"line":63,"column":5}},{"start":{"line":54,"column":11},"end":{"line":63,"column":5}}],"line":48},"6":{"loc":{"start":{"line":48,"column":8},"end":{"line":48,"column":78}},"type":"binary-expr","locations":[{"start":{"line":48,"column":8},"end":{"line":48,"column":37}},{"start":{"line":48,"column":41},"end":{"line":48,"column":55}},{"start":{"line":48,"column":59},"end":{"line":48,"column":78}}],"line":48},"7":{"loc":{"start":{"line":50,"column":8},"end":{"line":52,"column":9}},"type":"if","locations":[{"start":{"line":50,"column":8},"end":{"line":52,"column":9}},{"start":{},"end":{}}],"line":50},"8":{"loc":{"start":{"line":59,"column":8},"end":{"line":61,"column":9}},"type":"if","locations":[{"start":{"line":59,"column":8},"end":{"line":61,"column":9}},{"start":{},"end":{}}],"line":59}},"s":{"0":1,"1":8,"2":8,"3":8,"4":3,"5":0,"6":0,"7":0,"8":0,"9":0,"10":0,"11":3,"12":3,"13":3,"14":0,"15":0,"16":3,"17":8,"18":2,"19":2,"20":2,"21":0,"22":0,"23":0,"24":2,"25":2,"26":0,"27":0,"28":0,"29":8},"f":{"0":8,"1":3,"2":0,"3":2,"4":0},"b":{"0":[0,3],"1":[3,3,3],"2":[0,0],"3":[0,0],"4":[0,3],"5":[0,2],"6":[2,2,2],"7":[0,0],"8":[0,0]},"_coverageSchema":"1a1c01bbd47fc00a2c39e90264f33305004495a9","hash":"a8a9caeb2139dc13fdd9400efc1f303849274e6f"}
,"/Users/paris/Documents/ParisCodes/BibleFocusApp/biblefocustimer/.worktrees/custom-verses-themes/src/popup/useTimer.js": {"path":"/Users/paris/Documents/ParisCodes/BibleFocusApp/biblefocustimer/.worktrees/custom-verses-themes/src/popup/useTimer.js","statementMap":{"0":{"start":{"line":16,"column":2},"end":{"line":18,"column":3}},"1":{"start":{"line":17,"column":4},"end":{"line":17,"column":40}},"2":{"start":{"line":22,"column":28},"end":{"line":22,"column":44}},"3":{"start":{"line":23,"column":40},"end":{"line":23,"column":77}},"4":{"start":{"line":24,"column":36},"end":{"line":24,"column":51}},"5":{"start":{"line":25,"column":38},"end":{"line":25,"column":49}},"6":{"start":{"line":26,"column":40},"end":{"line":26,"column":55}},"7":{"start":{"line":29,"column":29},"end":{"line":29,"column":42}},"8":{"start":{"line":31,"column":19},"end":{"line":31,"column":32}},"9":{"start":{"line":32,"column":24},"end":{"line":32,"column":42}},"10":{"start":{"line":33,"column":22},"end":{"line":33,"column":38}},"11":{"start":{"line":35,"column":2},"end":{"line":35,"column":58}},"12":{"start":{"line":35,"column":20},"end":{"line":35,"column":45}},"13":{"start":{"line":36,"column":2},"end":{"line":36,"column":73}},"14":{"start":{"line":36,"column":20},"end":{"line":36,"column":55}},"15":{"start":{"line":37,"column":2},"end":{"line":37,"column":67}},"16":{"start":{"line":37,"column":20},"end":{"line":37,"column":51}},"17":{"start":{"line":40,"column":2},"end":{"line":44,"column":38}},"18":{"start":{"line":41,"column":4},"end":{"line":43,"column":5}},"19":{"start":{"line":42,"column":6},"end":{"line":42,"column":50}},"20":{"start":{"line":47,"column":2},"end":{"line":71,"column":18}},"21":{"start":{"line":48,"column":4},"end":{"line":48,"column":27}},"22":{"start":{"line":48,"column":20},"end":{"line":48,"column":27}},"23":{"start":{"line":50,"column":15},"end":{"line":68,"column":12}},"24":{"start":{"line":51,"column":6},"end":{"line":55,"column":7}},"25":{"start":{"line":53,"column":8},"end":{"line":53,"column":56}},"26":{"start":{"line":53,"column":33},"end":{"line":53,"column":54}},"27":{"start":{"line":54,"column":8},"end":{"line":54,"column":15}},"28":{"start":{"line":57,"column":6},"end":{"line":67,"column":9}},"29":{"start":{"line":58,"column":8},"end":{"line":58,"column":67}},"30":{"start":{"line":58,"column":60},"end":{"line":58,"column":67}},"31":{"start":{"line":60,"column":75},"end":{"line":60,"column":92}},"32":{"start":{"line":62,"column":8},"end":{"line":62,"column":29}},"33":{"start":{"line":62,"column":22},"end":{"line":62,"column":29}},"34":{"start":{"line":64,"column":24},"end":{"line":64,"column":55}},"35":{"start":{"line":65,"column":26},"end":{"line":65,"column":76}},"36":{"start":{"line":66,"column":8},"end":{"line":66,"column":34}},"37":{"start":{"line":70,"column":4},"end":{"line":70,"column":35}},"38":{"start":{"line":70,"column":17},"end":{"line":70,"column":34}},"39":{"start":{"line":74,"column":2},"end":{"line":82,"column":31}},"40":{"start":{"line":75,"column":4},"end":{"line":79,"column":5}},"41":{"start":{"line":76,"column":6},"end":{"line":76,"column":40}},"42":{"start":{"line":77,"column":6},"end":{"line":77,"column":26}},"43":{"start":{"line":78,"column":6},"end":{"line":78,"column":24}},"44":{"start":{"line":86,"column":28},"end":{"line":100,"column":8}},"45":{"start":{"line":87,"column":4},"end":{"line":87,"column":39}},"46":{"start":{"line":88,"column":14},"end":{"line":88,"column":33}},"47":{"start":{"line":90,"column":4},"end":{"line":99,"column":5}},"48":{"start":{"line":91,"column":6},"end":{"line":91,"column":27}},"49":{"start":{"line":92,"column":6},"end":{"line":92,"column":26}},"50":{"start":{"line":94,"column":30},"end":{"line":94,"column":50}},"51":{"start":{"line":95,"column":6},"end":{"line":95,"column":24}},"52":{"start":{"line":96,"column":6},"end":{"line":96,"column":38}},"53":{"start":{"line":97,"column":6},"end":{"line":97,"column":25}},"54":{"start":{"line":98,"column":6},"end":{"line":98,"column":77}},"55":{"start":{"line":104,"column":33},"end":{"line":112,"column":8}},"56":{"start":{"line":105,"column":4},"end":{"line":105,"column":39}},"57":{"start":{"line":106,"column":14},"end":{"line":106,"column":33}},"58":{"start":{"line":107,"column":28},"end":{"line":107,"column":48}},"59":{"start":{"line":108,"column":4},"end":{"line":108,"column":22}},"60":{"start":{"line":109,"column":4},"end":{"line":109,"column":36}},"61":{"start":{"line":110,"column":4},"end":{"line":110,"column":23}},"62":{"start":{"line":111,"column":4},"end":{"line":111,"column":75}},"63":{"start":{"line":116,"column":26},"end":{"line":154,"column":25}},"64":{"start":{"line":117,"column":25},"end":{"line":117,"column":41}},"65":{"start":{"line":118,"column":30},"end":{"line":118,"column":51}},"66":{"start":{"line":119,"column":14},"end":{"line":119,"column":33}},"67":{"start":{"line":121,"column":4},"end":{"line":153,"column":5}},"68":{"start":{"line":122,"column":28},"end":{"line":122,"column":49}},"69":{"start":{"line":123,"column":6},"end":{"line":123,"column":35}},"70":{"start":{"line":126,"column":8},"end":{"line":127,"column":53}},"71":{"start":{"line":129,"column":6},"end":{"line":129,"column":38}},"72":{"start":{"line":131,"column":28},"end":{"line":133,"column":30}},"73":{"start":{"line":134,"column":30},"end":{"line":134,"column":48}},"74":{"start":{"line":136,"column":6},"end":{"line":136,"column":24}},"75":{"start":{"line":137,"column":6},"end":{"line":137,"column":38}},"76":{"start":{"line":138,"column":6},"end":{"line":138,"column":41}},"77":{"start":{"line":140,"column":6},"end":{"line":143,"column":7}},"78":{"start":{"line":141,"column":8},"end":{"line":141,"column":27}},"79":{"start":{"line":142,"column":8},"end":{"line":142,"column":79}},"80":{"start":{"line":144,"column":11},"end":{"line":153,"column":5}},"81":{"start":{"line":145,"column":6},"end":{"line":145,"column":23}},"82":{"start":{"line":146,"column":6},"end":{"line":146,"column":43}},"83":{"start":{"line":147,"column":6},"end":{"line":147,"column":41}},"84":{"start":{"line":149,"column":6},"end":{"line":152,"column":7}},"85":{"start":{"line":151,"column":8},"end":{"line":151,"column":28}},"86":{"start":{"line":158,"column":16},"end":{"line":161,"column":8}},"87":{"start":{"line":159,"column":4},"end":{"line":159,"column":24}},"88":{"start":{"line":160,"column":4},"end":{"line":160,"column":42}},"89":{"start":{"line":163,"column":17},"end":{"line":171,"column":8}},"90":{"start":{"line":164,"column":4},"end":{"line":170,"column":7}},"91":{"start":{"line":165,"column":6},"end":{"line":168,"column":7}},"92":{"start":{"line":166,"column":8},"end":{"line":166,"column":27}},"93":{"start":{"line":167,"column":8},"end":{"line":167,"column":71}},"94":{"start":{"line":169,"column":6},"end":{"line":169,"column":18}},"95":{"start":{"line":173,"column":16},"end":{"line":181,"column":8}},"96":{"start":{"line":174,"column":4},"end":{"line":174,"column":39}},"97":{"start":{"line":175,"column":4},"end":{"line":175,"column":24}},"98":{"start":{"line":176,"column":4},"end":{"line":176,"column":21}},"99":{"start":{"line":177,"column":4},"end":{"line":177,"column":59}},"100":{"start":{"line":178,"column":4},"end":{"line":178,"column":21}},"101":{"start":{"line":179,"column":4},"end":{"line":179,"column":26}},"102":{"start":{"line":180,"column":4},"end":{"line":180,"column":42}},"103":{"start":{"line":183,"column":20},"end":{"line":190,"column":8}},"104":{"start":{"line":184,"column":4},"end":{"line":184,"column":39}},"105":{"start":{"line":185,"column":4},"end":{"line":185,"column":24}},"106":{"start":{"line":186,"column":4},"end":{"line":186,"column":21}},"107":{"start":{"line":187,"column":4},"end":{"line":187,"column":59}},"108":{"start":{"line":188,"column":4},"end":{"line":188,"column":26}},"109":{"start":{"line":189,"column":4},"end":{"line":189,"column":42}},"110":{"start":{"line":192,"column":2},"end":{"line":204,"column":4}}},"fnMap":{"0":{"name":"sendToWorker","decl":{"start":{"line":15,"column":9},"end":{"line":15,"column":21}},"loc":{"start":{"line":15,"column":31},"end":{"line":19,"column":1}},"line":15},"1":{"name":"useTimer","decl":{"start":{"line":21,"column":16},"end":{"line":21,"column":24}},"loc":{"start":{"line":21,"column":35},"end":{"line":205,"column":1}},"line":21},"2":{"name":"(anonymous_2)","decl":{"start":{"line":35,"column":12},"end":{"line":35,"column":13}},"loc":{"start":{"line":35,"column":18},"end":{"line":35,"column":47}},"line":35},"3":{"name":"(anonymous_3)","decl":{"start":{"line":36,"column":12},"end":{"line":36,"column":13}},"loc":{"start":{"line":36,"column":18},"end":{"line":36,"column":57}},"line":36},"4":{"name":"(anonymous_4)","decl":{"start":{"line":37,"column":12},"end":{"line":37,"column":13}},"loc":{"start":{"line":37,"column":18},"end":{"line":37,"column":53}},"line":37},"5":{"name":"(anonymous_5)","decl":{"start":{"line":40,"column":12},"end":{"line":40,"column":13}},"loc":{"start":{"line":40,"column":18},"end":{"line":44,"column":3}},"line":40},"6":{"name":"(anonymous_6)","decl":{"start":{"line":47,"column":12},"end":{"line":47,"column":13}},"loc":{"start":{"line":47,"column":18},"end":{"line":71,"column":3}},"line":47},"7":{"name":"(anonymous_7)","decl":{"start":{"line":50,"column":27},"end":{"line":50,"column":28}},"loc":{"start":{"line":50,"column":33},"end":{"line":68,"column":5}},"line":50},"8":{"name":"(anonymous_8)","decl":{"start":{"line":53,"column":23},"end":{"line":53,"column":24}},"loc":{"start":{"line":53,"column":33},"end":{"line":53,"column":54}},"line":53},"9":{"name":"(anonymous_9)","decl":{"start":{"line":57,"column":45},"end":{"line":57,"column":46}},"loc":{"start":{"line":57,"column":57},"end":{"line":67,"column":7}},"line":57},"10":{"name":"(anonymous_10)","decl":{"start":{"line":70,"column":11},"end":{"line":70,"column":12}},"loc":{"start":{"line":70,"column":17},"end":{"line":70,"column":34}},"line":70},"11":{"name":"(anonymous_11)","decl":{"start":{"line":74,"column":12},"end":{"line":74,"column":13}},"loc":{"start":{"line":74,"column":18},"end":{"line":82,"column":3}},"line":74},"12":{"name":"(anonymous_12)","decl":{"start":{"line":86,"column":40},"end":{"line":86,"column":41}},"loc":{"start":{"line":86,"column":46},"end":{"line":100,"column":3}},"line":86},"13":{"name":"(anonymous_13)","decl":{"start":{"line":104,"column":45},"end":{"line":104,"column":46}},"loc":{"start":{"line":104,"column":51},"end":{"line":112,"column":3}},"line":104},"14":{"name":"(anonymous_14)","decl":{"start":{"line":116,"column":38},"end":{"line":116,"column":39}},"loc":{"start":{"line":116,"column":44},"end":{"line":154,"column":3}},"line":116},"15":{"name":"(anonymous_15)","decl":{"start":{"line":158,"column":28},"end":{"line":158,"column":29}},"loc":{"start":{"line":158,"column":34},"end":{"line":161,"column":3}},"line":158},"16":{"name":"(anonymous_16)","decl":{"start":{"line":163,"column":29},"end":{"line":163,"column":30}},"loc":{"start":{"line":163,"column":35},"end":{"line":171,"column":3}},"line":163},"17":{"name":"(anonymous_17)","decl":{"start":{"line":164,"column":19},"end":{"line":164,"column":20}},"loc":{"start":{"line":164,"column":29},"end":{"line":170,"column":5}},"line":164},"18":{"name":"(anonymous_18)","decl":{"start":{"line":173,"column":28},"end":{"line":173,"column":29}},"loc":{"start":{"line":173,"column":34},"end":{"line":181,"column":3}},"line":173},"19":{"name":"(anonymous_19)","decl":{"start":{"line":183,"column":32},"end":{"line":183,"column":33}},"loc":{"start":{"line":183,"column":38},"end":{"line":190,"column":3}},"line":183}},"branchMap":{"0":{"loc":{"start":{"line":16,"column":2},"end":{"line":18,"column":3}},"type":"if","locations":[{"start":{"line":16,"column":2},"end":{"line":18,"column":3}},{"start":{},"end":{}}],"line":16},"1":{"loc":{"start":{"line":16,"column":6},"end":{"line":16,"column":53}},"type":"binary-expr","locations":[{"start":{"line":16,"column":6},"end":{"line":16,"column":35}},{"start":{"line":16,"column":39},"end":{"line":16,"column":53}}],"line":16},"2":{"loc":{"start":{"line":41,"column":4},"end":{"line":43,"column":5}},"type":"if","locations":[{"start":{"line":41,"column":4},"end":{"line":43,"column":5}},{"start":{},"end":{}}],"line":41},"3":{"loc":{"start":{"line":48,"column":4},"end":{"line":48,"column":27}},"type":"if","locations":[{"start":{"line":48,"column":4},"end":{"line":48,"column":27}},{"start":{},"end":{}}],"line":48},"4":{"loc":{"start":{"line":51,"column":6},"end":{"line":55,"column":7}},"type":"if","locations":[{"start":{"line":51,"column":6},"end":{"line":55,"column":7}},{"start":{},"end":{}}],"line":51},"5":{"loc":{"start":{"line":51,"column":10},"end":{"line":51,"column":58}},"type":"binary-expr","locations":[{"start":{"line":51,"column":10},"end":{"line":51,"column":39}},{"start":{"line":51,"column":43},"end":{"line":51,"column":58}}],"line":51},"6":{"loc":{"start":{"line":58,"column":8},"end":{"line":58,"column":67}},"type":"if","locations":[{"start":{"line":58,"column":8},"end":{"line":58,"column":67}},{"start":{},"end":{}}],"line":58},"7":{"loc":{"start":{"line":58,"column":12},"end":{"line":58,"column":58}},"type":"binary-expr","locations":[{"start":{"line":58,"column":12},"end":{"line":58,"column":36}},{"start":{"line":58,"column":40},"end":{"line":58,"column":58}}],"line":58},"8":{"loc":{"start":{"line":62,"column":8},"end":{"line":62,"column":29}},"type":"if","locations":[{"start":{"line":62,"column":8},"end":{"line":62,"column":29}},{"start":{},"end":{}}],"line":62},"9":{"loc":{"start":{"line":75,"column":4},"end":{"line":79,"column":5}},"type":"if","locations":[{"start":{"line":75,"column":4},"end":{"line":79,"column":5}},{"start":{},"end":{}}],"line":75},"10":{"loc":{"start":{"line":75,"column":8},"end":{"line":75,"column":69}},"type":"binary-expr","locations":[{"start":{"line":75,"column":8},"end":{"line":75,"column":25}},{"start":{"line":75,"column":29},"end":{"line":75,"column":38}},{"start":{"line":75,"column":42},"end":{"line":75,"column":69}}],"line":75},"11":{"loc":{"start":{"line":90,"column":4},"end":{"line":99,"column":5}},"type":"if","locations":[{"start":{"line":90,"column":4},"end":{"line":99,"column":5}},{"start":{"line":93,"column":11},"end":{"line":99,"column":5}}],"line":90},"12":{"loc":{"start":{"line":121,"column":4},"end":{"line":153,"column":5}},"type":"if","locations":[{"start":{"line":121,"column":4},"end":{"line":153,"column":5}},{"start":{"line":144,"column":11},"end":{"line":153,"column":5}}],"line":121},"13":{"loc":{"start":{"line":126,"column":8},"end":{"line":127,"column":53}},"type":"binary-expr","locations":[{"start":{"line":126,"column":8},"end":{"line":126,"column":35}},{"start":{"line":127,"column":8},"end":{"line":127,"column":53}}],"line":126},"14":{"loc":{"start":{"line":131,"column":28},"end":{"line":133,"column":30}},"type":"cond-expr","locations":[{"start":{"line":132,"column":10},"end":{"line":132,"column":29}},{"start":{"line":133,"column":10},"end":{"line":133,"column":30}}],"line":131},"15":{"loc":{"start":{"line":140,"column":6},"end":{"line":143,"column":7}},"type":"if","locations":[{"start":{"line":140,"column":6},"end":{"line":143,"column":7}},{"start":{},"end":{}}],"line":140},"16":{"loc":{"start":{"line":144,"column":11},"end":{"line":153,"column":5}},"type":"if","locations":[{"start":{"line":144,"column":11},"end":{"line":153,"column":5}},{"start":{},"end":{}}],"line":144},"17":{"loc":{"start":{"line":149,"column":6},"end":{"line":152,"column":7}},"type":"if","locations":[{"start":{"line":149,"column":6},"end":{"line":152,"column":7}},{"start":{},"end":{}}],"line":149},"18":{"loc":{"start":{"line":165,"column":6},"end":{"line":168,"column":7}},"type":"if","locations":[{"start":{"line":165,"column":6},"end":{"line":168,"column":7}},{"start":{},"end":{}}],"line":165},"19":{"loc":{"start":{"line":165,"column":10},"end":{"line":165,"column":84}},"type":"binary-expr","locations":[{"start":{"line":165,"column":10},"end":{"line":165,"column":18}},{"start":{"line":165,"column":23},"end":{"line":165,"column":51}},{"start":{"line":165,"column":55},"end":{"line":165,"column":83}}],"line":165}},"s":{"0":8,"1":8,"2":19,"3":19,"4":19,"5":19,"6":19,"7":19,"8":19,"9":19,"10":19,"11":19,"12":14,"13":19,"14":7,"15":19,"16":6,"17":19,"18":14,"19":8,"20":19,"21":14,"22":9,"23":5,"24":1505,"25":0,"26":0,"27":0,"28":1505,"29":1505,"30":0,"31":1505,"32":1505,"33":0,"34":1505,"35":1505,"36":1505,"37":5,"38":5,"39":19,"40":17,"41":1,"42":1,"43":1,"44":19,"45":5,"46":5,"47":5,"48":0,"49":0,"50":5,"51":5,"52":5,"53":5,"54":5,"55":19,"56":0,"57":0,"58":0,"59":0,"60":0,"61":0,"62":0,"63":19,"64":1,"65":1,"66":1,"67":1,"68":1,"69":1,"70":1,"71":1,"72":1,"73":1,"74":1,"75":1,"76":1,"77":1,"78":0,"79":0,"80":0,"81":0,"82":0,"83":0,"84":0,"85":0,"86":19,"87":1,"88":1,"89":19,"90":0,"91":0,"92":0,"93":0,"94":0,"95":19,"96":1,"97":1,"98":1,"99":1,"100":1,"101":1,"102":1,"103":19,"104":1,"105":1,"106":1,"107":1,"108":1,"109":1,"110":19},"f":{"0":8,"1":19,"2":14,"3":7,"4":6,"5":14,"6":14,"7":1505,"8":0,"9":1505,"10":5,"11":17,"12":5,"13":0,"14":1,"15":1,"16":0,"17":0,"18":1,"19":1},"b":{"0":[8,0],"1":[8,8],"2":[8,6],"3":[9,5],"4":[0,1505],"5":[1505,1505],"6":[0,1505],"7":[1505,1505],"8":[0,1505],"9":[1,16],"10":[17,1,1],"11":[0,5],"12":[1,0],"13":[1,1],"14":[0,1],"15":[0,1],"16":[0,0],"17":[0,0],"18":[0,0],"19":[0,0,0]},"_coverageSchema":"1a1c01bbd47fc00a2c39e90264f33305004495a9","hash":"ab42d4d9a70c53a2257c0af026f4b8873c9708b7"}
,"/Users/paris/Documents/ParisCodes/BibleFocusApp/biblefocustimer/.worktrees/custom-verses-themes/src/popup/useVerse.js": {"path":"/Users/paris/Documents/ParisCodes/BibleFocusApp/biblefocustimer/.worktrees/custom-verses-themes/src/popup/useVerse.js","statementMap":{"0":{"start":{"line":10,"column":2},"end":{"line":10,"column":53}},"1":{"start":{"line":18,"column":42},"end":{"line":18,"column":56}},"2":{"start":{"line":19,"column":52},"end":{"line":19,"column":64}},"3":{"start":{"line":20,"column":42},"end":{"line":20,"column":54}},"4":{"start":{"line":23,"column":2},"end":{"line":27,"column":9}},"5":{"start":{"line":24,"column":4},"end":{"line":26,"column":7}},"6":{"start":{"line":25,"column":6},"end":{"line":25,"column":42}},"7":{"start":{"line":29,"column":28},"end":{"line":43,"column":36}},"8":{"start":{"line":31,"column":22},"end":{"line":31,"column":50}},"9":{"start":{"line":33,"column":4},"end":{"line":35,"column":5}},"10":{"start":{"line":34,"column":6},"end":{"line":34,"column":23}},"11":{"start":{"line":37,"column":4},"end":{"line":39,"column":5}},"12":{"start":{"line":38,"column":6},"end":{"line":38,"column":61}},"13":{"start":{"line":41,"column":19},"end":{"line":41,"column":70}},"14":{"start":{"line":41,"column":43},"end":{"line":41,"column":69}},"15":{"start":{"line":42,"column":4},"end":{"line":42,"column":50}},"16":{"start":{"line":45,"column":22},"end":{"line":54,"column":47}},"17":{"start":{"line":46,"column":17},"end":{"line":46,"column":36}},"18":{"start":{"line":47,"column":18},"end":{"line":47,"column":34}},"19":{"start":{"line":48,"column":24},"end":{"line":48,"column":53}},"20":{"start":{"line":49,"column":4},"end":{"line":53,"column":7}},"21":{"start":{"line":56,"column":27},"end":{"line":59,"column":8}},"22":{"start":{"line":57,"column":17},"end":{"line":57,"column":80}},"23":{"start":{"line":58,"column":4},"end":{"line":58,"column":43}},"24":{"start":{"line":61,"column":2},"end":{"line":66,"column":4}}},"fnMap":{"0":{"name":"pickRandom","decl":{"start":{"line":9,"column":9},"end":{"line":9,"column":19}},"loc":{"start":{"line":9,"column":25},"end":{"line":11,"column":1}},"line":9},"1":{"name":"useVerse","decl":{"start":{"line":17,"column":16},"end":{"line":17,"column":24}},"loc":{"start":{"line":17,"column":35},"end":{"line":67,"column":1}},"line":17},"2":{"name":"(anonymous_2)","decl":{"start":{"line":23,"column":12},"end":{"line":23,"column":13}},"loc":{"start":{"line":23,"column":18},"end":{"line":27,"column":3}},"line":23},"3":{"name":"(anonymous_3)","decl":{"start":{"line":24,"column":20},"end":{"line":24,"column":21}},"loc":{"start":{"line":24,"column":38},"end":{"line":26,"column":5}},"line":24},"4":{"name":"(anonymous_4)","decl":{"start":{"line":29,"column":40},"end":{"line":29,"column":41}},"loc":{"start":{"line":29,"column":46},"end":{"line":43,"column":3}},"line":29},"5":{"name":"(anonymous_5)","decl":{"start":{"line":41,"column":36},"end":{"line":41,"column":37}},"loc":{"start":{"line":41,"column":43},"end":{"line":41,"column":69}},"line":41},"6":{"name":"(anonymous_6)","decl":{"start":{"line":45,"column":34},"end":{"line":45,"column":35}},"loc":{"start":{"line":45,"column":40},"end":{"line":54,"column":3}},"line":45},"7":{"name":"(anonymous_7)","decl":{"start":{"line":56,"column":39},"end":{"line":56,"column":40}},"loc":{"start":{"line":56,"column":49},"end":{"line":59,"column":3}},"line":56}},"branchMap":{"0":{"loc":{"start":{"line":25,"column":22},"end":{"line":25,"column":40}},"type":"binary-expr","locations":[{"start":{"line":25,"column":22},"end":{"line":25,"column":34}},{"start":{"line":25,"column":38},"end":{"line":25,"column":40}}],"line":25},"1":{"loc":{"start":{"line":33,"column":4},"end":{"line":35,"column":5}},"type":"if","locations":[{"start":{"line":33,"column":4},"end":{"line":35,"column":5}},{"start":{},"end":{}}],"line":33},"2":{"loc":{"start":{"line":37,"column":4},"end":{"line":39,"column":5}},"type":"if","locations":[{"start":{"line":37,"column":4},"end":{"line":39,"column":5}},{"start":{},"end":{}}],"line":37},"3":{"loc":{"start":{"line":38,"column":13},"end":{"line":38,"column":60}},"type":"cond-expr","locations":[{"start":{"line":38,"column":39},"end":{"line":38,"column":51}},{"start":{"line":38,"column":54},"end":{"line":38,"column":60}}],"line":38},"4":{"loc":{"start":{"line":42,"column":11},"end":{"line":42,"column":49}},"type":"cond-expr","locations":[{"start":{"line":42,"column":31},"end":{"line":42,"column":37}},{"start":{"line":42,"column":40},"end":{"line":42,"column":49}}],"line":42},"5":{"loc":{"start":{"line":48,"column":24},"end":{"line":48,"column":53}},"type":"binary-expr","locations":[{"start":{"line":48,"column":24},"end":{"line":48,"column":44}},{"start":{"line":48,"column":48},"end":{"line":48,"column":53}}],"line":48},"6":{"loc":{"start":{"line":51,"column":12},"end":{"line":51,"column":43}},"type":"binary-expr","locations":[{"start":{"line":51,"column":12},"end":{"line":51,"column":30}},{"start":{"line":51,"column":34},"end":{"line":51,"column":43}}],"line":51},"7":{"loc":{"start":{"line":57,"column":17},"end":{"line":57,"column":80}},"type":"cond-expr","locations":[{"start":{"line":57,"column":36},"end":{"line":57,"column":57}},{"start":{"line":57,"column":60},"end":{"line":57,"column":80}}],"line":57}},"s":{"0":6,"1":14,"2":14,"3":14,"4":14,"5":6,"6":2,"7":14,"8":5,"9":5,"10":2,"11":3,"12":1,"13":2,"14":110,"15":2,"16":14,"17":5,"18":5,"19":5,"20":5,"21":14,"22":1,"23":1,"24":14},"f":{"0":6,"1":14,"2":6,"3":2,"4":5,"5":110,"6":5,"7":1},"b":{"0":[2,0],"1":[2,3],"2":[1,2],"3":[1,0],"4":[1,1],"5":[5,0],"6":[5,0],"7":[0,1]},"_coverageSchema":"1a1c01bbd47fc00a2c39e90264f33305004495a9","hash":"9167d0ba28e7e9930db0b212e64d92398d6582b2"}
,"/Users/paris/Documents/ParisCodes/BibleFocusApp/biblefocustimer/.worktrees/custom-verses-themes/src/popup/components/CustomVerseForm.jsx": {"path":"/Users/paris/Documents/ParisCodes/BibleFocusApp/biblefocustimer/.worktrees/custom-verses-themes/src/popup/components/CustomVerseForm.jsx","statementMap":{"0":{"start":{"line":4,"column":34},"end":{"line":9,"column":4}},"1":{"start":{"line":10,"column":30},"end":{"line":10,"column":42}},"2":{"start":{"line":12,"column":2},"end":{"line":21,"column":14}},"3":{"start":{"line":13,"column":4},"end":{"line":20,"column":5}},"4":{"start":{"line":14,"column":6},"end":{"line":19,"column":9}},"5":{"start":{"line":23,"column":23},"end":{"line":33,"column":3}},"6":{"start":{"line":24,"column":22},"end":{"line":24,"column":24}},"7":{"start":{"line":25,"column":4},"end":{"line":27,"column":5}},"8":{"start":{"line":26,"column":6},"end":{"line":26,"column":52}},"9":{"start":{"line":28,"column":4},"end":{"line":30,"column":5}},"10":{"start":{"line":29,"column":6},"end":{"line":29,"column":45}},"11":{"start":{"line":31,"column":4},"end":{"line":31,"column":25}},"12":{"start":{"line":32,"column":4},"end":{"line":32,"column":47}},"13":{"start":{"line":35,"column":23},"end":{"line":42,"column":3}},"14":{"start":{"line":36,"column":28},"end":{"line":36,"column":36}},"15":{"start":{"line":37,"column":4},"end":{"line":37,"column":56}},"16":{"start":{"line":37,"column":27},"end":{"line":37,"column":53}},"17":{"start":{"line":39,"column":4},"end":{"line":41,"column":5}},"18":{"start":{"line":40,"column":6},"end":{"line":40,"column":53}},"19":{"start":{"line":40,"column":27},"end":{"line":40,"column":50}},"20":{"start":{"line":44,"column":23},"end":{"line":58,"column":3}},"21":{"start":{"line":45,"column":4},"end":{"line":45,"column":23}},"22":{"start":{"line":46,"column":4},"end":{"line":46,"column":32}},"23":{"start":{"line":46,"column":25},"end":{"line":46,"column":32}},"24":{"start":{"line":48,"column":4},"end":{"line":52,"column":7}},"25":{"start":{"line":55,"column":4},"end":{"line":57,"column":5}},"26":{"start":{"line":56,"column":6},"end":{"line":56,"column":64}},"27":{"start":{"line":60,"column":2},"end":{"line":137,"column":4}}},"fnMap":{"0":{"name":"CustomVerseForm","decl":{"start":{"line":3,"column":24},"end":{"line":3,"column":39}},"loc":{"start":{"line":3,"column":71},"end":{"line":138,"column":1}},"line":3},"1":{"name":"(anonymous_1)","decl":{"start":{"line":12,"column":12},"end":{"line":12,"column":13}},"loc":{"start":{"line":12,"column":18},"end":{"line":21,"column":3}},"line":12},"2":{"name":"(anonymous_2)","decl":{"start":{"line":23,"column":23},"end":{"line":23,"column":24}},"loc":{"start":{"line":23,"column":29},"end":{"line":33,"column":3}},"line":23},"3":{"name":"(anonymous_3)","decl":{"start":{"line":35,"column":23},"end":{"line":35,"column":24}},"loc":{"start":{"line":35,"column":30},"end":{"line":42,"column":3}},"line":35},"4":{"name":"(anonymous_4)","decl":{"start":{"line":37,"column":16},"end":{"line":37,"column":17}},"loc":{"start":{"line":37,"column":27},"end":{"line":37,"column":53}},"line":37},"5":{"name":"(anonymous_5)","decl":{"start":{"line":40,"column":16},"end":{"line":40,"column":17}},"loc":{"start":{"line":40,"column":27},"end":{"line":40,"column":50}},"line":40},"6":{"name":"(anonymous_6)","decl":{"start":{"line":44,"column":23},"end":{"line":44,"column":24}},"loc":{"start":{"line":44,"column":30},"end":{"line":58,"column":3}},"line":44}},"branchMap":{"0":{"loc":{"start":{"line":13,"column":4},"end":{"line":20,"column":5}},"type":"if","locations":[{"start":{"line":13,"column":4},"end":{"line":20,"column":5}},{"start":{},"end":{}}],"line":13},"1":{"loc":{"start":{"line":15,"column":19},"end":{"line":15,"column":40}},"type":"binary-expr","locations":[{"start":{"line":15,"column":19},"end":{"line":15,"column":34}},{"start":{"line":15,"column":38},"end":{"line":15,"column":40}}],"line":15},"2":{"loc":{"start":{"line":16,"column":13},"end":{"line":16,"column":28}},"type":"binary-expr","locations":[{"start":{"line":16,"column":13},"end":{"line":16,"column":22}},{"start":{"line":16,"column":26},"end":{"line":16,"column":28}}],"line":16},"3":{"loc":{"start":{"line":17,"column":13},"end":{"line":17,"column":28}},"type":"binary-expr","locations":[{"start":{"line":17,"column":13},"end":{"line":17,"column":22}},{"start":{"line":17,"column":26},"end":{"line":17,"column":28}}],"line":17},"4":{"loc":{"start":{"line":18,"column":13},"end":{"line":18,"column":28}},"type":"binary-expr","locations":[{"start":{"line":18,"column":13},"end":{"line":18,"column":22}},{"start":{"line":18,"column":26},"end":{"line":18,"column":28}}],"line":18},"5":{"loc":{"start":{"line":25,"column":4},"end":{"line":27,"column":5}},"type":"if","locations":[{"start":{"line":25,"column":4},"end":{"line":27,"column":5}},{"start":{},"end":{}}],"line":25},"6":{"loc":{"start":{"line":28,"column":4},"end":{"line":30,"column":5}},"type":"if","locations":[{"start":{"line":28,"column":4},"end":{"line":30,"column":5}},{"start":{},"end":{}}],"line":28},"7":{"loc":{"start":{"line":39,"column":4},"end":{"line":41,"column":5}},"type":"if","locations":[{"start":{"line":39,"column":4},"end":{"line":41,"column":5}},{"start":{},"end":{}}],"line":39},"8":{"loc":{"start":{"line":46,"column":4},"end":{"line":46,"column":32}},"type":"if","locations":[{"start":{"line":46,"column":4},"end":{"line":46,"column":32}},{"start":{},"end":{}}],"line":46},"9":{"loc":{"start":{"line":49,"column":10},"end":{"line":49,"column":45}},"type":"binary-expr","locations":[{"start":{"line":49,"column":10},"end":{"line":49,"column":19}},{"start":{"line":49,"column":23},"end":{"line":49,"column":45}}],"line":49},"10":{"loc":{"start":{"line":55,"column":4},"end":{"line":57,"column":5}},"type":"if","locations":[{"start":{"line":55,"column":4},"end":{"line":57,"column":5}},{"start":{},"end":{}}],"line":55},"11":{"loc":{"start":{"line":71,"column":28},"end":{"line":71,"column":76}},"type":"cond-expr","locations":[{"start":{"line":71,"column":47},"end":{"line":71,"column":64}},{"start":{"line":71,"column":67},"end":{"line":71,"column":76}}],"line":71},"12":{"loc":{"start":{"line":73,"column":9},"end":{"line":77,"column":9}},"type":"binary-expr","locations":[{"start":{"line":73,"column":9},"end":{"line":73,"column":25}},{"start":{"line":74,"column":10},"end":{"line":76,"column":17}}],"line":73},"13":{"loc":{"start":{"line":89,"column":28},"end":{"line":89,"column":64}},"type":"cond-expr","locations":[{"start":{"line":89,"column":41},"end":{"line":89,"column":52}},{"start":{"line":89,"column":55},"end":{"line":89,"column":64}}],"line":89},"14":{"loc":{"start":{"line":91,"column":9},"end":{"line":95,"column":9}},"type":"binary-expr","locations":[{"start":{"line":91,"column":9},"end":{"line":91,"column":19}},{"start":{"line":92,"column":10},"end":{"line":94,"column":17}}],"line":91},"15":{"loc":{"start":{"line":126,"column":22},"end":{"line":126,"column":58}},"type":"cond-expr","locations":[{"start":{"line":126,"column":30},"end":{"line":126,"column":44}},{"start":{"line":126,"column":47},"end":{"line":126,"column":58}}],"line":126},"16":{"loc":{"start":{"line":128,"column":11},"end":{"line":128,"column":47}},"type":"cond-expr","locations":[{"start":{"line":128,"column":19},"end":{"line":128,"column":33}},{"start":{"line":128,"column":36},"end":{"line":128,"column":47}}],"line":128},"17":{"loc":{"start":{"line":130,"column":9},"end":{"line":134,"column":9}},"type":"binary-expr","locations":[{"start":{"line":130,"column":9},"end":{"line":130,"column":17}},{"start":{"line":131,"column":10},"end":{"line":133,"column":19}}],"line":130}},"s":{"0":22,"1":22,"2":22,"3":8,"4":2,"5":22,"6":6,"7":6,"8":1,"9":6,"10":1,"11":6,"12":6,"13":22,"14":9,"15":9,"16":9,"17":9,"18":0,"19":0,"20":22,"21":6,"22":6,"23":1,"24":5,"25":5,"26":4,"27":22},"f":{"0":22,"1":8,"2":6,"3":9,"4":9,"5":0,"6":6},"b":{"0":[2,6],"1":[2,0],"2":[2,0],"3":[2,2],"4":[2,2],"5":[1,5],"6":[1,5],"7":[0,9],"8":[1,5],"9":[5,4],"10":[4,1],"11":[1,21],"12":[22,1],"13":[1,21],"14":[22,1],"15":[5,17],"16":[5,17],"17":[22,9]},"_coverageSchema":"1a1c01bbd47fc00a2c39e90264f33305004495a9","hash":"0a43c3a60ebdd409b05016a00611cf9f7aaf4d66"}
,"/Users/paris/Documents/ParisCodes/BibleFocusApp/biblefocustimer/.worktrees/custom-verses-themes/src/popup/components/CustomVerseList.jsx": {"path":"/Users/paris/Documents/ParisCodes/BibleFocusApp/biblefocustimer/.worktrees/custom-verses-themes/src/popup/components/CustomVerseList.jsx","statementMap":{"0":{"start":{"line":4,"column":2},"end":{"line":10,"column":3}},"1":{"start":{"line":5,"column":4},"end":{"line":9,"column":6}},"2":{"start":{"line":12,"column":23},"end":{"line":15,"column":3}},"3":{"start":{"line":13,"column":4},"end":{"line":13,"column":46}},"4":{"start":{"line":13,"column":34},"end":{"line":13,"column":46}},"5":{"start":{"line":14,"column":4},"end":{"line":14,"column":48}},"6":{"start":{"line":17,"column":2},"end":{"line":51,"column":4}},"7":{"start":{"line":24,"column":10},"end":{"line":47,"column":15}},"8":{"start":{"line":32,"column":31},"end":{"line":32,"column":44}},"9":{"start":{"line":40,"column":31},"end":{"line":40,"column":49}}},"fnMap":{"0":{"name":"CustomVerseList","decl":{"start":{"line":3,"column":24},"end":{"line":3,"column":39}},"loc":{"start":{"line":3,"column":70},"end":{"line":52,"column":1}},"line":3},"1":{"name":"(anonymous_1)","decl":{"start":{"line":12,"column":23},"end":{"line":12,"column":24}},"loc":{"start":{"line":12,"column":50},"end":{"line":15,"column":3}},"line":12},"2":{"name":"(anonymous_2)","decl":{"start":{"line":23,"column":20},"end":{"line":23,"column":21}},"loc":{"start":{"line":24,"column":10},"end":{"line":47,"column":15}},"line":24},"3":{"name":"(anonymous_3)","decl":{"start":{"line":32,"column":25},"end":{"line":32,"column":26}},"loc":{"start":{"line":32,"column":31},"end":{"line":32,"column":44}},"line":32},"4":{"name":"(anonymous_4)","decl":{"start":{"line":40,"column":25},"end":{"line":40,"column":26}},"loc":{"start":{"line":40,"column":31},"end":{"line":40,"column":49}},"line":40}},"branchMap":{"0":{"loc":{"start":{"line":4,"column":2},"end":{"line":10,"column":3}},"type":"if","locations":[{"start":{"line":4,"column":2},"end":{"line":10,"column":3}},{"start":{},"end":{}}],"line":4},"1":{"loc":{"start":{"line":12,"column":30},"end":{"line":12,"column":45}},"type":"default-arg","locations":[{"start":{"line":12,"column":42},"end":{"line":12,"column":45}}],"line":12},"2":{"loc":{"start":{"line":13,"column":4},"end":{"line":13,"column":46}},"type":"if","locations":[{"start":{"line":13,"column":4},"end":{"line":13,"column":46}},{"start":{},"end":{}}],"line":13},"3":{"loc":{"start":{"line":20,"column":32},"end":{"line":20,"column":72}},"type":"cond-expr","locations":[{"start":{"line":20,"column":54},"end":{"line":20,"column":61}},{"start":{"line":20,"column":64},"end":{"line":20,"column":72}}],"line":20}},"s":{"0":18,"1":8,"2":10,"3":13,"4":12,"5":1,"6":10,"7":13,"8":2,"9":2},"f":{"0":18,"1":13,"2":13,"3":2,"4":2},"b":{"0":[8,10],"1":[13],"2":[12,1],"3":[7,3]},"_coverageSchema":"1a1c01bbd47fc00a2c39e90264f33305004495a9","hash":"2877f1c2bd5d16096a7503c5f4423c945751b859"}
,"/Users/paris/Documents/ParisCodes/BibleFocusApp/biblefocustimer/.worktrees/custom-verses-themes/src/popup/components/SettingsView.jsx": {"path":"/Users/paris/Documents/ParisCodes/BibleFocusApp/biblefocustimer/.worktrees/custom-verses-themes/src/popup/components/SettingsView.jsx","statementMap":{"0":{"start":{"line":6,"column":21},"end":{"line":10,"column":1}},"1":{"start":{"line":12,"column":15},"end":{"line":19,"column":1}},"2":{"start":{"line":22,"column":36},"end":{"line":22,"column":53}},"3":{"start":{"line":23,"column":47},"end":{"line":23,"column":59}},"4":{"start":{"line":24,"column":42},"end":{"line":24,"column":56}},"5":{"start":{"line":25,"column":34},"end":{"line":25,"column":49}},"6":{"start":{"line":27,"column":2},"end":{"line":31,"column":9}},"7":{"start":{"line":28,"column":4},"end":{"line":30,"column":7}},"8":{"start":{"line":29,"column":6},"end":{"line":29,"column":41}},"9":{"start":{"line":33,"column":31},"end":{"line":42,"column":3}},"10":{"start":{"line":34,"column":19},"end":{"line":34,"column":34}},"11":{"start":{"line":35,"column":4},"end":{"line":37,"column":5}},"12":{"start":{"line":36,"column":6},"end":{"line":36,"column":17}},"13":{"start":{"line":38,"column":4},"end":{"line":40,"column":5}},"14":{"start":{"line":39,"column":6},"end":{"line":39,"column":17}},"15":{"start":{"line":41,"column":4},"end":{"line":41,"column":18}},"16":{"start":{"line":44,"column":23},"end":{"line":59,"column":3}},"17":{"start":{"line":46,"column":25},"end":{"line":46,"column":30}},"18":{"start":{"line":48,"column":4},"end":{"line":56,"column":5}},"19":{"start":{"line":49,"column":6},"end":{"line":49,"column":63}},"20":{"start":{"line":50,"column":11},"end":{"line":56,"column":5}},"21":{"start":{"line":51,"column":6},"end":{"line":51,"column":61}},"22":{"start":{"line":52,"column":11},"end":{"line":56,"column":5}},"23":{"start":{"line":53,"column":6},"end":{"line":53,"column":62}},"24":{"start":{"line":54,"column":11},"end":{"line":56,"column":5}},"25":{"start":{"line":55,"column":6},"end":{"line":55,"column":61}},"26":{"start":{"line":58,"column":4},"end":{"line":58,"column":46}},"27":{"start":{"line":61,"column":25},"end":{"line":73,"column":3}},"28":{"start":{"line":62,"column":26},"end":{"line":64,"column":36}},"29":{"start":{"line":63,"column":33},"end":{"line":63,"column":70}},"30":{"start":{"line":66,"column":4},"end":{"line":66,"column":40}},"31":{"start":{"line":67,"column":4},"end":{"line":67,"column":26}},"32":{"start":{"line":68,"column":4},"end":{"line":68,"column":23}},"33":{"start":{"line":70,"column":4},"end":{"line":72,"column":7}},"34":{"start":{"line":75,"column":28},"end":{"line":79,"column":3}},"35":{"start":{"line":76,"column":26},"end":{"line":76,"column":70}},"36":{"start":{"line":76,"column":53},"end":{"line":76,"column":69}},"37":{"start":{"line":77,"column":4},"end":{"line":77,"column":40}},"38":{"start":{"line":78,"column":4},"end":{"line":78,"column":35}},"39":{"start":{"line":81,"column":26},"end":{"line":84,"column":3}},"40":{"start":{"line":82,"column":4},"end":{"line":82,"column":27}},"41":{"start":{"line":83,"column":4},"end":{"line":83,"column":22}},"42":{"start":{"line":86,"column":2},"end":{"line":324,"column":4}},"43":{"start":{"line":116,"column":25},"end":{"line":116,"column":46}},"44":{"start":{"line":124,"column":25},"end":{"line":124,"column":50}},"45":{"start":{"line":132,"column":25},"end":{"line":132,"column":47}},"46":{"start":{"line":153,"column":33},"end":{"line":153,"column":78}},"47":{"start":{"line":170,"column":33},"end":{"line":170,"column":83}},"48":{"start":{"line":187,"column":33},"end":{"line":187,"column":82}},"49":{"start":{"line":204,"column":33},"end":{"line":204,"column":86}},"50":{"start":{"line":218,"column":31},"end":{"line":218,"column":78}},"51":{"start":{"line":237,"column":31},"end":{"line":237,"column":81}},"52":{"start":{"line":249,"column":31},"end":{"line":249,"column":74}},"53":{"start":{"line":254,"column":16},"end":{"line":256,"column":25}},"54":{"start":{"line":266,"column":31},"end":{"line":266,"column":68}},"55":{"start":{"line":271,"column":16},"end":{"line":273,"column":25}},"56":{"start":{"line":296,"column":29},"end":{"line":296,"column":46}},"57":{"start":{"line":309,"column":18},"end":{"line":309,"column":37}},"58":{"start":{"line":310,"column":18},"end":{"line":310,"column":40}}},"fnMap":{"0":{"name":"SettingsView","decl":{"start":{"line":21,"column":24},"end":{"line":21,"column":36}},"loc":{"start":{"line":21,"column":76},"end":{"line":325,"column":1}},"line":21},"1":{"name":"(anonymous_1)","decl":{"start":{"line":27,"column":12},"end":{"line":27,"column":13}},"loc":{"start":{"line":27,"column":18},"end":{"line":31,"column":3}},"line":27},"2":{"name":"(anonymous_2)","decl":{"start":{"line":28,"column":20},"end":{"line":28,"column":21}},"loc":{"start":{"line":28,"column":32},"end":{"line":30,"column":5}},"line":28},"3":{"name":"(anonymous_3)","decl":{"start":{"line":33,"column":31},"end":{"line":33,"column":32}},"loc":{"start":{"line":33,"column":66},"end":{"line":42,"column":3}},"line":33},"4":{"name":"(anonymous_4)","decl":{"start":{"line":44,"column":23},"end":{"line":44,"column":24}},"loc":{"start":{"line":44,"column":39},"end":{"line":59,"column":3}},"line":44},"5":{"name":"(anonymous_5)","decl":{"start":{"line":61,"column":25},"end":{"line":61,"column":26}},"loc":{"start":{"line":61,"column":40},"end":{"line":73,"column":3}},"line":61},"6":{"name":"(anonymous_6)","decl":{"start":{"line":63,"column":25},"end":{"line":63,"column":26}},"loc":{"start":{"line":63,"column":33},"end":{"line":63,"column":70}},"line":63},"7":{"name":"(anonymous_7)","decl":{"start":{"line":70,"column":35},"end":{"line":70,"column":36}},"loc":{"start":{"line":70,"column":41},"end":{"line":72,"column":5}},"line":70},"8":{"name":"(anonymous_8)","decl":{"start":{"line":75,"column":28},"end":{"line":75,"column":29}},"loc":{"start":{"line":75,"column":41},"end":{"line":79,"column":3}},"line":75},"9":{"name":"(anonymous_9)","decl":{"start":{"line":76,"column":46},"end":{"line":76,"column":47}},"loc":{"start":{"line":76,"column":53},"end":{"line":76,"column":69}},"line":76},"10":{"name":"(anonymous_10)","decl":{"start":{"line":81,"column":26},"end":{"line":81,"column":27}},"loc":{"start":{"line":81,"column":37},"end":{"line":84,"column":3}},"line":81},"11":{"name":"(anonymous_11)","decl":{"start":{"line":116,"column":19},"end":{"line":116,"column":20}},"loc":{"start":{"line":116,"column":25},"end":{"line":116,"column":46}},"line":116},"12":{"name":"(anonymous_12)","decl":{"start":{"line":124,"column":19},"end":{"line":124,"column":20}},"loc":{"start":{"line":124,"column":25},"end":{"line":124,"column":50}},"line":124},"13":{"name":"(anonymous_13)","decl":{"start":{"line":132,"column":19},"end":{"line":132,"column":20}},"loc":{"start":{"line":132,"column":25},"end":{"line":132,"column":47}},"line":132},"14":{"name":"(anonymous_14)","decl":{"start":{"line":153,"column":26},"end":{"line":153,"column":27}},"loc":{"start":{"line":153,"column":33},"end":{"line":153,"column":78}},"line":153},"15":{"name":"(anonymous_15)","decl":{"start":{"line":170,"column":26},"end":{"line":170,"column":27}},"loc":{"start":{"line":170,"column":33},"end":{"line":170,"column":83}},"line":170},"16":{"name":"(anonymous_16)","decl":{"start":{"line":187,"column":26},"end":{"line":187,"column":27}},"loc":{"start":{"line":187,"column":33},"end":{"line":187,"column":82}},"line":187},"17":{"name":"(anonymous_17)","decl":{"start":{"line":204,"column":26},"end":{"line":204,"column":27}},"loc":{"start":{"line":204,"column":33},"end":{"line":204,"column":86}},"line":204},"18":{"name":"(anonymous_18)","decl":{"start":{"line":218,"column":24},"end":{"line":218,"column":25}},"loc":{"start":{"line":218,"column":31},"end":{"line":218,"column":78}},"line":218},"19":{"name":"(anonymous_19)","decl":{"start":{"line":237,"column":24},"end":{"line":237,"column":25}},"loc":{"start":{"line":237,"column":31},"end":{"line":237,"column":81}},"line":237},"20":{"name":"(anonymous_20)","decl":{"start":{"line":249,"column":24},"end":{"line":249,"column":25}},"loc":{"start":{"line":249,"column":31},"end":{"line":249,"column":74}},"line":249},"21":{"name":"(anonymous_21)","decl":{"start":{"line":253,"column":32},"end":{"line":253,"column":33}},"loc":{"start":{"line":254,"column":16},"end":{"line":256,"column":25}},"line":254},"22":{"name":"(anonymous_22)","decl":{"start":{"line":266,"column":24},"end":{"line":266,"column":25}},"loc":{"start":{"line":266,"column":31},"end":{"line":266,"column":68}},"line":266},"23":{"name":"(anonymous_23)","decl":{"start":{"line":270,"column":26},"end":{"line":270,"column":27}},"loc":{"start":{"line":271,"column":16},"end":{"line":273,"column":25}},"line":271},"24":{"name":"(anonymous_24)","decl":{"start":{"line":296,"column":23},"end":{"line":296,"column":24}},"loc":{"start":{"line":296,"column":29},"end":{"line":296,"column":46}},"line":296},"25":{"name":"(anonymous_25)","decl":{"start":{"line":308,"column":26},"end":{"line":308,"column":27}},"loc":{"start":{"line":308,"column":32},"end":{"line":311,"column":17}},"line":308}},"branchMap":{"0":{"loc":{"start":{"line":29,"column":27},"end":{"line":29,"column":39}},"type":"binary-expr","locations":[{"start":{"line":29,"column":27},"end":{"line":29,"column":33}},{"start":{"line":29,"column":37},"end":{"line":29,"column":39}}],"line":29},"1":{"loc":{"start":{"line":35,"column":4},"end":{"line":37,"column":5}},"type":"if","locations":[{"start":{"line":35,"column":4},"end":{"line":37,"column":5}},{"start":{},"end":{}}],"line":35},"2":{"loc":{"start":{"line":35,"column":8},"end":{"line":35,"column":37}},"type":"binary-expr","locations":[{"start":{"line":35,"column":8},"end":{"line":35,"column":21}},{"start":{"line":35,"column":25},"end":{"line":35,"column":37}}],"line":35},"3":{"loc":{"start":{"line":38,"column":4},"end":{"line":40,"column":5}},"type":"if","locations":[{"start":{"line":38,"column":4},"end":{"line":40,"column":5}},{"start":{},"end":{}}],"line":38},"4":{"loc":{"start":{"line":48,"column":4},"end":{"line":56,"column":5}},"type":"if","locations":[{"start":{"line":48,"column":4},"end":{"line":56,"column":5}},{"start":{"line":50,"column":11},"end":{"line":56,"column":5}}],"line":48},"5":{"loc":{"start":{"line":50,"column":11},"end":{"line":56,"column":5}},"type":"if","locations":[{"start":{"line":50,"column":11},"end":{"line":56,"column":5}},{"start":{"line":52,"column":11},"end":{"line":56,"column":5}}],"line":50},"6":{"loc":{"start":{"line":52,"column":11},"end":{"line":56,"column":5}},"type":"if","locations":[{"start":{"line":52,"column":11},"end":{"line":56,"column":5}},{"start":{"line":54,"column":11},"end":{"line":56,"column":5}}],"line":52},"7":{"loc":{"start":{"line":54,"column":11},"end":{"line":56,"column":5}},"type":"if","locations":[{"start":{"line":54,"column":11},"end":{"line":56,"column":5}},{"start":{},"end":{}}],"line":54},"8":{"loc":{"start":{"line":62,"column":26},"end":{"line":64,"column":36}},"type":"cond-expr","locations":[{"start":{"line":63,"column":8},"end":{"line":63,"column":72}},{"start":{"line":64,"column":8},"end":{"line":64,"column":36}}],"line":62},"9":{"loc":{"start":{"line":63,"column":33},"end":{"line":63,"column":70}},"type":"cond-expr","locations":[{"start":{"line":63,"column":57},"end":{"line":63,"column":66}},{"start":{"line":63,"column":69},"end":{"line":63,"column":70}}],"line":63},"10":{"loc":{"start":{"line":115,"column":35},"end":{"line":115,"column":72}},"type":"cond-expr","locations":[{"start":{"line":115,"column":59},"end":{"line":115,"column":67}},{"start":{"line":115,"column":70},"end":{"line":115,"column":72}}],"line":115},"11":{"loc":{"start":{"line":123,"column":35},"end":{"line":123,"column":76}},"type":"cond-expr","locations":[{"start":{"line":123,"column":63},"end":{"line":123,"column":71}},{"start":{"line":123,"column":74},"end":{"line":123,"column":76}}],"line":123},"12":{"loc":{"start":{"line":131,"column":35},"end":{"line":131,"column":73}},"type":"cond-expr","locations":[{"start":{"line":131,"column":60},"end":{"line":131,"column":68}},{"start":{"line":131,"column":71},"end":{"line":131,"column":73}}],"line":131},"13":{"loc":{"start":{"line":140,"column":7},"end":{"line":225,"column":7}},"type":"binary-expr","locations":[{"start":{"line":140,"column":7},"end":{"line":140,"column":28}},{"start":{"line":141,"column":8},"end":{"line":224,"column":14}}],"line":140},"14":{"loc":{"start":{"line":227,"column":7},"end":{"line":284,"column":7}},"type":"binary-expr","locations":[{"start":{"line":227,"column":7},"end":{"line":227,"column":32}},{"start":{"line":228,"column":8},"end":{"line":283,"column":14}}],"line":227},"15":{"loc":{"start":{"line":286,"column":7},"end":{"line":322,"column":7}},"type":"binary-expr","locations":[{"start":{"line":286,"column":7},"end":{"line":286,"column":29}},{"start":{"line":287,"column":8},"end":{"line":321,"column":14}}],"line":286},"16":{"loc":{"start":{"line":293,"column":11},"end":{"line":301,"column":11}},"type":"binary-expr","locations":[{"start":{"line":293,"column":11},"end":{"line":293,"column":20}},{"start":{"line":294,"column":12},"end":{"line":300,"column":21}}],"line":293},"17":{"loc":{"start":{"line":303,"column":11},"end":{"line":314,"column":11}},"type":"binary-expr","locations":[{"start":{"line":303,"column":11},"end":{"line":303,"column":19}},{"start":{"line":304,"column":12},"end":{"line":313,"column":18}}],"line":303}},"s":{"0":1,"1":1,"2":28,"3":28,"4":28,"5":28,"6":28,"7":6,"8":6,"9":28,"10":0,"11":0,"12":0,"13":0,"14":0,"15":0,"16":28,"17":0,"18":0,"19":0,"20":0,"21":0,"22":0,"23":0,"24":0,"25":0,"26":0,"27":28,"28":3,"29":1,"30":3,"31":3,"32":3,"33":3,"34":28,"35":1,"36":1,"37":1,"38":1,"39":28,"40":1,"41":1,"42":28,"43":2,"44":1,"45":6,"46":0,"47":0,"48":0,"49":0,"50":0,"51":0,"52":0,"53":3,"54":0,"55":6,"56":2,"57":0,"58":0},"f":{"0":28,"1":6,"2":6,"3":0,"4":0,"5":3,"6":1,"7":3,"8":1,"9":1,"10":1,"11":2,"12":1,"13":6,"14":0,"15":0,"16":0,"17":0,"18":0,"19":0,"20":0,"21":3,"22":0,"23":6,"24":2,"25":0},"b":{"0":[6,0],"1":[0,0],"2":[0,0],"3":[0,0],"4":[0,0],"5":[0,0],"6":[0,0],"7":[0,0],"8":[1,2],"9":[1,0],"10":[14,14],"11":[1,27],"12":[13,15],"13":[28,14],"14":[28,1],"15":[28,13],"16":[13,10],"17":[13,3]},"_coverageSchema":"1a1c01bbd47fc00a2c39e90264f33305004495a9","hash":"d0c59f16578ba464fe802b5a2048843632eb2851"}
}
