{"/Users/paris/Documents/ParisCodes/BibleFocusApp/biblefocustimer/.claude/skills/sequential-thinking/scripts/format-thought.js": {"path":"/Users/paris/Documents/ParisCodes/BibleFocusApp/biblefocustimer/.claude/skills/sequential-thinking/scripts/format-thought.js","statementMap":{"0":{"start":{"line":17,"column":111},"end":{"line":17,"column":122}},"1":{"start":{"line":19,"column":17},"end":{"line":19,"column":19}},"2":{"start":{"line":20,"column":18},"end":{"line":20,"column":20}},"3":{"start":{"line":21,"column":16},"end":{"line":21,"column":18}},"4":{"start":{"line":23,"column":4},"end":{"line":35,"column":5}},"5":{"start":{"line":24,"column":6},"end":{"line":24,"column":19}},"6":{"start":{"line":25,"column":6},"end":{"line":25,"column":26}},"7":{"start":{"line":26,"column":6},"end":{"line":26,"column":56}},"8":{"start":{"line":27,"column":11},"end":{"line":35,"column":5}},"9":{"start":{"line":28,"column":6},"end":{"line":28,"column":19}},"10":{"start":{"line":29,"column":6},"end":{"line":29,"column":24}},"11":{"start":{"line":30,"column":6},"end":{"line":30,"column":124}},"12":{"start":{"line":32,"column":6},"end":{"line":32,"column":19}},"13":{"start":{"line":33,"column":6},"end":{"line":33,"column":25}},"14":{"start":{"line":34,"column":6},"end":{"line":34,"column":19}},"15":{"start":{"line":37,"column":19},"end":{"line":37,"column":83}},"16":{"start":{"line":38,"column":22},"end":{"line":38,"column":61}},"17":{"start":{"line":39,"column":19},"end":{"line":39,"column":44}},"18":{"start":{"line":42,"column":27},"end":{"line":42,"column":60}},"19":{"start":{"line":43,"column":25},"end":{"line":43,"column":99}},"20":{"start":{"line":43,"column":52},"end":{"line":43,"column":87}},"21":{"start":{"line":45,"column":4},"end":{"line":50,"column":13}},"22":{"start":{"line":54,"column":4},"end":{"line":56,"column":5}},"23":{"start":{"line":55,"column":6},"end":{"line":55,"column":20}},"24":{"start":{"line":58,"column":18},"end":{"line":58,"column":33}},"25":{"start":{"line":59,"column":18},"end":{"line":59,"column":20}},"26":{"start":{"line":60,"column":22},"end":{"line":60,"column":24}},"27":{"start":{"line":62,"column":4},"end":{"line":69,"column":5}},"28":{"start":{"line":63,"column":6},"end":{"line":68,"column":7}},"29":{"start":{"line":64,"column":8},"end":{"line":64,"column":68}},"30":{"start":{"line":66,"column":8},"end":{"line":66,"column":49}},"31":{"start":{"line":66,"column":25},"end":{"line":66,"column":49}},"32":{"start":{"line":67,"column":8},"end":{"line":67,"column":27}},"33":{"start":{"line":71,"column":4},"end":{"line":71,"column":45}},"34":{"start":{"line":71,"column":21},"end":{"line":71,"column":45}},"35":{"start":{"line":72,"column":4},"end":{"line":72,"column":17}},"36":{"start":{"line":76,"column":111},"end":{"line":76,"column":122}},"37":{"start":{"line":78,"column":17},"end":{"line":78,"column":19}},"38":{"start":{"line":79,"column":4},"end":{"line":83,"column":5}},"39":{"start":{"line":80,"column":6},"end":{"line":80,"column":58}},"40":{"start":{"line":81,"column":11},"end":{"line":83,"column":5}},"41":{"start":{"line":82,"column":6},"end":{"line":82,"column":146}},"42":{"start":{"line":85,"column":4},"end":{"line":85,"column":76}},"43":{"start":{"line":89,"column":111},"end":{"line":89,"column":122}},"44":{"start":{"line":91,"column":17},"end":{"line":91,"column":19}},"45":{"start":{"line":92,"column":4},"end":{"line":96,"column":5}},"46":{"start":{"line":93,"column":6},"end":{"line":93,"column":62}},"47":{"start":{"line":94,"column":11},"end":{"line":96,"column":5}},"48":{"start":{"line":95,"column":6},"end":{"line":95,"column":154}},"49":{"start":{"line":98,"column":4},"end":{"line":98,"column":84}},"50":{"start":{"line":103,"column":0},"end":{"line":157,"column":1}},"51":{"start":{"line":104,"column":15},"end":{"line":104,"column":36}},"52":{"start":{"line":106,"column":20},"end":{"line":127,"column":3}},"53":{"start":{"line":107,"column":19},"end":{"line":107,"column":21}},"54":{"start":{"line":108,"column":4},"end":{"line":125,"column":5}},"55":{"start":{"line":108,"column":17},"end":{"line":108,"column":18}},"56":{"start":{"line":109,"column":18},"end":{"line":109,"column":25}},"57":{"start":{"line":110,"column":6},"end":{"line":124,"column":7}},"58":{"start":{"line":111,"column":20},"end":{"line":111,"column":32}},"59":{"start":{"line":112,"column":22},"end":{"line":112,"column":33}},"60":{"start":{"line":114,"column":8},"end":{"line":123,"column":9}},"61":{"start":{"line":116,"column":10},"end":{"line":121,"column":35}},"62":{"start":{"line":116,"column":32},"end":{"line":116,"column":51}},"63":{"start":{"line":117,"column":15},"end":{"line":121,"column":35}},"64":{"start":{"line":117,"column":38},"end":{"line":117,"column":58}},"65":{"start":{"line":119,"column":15},"end":{"line":121,"column":35}},"66":{"start":{"line":119,"column":34},"end":{"line":119,"column":66}},"67":{"start":{"line":121,"column":15},"end":{"line":121,"column":35}},"68":{"start":{"line":122,"column":10},"end":{"line":122,"column":14}},"69":{"start":{"line":126,"column":4},"end":{"line":126,"column":18}},"70":{"start":{"line":129,"column":16},"end":{"line":129,"column":31}},"71":{"start":{"line":131,"column":22},"end":{"line":139,"column":3}},"72":{"start":{"line":141,"column":17},"end":{"line":141,"column":38}},"73":{"start":{"line":144,"column":2},"end":{"line":154,"column":3}},"74":{"start":{"line":146,"column":6},"end":{"line":146,"column":58}},"75":{"start":{"line":147,"column":6},"end":{"line":147,"column":12}},"76":{"start":{"line":149,"column":6},"end":{"line":149,"column":60}},"77":{"start":{"line":150,"column":6},"end":{"line":150,"column":12}},"78":{"start":{"line":153,"column":6},"end":{"line":153,"column":52}},"79":{"start":{"line":156,"column":2},"end":{"line":156,"column":22}},"80":{"start":{"line":159,"column":0},"end":{"line":159,"column":38}}},"fnMap":{"0":{"name":"(anonymous_0)","decl":{"start":{"line":16,"column":2},"end":{"line":16,"column":3}},"loc":{"start":{"line":16,"column":29},"end":{"line":51,"column":3}},"line":16},"1":{"name":"(anonymous_1)","decl":{"start":{"line":43,"column":44},"end":{"line":43,"column":45}},"loc":{"start":{"line":43,"column":52},"end":{"line":43,"column":87}},"line":43},"2":{"name":"(anonymous_2)","decl":{"start":{"line":53,"column":2},"end":{"line":53,"column":3}},"loc":{"start":{"line":53,"column":34},"end":{"line":73,"column":3}},"line":53},"3":{"name":"(anonymous_3)","decl":{"start":{"line":75,"column":2},"end":{"line":75,"column":3}},"loc":{"start":{"line":75,"column":35},"end":{"line":86,"column":3}},"line":75},"4":{"name":"(anonymous_4)","decl":{"start":{"line":88,"column":2},"end":{"line":88,"column":3}},"loc":{"start":{"line":88,"column":37},"end":{"line":99,"column":3}},"line":88},"5":{"name":"(anonymous_5)","decl":{"start":{"line":106,"column":20},"end":{"line":106,"column":21}},"loc":{"start":{"line":106,"column":30},"end":{"line":127,"column":3}},"line":106}},"branchMap":{"0":{"loc":{"start":{"line":23,"column":4},"end":{"line":35,"column":5}},"type":"if","locations":[{"start":{"line":23,"column":4},"end":{"line":35,"column":5}},{"start":{"line":27,"column":11},"end":{"line":35,"column":5}}],"line":23},"1":{"loc":{"start":{"line":23,"column":8},"end":{"line":23,"column":36}},"type":"binary-expr","locations":[{"start":{"line":23,"column":8},"end":{"line":23,"column":18}},{"start":{"line":23,"column":22},"end":{"line":23,"column":36}}],"line":23},"2":{"loc":{"start":{"line":27,"column":11},"end":{"line":35,"column":5}},"type":"if","locations":[{"start":{"line":27,"column":11},"end":{"line":35,"column":5}},{"start":{"line":31,"column":11},"end":{"line":35,"column":5}}],"line":27},"3":{"loc":{"start":{"line":30,"column":16},"end":{"line":30,"column":123}},"type":"cond-expr","locations":[{"start":{"line":30,"column":27},"end":{"line":30,"column":82}},{"start":{"line":30,"column":85},"end":{"line":30,"column":123}}],"line":30},"4":{"loc":{"start":{"line":54,"column":4},"end":{"line":56,"column":5}},"type":"if","locations":[{"start":{"line":54,"column":4},"end":{"line":56,"column":5}},{"start":{},"end":{}}],"line":54},"5":{"loc":{"start":{"line":63,"column":6},"end":{"line":68,"column":7}},"type":"if","locations":[{"start":{"line":63,"column":6},"end":{"line":68,"column":7}},{"start":{"line":65,"column":13},"end":{"line":68,"column":7}}],"line":63},"6":{"loc":{"start":{"line":64,"column":22},"end":{"line":64,"column":67}},"type":"cond-expr","locations":[{"start":{"line":64,"column":36},"end":{"line":64,"column":60}},{"start":{"line":64,"column":63},"end":{"line":64,"column":67}}],"line":64},"7":{"loc":{"start":{"line":66,"column":8},"end":{"line":66,"column":49}},"type":"if","locations":[{"start":{"line":66,"column":8},"end":{"line":66,"column":49}},{"start":{},"end":{}}],"line":66},"8":{"loc":{"start":{"line":71,"column":4},"end":{"line":71,"column":45}},"type":"if","locations":[{"start":{"line":71,"column":4},"end":{"line":71,"column":45}},{"start":{},"end":{}}],"line":71},"9":{"loc":{"start":{"line":79,"column":4},"end":{"line":83,"column":5}},"type":"if","locations":[{"start":{"line":79,"column":4},"end":{"line":83,"column":5}},{"start":{"line":81,"column":11},"end":{"line":83,"column":5}}],"line":79},"10":{"loc":{"start":{"line":79,"column":8},"end":{"line":79,"column":36}},"type":"binary-expr","locations":[{"start":{"line":79,"column":8},"end":{"line":79,"column":18}},{"start":{"line":79,"column":22},"end":{"line":79,"column":36}}],"line":79},"11":{"loc":{"start":{"line":81,"column":11},"end":{"line":83,"column":5}},"type":"if","locations":[{"start":{"line":81,"column":11},"end":{"line":83,"column":5}},{"start":{},"end":{}}],"line":81},"12":{"loc":{"start":{"line":82,"column":15},"end":{"line":82,"column":145}},"type":"cond-expr","locations":[{"start":{"line":82,"column":26},"end":{"line":82,"column":97}},{"start":{"line":82,"column":100},"end":{"line":82,"column":145}}],"line":82},"13":{"loc":{"start":{"line":92,"column":4},"end":{"line":96,"column":5}},"type":"if","locations":[{"start":{"line":92,"column":4},"end":{"line":96,"column":5}},{"start":{"line":94,"column":11},"end":{"line":96,"column":5}}],"line":92},"14":{"loc":{"start":{"line":92,"column":8},"end":{"line":92,"column":36}},"type":"binary-expr","locations":[{"start":{"line":92,"column":8},"end":{"line":92,"column":18}},{"start":{"line":92,"column":22},"end":{"line":92,"column":36}}],"line":92},"15":{"loc":{"start":{"line":94,"column":11},"end":{"line":96,"column":5}},"type":"if","locations":[{"start":{"line":94,"column":11},"end":{"line":96,"column":5}},{"start":{},"end":{}}],"line":94},"16":{"loc":{"start":{"line":95,"column":15},"end":{"line":95,"column":153}},"type":"cond-expr","locations":[{"start":{"line":95,"column":26},"end":{"line":95,"column":101}},{"start":{"line":95,"column":104},"end":{"line":95,"column":153}}],"line":95},"17":{"loc":{"start":{"line":103,"column":0},"end":{"line":157,"column":1}},"type":"if","locations":[{"start":{"line":103,"column":0},"end":{"line":157,"column":1}},{"start":{},"end":{}}],"line":103},"18":{"loc":{"start":{"line":110,"column":6},"end":{"line":124,"column":7}},"type":"if","locations":[{"start":{"line":110,"column":6},"end":{"line":124,"column":7}},{"start":{},"end":{}}],"line":110},"19":{"loc":{"start":{"line":114,"column":8},"end":{"line":123,"column":9}},"type":"if","locations":[{"start":{"line":114,"column":8},"end":{"line":123,"column":9}},{"start":{},"end":{}}],"line":114},"20":{"loc":{"start":{"line":114,"column":12},"end":{"line":114,"column":44}},"type":"binary-expr","locations":[{"start":{"line":114,"column":12},"end":{"line":114,"column":17}},{"start":{"line":114,"column":21},"end":{"line":114,"column":44}}],"line":114},"21":{"loc":{"start":{"line":116,"column":10},"end":{"line":121,"column":35}},"type":"if","locations":[{"start":{"line":116,"column":10},"end":{"line":121,"column":35}},{"start":{"line":117,"column":15},"end":{"line":121,"column":35}}],"line":116},"22":{"loc":{"start":{"line":117,"column":15},"end":{"line":121,"column":35}},"type":"if","locations":[{"start":{"line":117,"column":15},"end":{"line":121,"column":35}},{"start":{"line":119,"column":15},"end":{"line":121,"column":35}}],"line":117},"23":{"loc":{"start":{"line":119,"column":15},"end":{"line":121,"column":35}},"type":"if","locations":[{"start":{"line":119,"column":15},"end":{"line":121,"column":35}},{"start":{"line":121,"column":15},"end":{"line":121,"column":35}}],"line":119},"24":{"loc":{"start":{"line":132,"column":13},"end":{"line":132,"column":51}},"type":"binary-expr","locations":[{"start":{"line":132,"column":13},"end":{"line":132,"column":26}},{"start":{"line":132,"column":30},"end":{"line":132,"column":51}}],"line":132},"25":{"loc":{"start":{"line":133,"column":19},"end":{"line":133,"column":36}},"type":"binary-expr","locations":[{"start":{"line":133,"column":19},"end":{"line":133,"column":31}},{"start":{"line":133,"column":35},"end":{"line":133,"column":36}}],"line":133},"26":{"loc":{"start":{"line":134,"column":19},"end":{"line":134,"column":35}},"type":"binary-expr","locations":[{"start":{"line":134,"column":19},"end":{"line":134,"column":30}},{"start":{"line":134,"column":34},"end":{"line":134,"column":35}}],"line":134},"27":{"loc":{"start":{"line":141,"column":17},"end":{"line":141,"column":38}},"type":"binary-expr","locations":[{"start":{"line":141,"column":17},"end":{"line":141,"column":29}},{"start":{"line":141,"column":33},"end":{"line":141,"column":38}}],"line":141},"28":{"loc":{"start":{"line":144,"column":2},"end":{"line":154,"column":3}},"type":"switch","locations":[{"start":{"line":145,"column":4},"end":{"line":147,"column":12}},{"start":{"line":148,"column":4},"end":{"line":150,"column":12}},{"start":{"line":151,"column":4},"end":{"line":151,"column":15}},{"start":{"line":152,"column":4},"end":{"line":153,"column":52}}],"line":144}},"s":{"0":3,"1":3,"2":3,"3":3,"4":3,"5":1,"6":1,"7":1,"8":2,"9":1,"10":1,"11":1,"12":1,"13":1,"14":1,"15":3,"16":3,"17":3,"18":3,"19":3,"20":3,"21":3,"22":5,"23":4,"24":1,"25":1,"26":1,"27":1,"28":23,"29":21,"30":2,"31":2,"32":2,"33":1,"34":1,"35":1,"36":3,"37":3,"38":3,"39":1,"40":2,"41":1,"42":3,"43":2,"44":2,"45":2,"46":1,"47":1,"48":0,"49":2,"50":1,"51":0,"52":0,"53":0,"54":0,"55":0,"56":0,"57":0,"58":0,"59":0,"60":0,"61":0,"62":0,"63":0,"64":0,"65":0,"66":0,"67":0,"68":0,"69":0,"70":0,"71":0,"72":0,"73":0,"74":0,"75":0,"76":0,"77":0,"78":0,"79":0,"80":1},"f":{"0":3,"1":3,"2":5,"3":3,"4":2,"5":0},"b":{"0":[1,2],"1":[3,1],"2":[1,1],"3":[1,0],"4":[4,1],"5":[21,2],"6":[20,1],"7":[2,0],"8":[1,0],"9":[1,2],"10":[3,1],"11":[1,1],"12":[1,0],"13":[1,1],"14":[2,1],"15":[0,1],"16":[0,0],"17":[0,1],"18":[0,0],"19":[0,0],"20":[0,0],"21":[0,0],"22":[0,0],"23":[0,0],"24":[0,0],"25":[0,0],"26":[0,0],"27":[0,0],"28":[0,0,0,0]},"_coverageSchema":"1a1c01bbd47fc00a2c39e90264f33305004495a9","hash":"ddf2d186e33860aa0051d35a0dc230b8af5a35cc"}
,"/Users/paris/Documents/ParisCodes/BibleFocusApp/biblefocustimer/.claude/skills/sequential-thinking/scripts/process-thought.js": {"path":"/Users/paris/Documents/ParisCodes/BibleFocusApp/biblefocustimer/.claude/skills/sequential-thinking/scripts/process-thought.js","statementMap":{"0":{"start":{"line":15,"column":11},"end":{"line":15,"column":24}},"1":{"start":{"line":16,"column":13},"end":{"line":16,"column":28}},"2":{"start":{"line":19,"column":21},"end":{"line":19,"column":66}},"3":{"start":{"line":20,"column":24},"end":{"line":20,"column":85}},"4":{"start":{"line":24,"column":4},"end":{"line":24,"column":23}},"5":{"start":{"line":28,"column":4},"end":{"line":40,"column":5}},"6":{"start":{"line":29,"column":6},"end":{"line":36,"column":7}},"7":{"start":{"line":30,"column":21},"end":{"line":30,"column":70}},"8":{"start":{"line":31,"column":8},"end":{"line":31,"column":56}},"9":{"start":{"line":32,"column":8},"end":{"line":32,"column":44}},"10":{"start":{"line":34,"column":8},"end":{"line":34,"column":33}},"11":{"start":{"line":35,"column":8},"end":{"line":35,"column":27}},"12":{"start":{"line":38,"column":6},"end":{"line":38,"column":31}},"13":{"start":{"line":39,"column":6},"end":{"line":39,"column":25}},"14":{"start":{"line":44,"column":4},"end":{"line":50,"column":6}},"15":{"start":{"line":54,"column":4},"end":{"line":54,"column":29}},"16":{"start":{"line":55,"column":4},"end":{"line":55,"column":23}},"17":{"start":{"line":56,"column":4},"end":{"line":58,"column":5}},"18":{"start":{"line":57,"column":6},"end":{"line":57,"column":34}},"19":{"start":{"line":62,"column":19},"end":{"line":62,"column":21}},"20":{"start":{"line":64,"column":4},"end":{"line":66,"column":5}},"21":{"start":{"line":65,"column":6},"end":{"line":65,"column":65}},"22":{"start":{"line":68,"column":4},"end":{"line":70,"column":5}},"23":{"start":{"line":69,"column":6},"end":{"line":69,"column":70}},"24":{"start":{"line":72,"column":4},"end":{"line":74,"column":5}},"25":{"start":{"line":73,"column":6},"end":{"line":73,"column":70}},"26":{"start":{"line":76,"column":4},"end":{"line":78,"column":5}},"27":{"start":{"line":77,"column":6},"end":{"line":77,"column":66}},"28":{"start":{"line":81,"column":4},"end":{"line":83,"column":5}},"29":{"start":{"line":82,"column":6},"end":{"line":82,"column":59}},"30":{"start":{"line":85,"column":4},"end":{"line":87,"column":5}},"31":{"start":{"line":86,"column":6},"end":{"line":86,"column":71}},"32":{"start":{"line":89,"column":4},"end":{"line":91,"column":5}},"33":{"start":{"line":90,"column":6},"end":{"line":90,"column":74}},"34":{"start":{"line":93,"column":4},"end":{"line":95,"column":5}},"35":{"start":{"line":94,"column":6},"end":{"line":94,"column":56}},"36":{"start":{"line":97,"column":4},"end":{"line":99,"column":5}},"37":{"start":{"line":98,"column":6},"end":{"line":98,"column":66}},"38":{"start":{"line":101,"column":4},"end":{"line":101,"column":18}},"39":{"start":{"line":105,"column":19},"end":{"line":105,"column":46}},"40":{"start":{"line":107,"column":4},"end":{"line":113,"column":5}},"41":{"start":{"line":108,"column":6},"end":{"line":112,"column":8}},"42":{"start":{"line":116,"column":4},"end":{"line":118,"column":5}},"43":{"start":{"line":117,"column":6},"end":{"line":117,"column":48}},"44":{"start":{"line":121,"column":24},"end":{"line":132,"column":5}},"45":{"start":{"line":135,"column":4},"end":{"line":135,"column":42}},"46":{"start":{"line":138,"column":4},"end":{"line":143,"column":5}},"47":{"start":{"line":139,"column":6},"end":{"line":141,"column":7}},"48":{"start":{"line":140,"column":8},"end":{"line":140,"column":49}},"49":{"start":{"line":142,"column":6},"end":{"line":142,"column":60}},"50":{"start":{"line":146,"column":4},"end":{"line":146,"column":23}},"51":{"start":{"line":148,"column":4},"end":{"line":156,"column":6}},"52":{"start":{"line":160,"column":4},"end":{"line":164,"column":6}},"53":{"start":{"line":169,"column":0},"end":{"line":234,"column":1}},"54":{"start":{"line":170,"column":15},"end":{"line":170,"column":36}},"55":{"start":{"line":171,"column":20},"end":{"line":171,"column":42}},"56":{"start":{"line":174,"column":20},"end":{"line":203,"column":3}},"57":{"start":{"line":175,"column":19},"end":{"line":175,"column":21}},"58":{"start":{"line":176,"column":4},"end":{"line":201,"column":5}},"59":{"start":{"line":176,"column":17},"end":{"line":176,"column":18}},"60":{"start":{"line":177,"column":18},"end":{"line":177,"column":25}},"61":{"start":{"line":178,"column":6},"end":{"line":200,"column":7}},"62":{"start":{"line":179,"column":20},"end":{"line":179,"column":32}},"63":{"start":{"line":180,"column":22},"end":{"line":180,"column":33}},"64":{"start":{"line":182,"column":8},"end":{"line":184,"column":9}},"65":{"start":{"line":183,"column":10},"end":{"line":183,"column":33}},"66":{"start":{"line":186,"column":8},"end":{"line":188,"column":9}},"67":{"start":{"line":187,"column":10},"end":{"line":187,"column":35}},"68":{"start":{"line":190,"column":8},"end":{"line":199,"column":9}},"69":{"start":{"line":192,"column":10},"end":{"line":197,"column":35}},"70":{"start":{"line":192,"column":32},"end":{"line":192,"column":51}},"71":{"start":{"line":193,"column":15},"end":{"line":197,"column":35}},"72":{"start":{"line":193,"column":38},"end":{"line":193,"column":58}},"73":{"start":{"line":195,"column":15},"end":{"line":197,"column":35}},"74":{"start":{"line":195,"column":34},"end":{"line":195,"column":66}},"75":{"start":{"line":197,"column":15},"end":{"line":197,"column":35}},"76":{"start":{"line":198,"column":10},"end":{"line":198,"column":14}},"77":{"start":{"line":202,"column":4},"end":{"line":202,"column":18}},"78":{"start":{"line":205,"column":16},"end":{"line":205,"column":31}},"79":{"start":{"line":207,"column":2},"end":{"line":211,"column":3}},"80":{"start":{"line":208,"column":4},"end":{"line":208,"column":29}},"81":{"start":{"line":209,"column":4},"end":{"line":209,"column":86}},"82":{"start":{"line":210,"column":4},"end":{"line":210,"column":20}},"83":{"start":{"line":213,"column":2},"end":{"line":216,"column":3}},"84":{"start":{"line":214,"column":4},"end":{"line":214,"column":65}},"85":{"start":{"line":215,"column":4},"end":{"line":215,"column":20}},"86":{"start":{"line":219,"column":23},"end":{"line":229,"column":3}},"87":{"start":{"line":231,"column":17},"end":{"line":231,"column":55}},"88":{"start":{"line":232,"column":2},"end":{"line":232,"column":47}},"89":{"start":{"line":233,"column":2},"end":{"line":233,"column":39}},"90":{"start":{"line":236,"column":0},"end":{"line":236,"column":38}}},"fnMap":{"0":{"name":"(anonymous_0)","decl":{"start":{"line":23,"column":2},"end":{"line":23,"column":3}},"loc":{"start":{"line":23,"column":16},"end":{"line":25,"column":3}},"line":23},"1":{"name":"(anonymous_1)","decl":{"start":{"line":27,"column":2},"end":{"line":27,"column":3}},"loc":{"start":{"line":27,"column":16},"end":{"line":41,"column":3}},"line":27},"2":{"name":"(anonymous_2)","decl":{"start":{"line":43,"column":2},"end":{"line":43,"column":3}},"loc":{"start":{"line":43,"column":16},"end":{"line":51,"column":3}},"line":43},"3":{"name":"(anonymous_3)","decl":{"start":{"line":53,"column":2},"end":{"line":53,"column":3}},"loc":{"start":{"line":53,"column":17},"end":{"line":59,"column":3}},"line":53},"4":{"name":"(anonymous_4)","decl":{"start":{"line":61,"column":2},"end":{"line":61,"column":3}},"loc":{"start":{"line":61,"column":25},"end":{"line":102,"column":3}},"line":61},"5":{"name":"(anonymous_5)","decl":{"start":{"line":104,"column":2},"end":{"line":104,"column":3}},"loc":{"start":{"line":104,"column":24},"end":{"line":157,"column":3}},"line":104},"6":{"name":"(anonymous_6)","decl":{"start":{"line":159,"column":2},"end":{"line":159,"column":3}},"loc":{"start":{"line":159,"column":15},"end":{"line":165,"column":3}},"line":159},"7":{"name":"(anonymous_7)","decl":{"start":{"line":174,"column":20},"end":{"line":174,"column":21}},"loc":{"start":{"line":174,"column":30},"end":{"line":203,"column":3}},"line":174}},"branchMap":{"0":{"loc":{"start":{"line":29,"column":6},"end":{"line":36,"column":7}},"type":"if","locations":[{"start":{"line":29,"column":6},"end":{"line":36,"column":7}},{"start":{"line":33,"column":13},"end":{"line":36,"column":7}}],"line":29},"1":{"loc":{"start":{"line":31,"column":30},"end":{"line":31,"column":55}},"type":"binary-expr","locations":[{"start":{"line":31,"column":30},"end":{"line":31,"column":49}},{"start":{"line":31,"column":53},"end":{"line":31,"column":55}}],"line":31},"2":{"loc":{"start":{"line":32,"column":24},"end":{"line":32,"column":43}},"type":"binary-expr","locations":[{"start":{"line":32,"column":24},"end":{"line":32,"column":37}},{"start":{"line":32,"column":41},"end":{"line":32,"column":43}}],"line":32},"3":{"loc":{"start":{"line":56,"column":4},"end":{"line":58,"column":5}},"type":"if","locations":[{"start":{"line":56,"column":4},"end":{"line":58,"column":5}},{"start":{},"end":{}}],"line":56},"4":{"loc":{"start":{"line":64,"column":4},"end":{"line":66,"column":5}},"type":"if","locations":[{"start":{"line":64,"column":4},"end":{"line":66,"column":5}},{"start":{},"end":{}}],"line":64},"5":{"loc":{"start":{"line":64,"column":8},"end":{"line":64,"column":90}},"type":"binary-expr","locations":[{"start":{"line":64,"column":8},"end":{"line":64,"column":22}},{"start":{"line":64,"column":26},"end":{"line":64,"column":59}},{"start":{"line":64,"column":63},"end":{"line":64,"column":90}}],"line":64},"6":{"loc":{"start":{"line":68,"column":4},"end":{"line":70,"column":5}},"type":"if","locations":[{"start":{"line":68,"column":4},"end":{"line":70,"column":5}},{"start":{},"end":{}}],"line":68},"7":{"loc":{"start":{"line":68,"column":8},"end":{"line":68,"column":98}},"type":"binary-expr","locations":[{"start":{"line":68,"column":8},"end":{"line":68,"column":28}},{"start":{"line":68,"column":32},"end":{"line":68,"column":71}},{"start":{"line":68,"column":75},"end":{"line":68,"column":98}}],"line":68},"8":{"loc":{"start":{"line":72,"column":4},"end":{"line":74,"column":5}},"type":"if","locations":[{"start":{"line":72,"column":4},"end":{"line":74,"column":5}},{"start":{},"end":{}}],"line":72},"9":{"loc":{"start":{"line":72,"column":8},"end":{"line":72,"column":98}},"type":"binary-expr","locations":[{"start":{"line":72,"column":8},"end":{"line":72,"column":28}},{"start":{"line":72,"column":32},"end":{"line":72,"column":71}},{"start":{"line":72,"column":75},"end":{"line":72,"column":98}}],"line":72},"10":{"loc":{"start":{"line":76,"column":4},"end":{"line":78,"column":5}},"type":"if","locations":[{"start":{"line":76,"column":4},"end":{"line":78,"column":5}},{"start":{},"end":{}}],"line":76},"11":{"loc":{"start":{"line":81,"column":4},"end":{"line":83,"column":5}},"type":"if","locations":[{"start":{"line":81,"column":4},"end":{"line":83,"column":5}},{"start":{},"end":{}}],"line":81},"12":{"loc":{"start":{"line":81,"column":8},"end":{"line":81,"column":79}},"type":"binary-expr","locations":[{"start":{"line":81,"column":8},"end":{"line":81,"column":38}},{"start":{"line":81,"column":42},"end":{"line":81,"column":79}}],"line":81},"13":{"loc":{"start":{"line":85,"column":4},"end":{"line":87,"column":5}},"type":"if","locations":[{"start":{"line":85,"column":4},"end":{"line":87,"column":5}},{"start":{},"end":{}}],"line":85},"14":{"loc":{"start":{"line":85,"column":8},"end":{"line":85,"column":116}},"type":"binary-expr","locations":[{"start":{"line":85,"column":8},"end":{"line":85,"column":42}},{"start":{"line":85,"column":47},"end":{"line":85,"column":87}},{"start":{"line":85,"column":91},"end":{"line":85,"column":115}}],"line":85},"15":{"loc":{"start":{"line":89,"column":4},"end":{"line":91,"column":5}},"type":"if","locations":[{"start":{"line":89,"column":4},"end":{"line":91,"column":5}},{"start":{},"end":{}}],"line":89},"16":{"loc":{"start":{"line":89,"column":8},"end":{"line":89,"column":125}},"type":"binary-expr","locations":[{"start":{"line":89,"column":8},"end":{"line":89,"column":45}},{"start":{"line":89,"column":50},"end":{"line":89,"column":93}},{"start":{"line":89,"column":97},"end":{"line":89,"column":124}}],"line":89},"17":{"loc":{"start":{"line":93,"column":4},"end":{"line":95,"column":5}},"type":"if","locations":[{"start":{"line":93,"column":4},"end":{"line":95,"column":5}},{"start":{},"end":{}}],"line":93},"18":{"loc":{"start":{"line":93,"column":8},"end":{"line":93,"column":74}},"type":"binary-expr","locations":[{"start":{"line":93,"column":8},"end":{"line":93,"column":36}},{"start":{"line":93,"column":40},"end":{"line":93,"column":74}}],"line":93},"19":{"loc":{"start":{"line":97,"column":4},"end":{"line":99,"column":5}},"type":"if","locations":[{"start":{"line":97,"column":4},"end":{"line":99,"column":5}},{"start":{},"end":{}}],"line":97},"20":{"loc":{"start":{"line":97,"column":8},"end":{"line":97,"column":93}},"type":"binary-expr","locations":[{"start":{"line":97,"column":8},"end":{"line":97,"column":45}},{"start":{"line":97,"column":49},"end":{"line":97,"column":93}}],"line":97},"21":{"loc":{"start":{"line":107,"column":4},"end":{"line":113,"column":5}},"type":"if","locations":[{"start":{"line":107,"column":4},"end":{"line":113,"column":5}},{"start":{},"end":{}}],"line":107},"22":{"loc":{"start":{"line":116,"column":4},"end":{"line":118,"column":5}},"type":"if","locations":[{"start":{"line":116,"column":4},"end":{"line":118,"column":5}},{"start":{},"end":{}}],"line":116},"23":{"loc":{"start":{"line":138,"column":4},"end":{"line":143,"column":5}},"type":"if","locations":[{"start":{"line":138,"column":4},"end":{"line":143,"column":5}},{"start":{},"end":{}}],"line":138},"24":{"loc":{"start":{"line":138,"column":8},"end":{"line":138,"column":61}},"type":"binary-expr","locations":[{"start":{"line":138,"column":8},"end":{"line":138,"column":37}},{"start":{"line":138,"column":41},"end":{"line":138,"column":61}}],"line":138},"25":{"loc":{"start":{"line":139,"column":6},"end":{"line":141,"column":7}},"type":"if","locations":[{"start":{"line":139,"column":6},"end":{"line":141,"column":7}},{"start":{},"end":{}}],"line":139},"26":{"loc":{"start":{"line":169,"column":0},"end":{"line":234,"column":1}},"type":"if","locations":[{"start":{"line":169,"column":0},"end":{"line":234,"column":1}},{"start":{},"end":{}}],"line":169},"27":{"loc":{"start":{"line":178,"column":6},"end":{"line":200,"column":7}},"type":"if","locations":[{"start":{"line":178,"column":6},"end":{"line":200,"column":7}},{"start":{},"end":{}}],"line":178},"28":{"loc":{"start":{"line":182,"column":8},"end":{"line":184,"column":9}},"type":"if","locations":[{"start":{"line":182,"column":8},"end":{"line":184,"column":9}},{"start":{},"end":{}}],"line":182},"29":{"loc":{"start":{"line":186,"column":8},"end":{"line":188,"column":9}},"type":"if","locations":[{"start":{"line":186,"column":8},"end":{"line":188,"column":9}},{"start":{},"end":{}}],"line":186},"30":{"loc":{"start":{"line":190,"column":8},"end":{"line":199,"column":9}},"type":"if","locations":[{"start":{"line":190,"column":8},"end":{"line":199,"column":9}},{"start":{},"end":{}}],"line":190},"31":{"loc":{"start":{"line":190,"column":12},"end":{"line":190,"column":44}},"type":"binary-expr","locations":[{"start":{"line":190,"column":12},"end":{"line":190,"column":17}},{"start":{"line":190,"column":21},"end":{"line":190,"column":44}}],"line":190},"32":{"loc":{"start":{"line":192,"column":10},"end":{"line":197,"column":35}},"type":"if","locations":[{"start":{"line":192,"column":10},"end":{"line":197,"column":35}},{"start":{"line":193,"column":15},"end":{"line":197,"column":35}}],"line":192},"33":{"loc":{"start":{"line":193,"column":15},"end":{"line":197,"column":35}},"type":"if","locations":[{"start":{"line":193,"column":15},"end":{"line":197,"column":35}},{"start":{"line":195,"column":15},"end":{"line":197,"column":35}}],"line":193},"34":{"loc":{"start":{"line":195,"column":15},"end":{"line":197,"column":35}},"type":"if","locations":[{"start":{"line":195,"column":15},"end":{"line":197,"column":35}},{"start":{"line":197,"column":15},"end":{"line":197,"column":35}}],"line":195},"35":{"loc":{"start":{"line":207,"column":2},"end":{"line":211,"column":3}},"type":"if","locations":[{"start":{"line":207,"column":2},"end":{"line":211,"column":3}},{"start":{},"end":{}}],"line":207},"36":{"loc":{"start":{"line":213,"column":2},"end":{"line":216,"column":3}},"type":"if","locations":[{"start":{"line":213,"column":2},"end":{"line":216,"column":3}},{"start":{},"end":{}}],"line":213},"37":{"loc":{"start":{"line":224,"column":16},"end":{"line":224,"column":70}},"type":"cond-expr","locations":[{"start":{"line":224,"column":47},"end":{"line":224,"column":51}},{"start":{"line":224,"column":54},"end":{"line":224,"column":70}}],"line":224},"38":{"loc":{"start":{"line":233,"column":15},"end":{"line":233,"column":37}},"type":"cond-expr","locations":[{"start":{"line":233,"column":32},"end":{"line":233,"column":33}},{"start":{"line":233,"column":36},"end":{"line":233,"column":37}}],"line":233}},"s":{"0":1,"1":1,"2":1,"3":1,"4":12,"5":12,"6":12,"7":1,"8":1,"9":1,"10":11,"11":11,"12":0,"13":0,"14":12,"15":1,"16":1,"17":1,"18":1,"19":16,"20":16,"21":2,"22":16,"23":1,"24":16,"25":0,"26":16,"27":1,"28":16,"29":0,"30":16,"31":0,"32":16,"33":0,"34":16,"35":0,"36":16,"37":0,"38":16,"39":16,"40":16,"41":4,"42":12,"43":1,"44":12,"45":12,"46":12,"47":2,"48":2,"49":2,"50":12,"51":12,"52":2,"53":1,"54":0,"55":0,"56":0,"57":0,"58":0,"59":0,"60":0,"61":0,"62":0,"63":0,"64":0,"65":0,"66":0,"67":0,"68":0,"69":0,"70":0,"71":0,"72":0,"73":0,"74":0,"75":0,"76":0,"77":0,"78":0,"79":0,"80":0,"81":0,"82":0,"83":0,"84":0,"85":0,"86":0,"87":0,"88":0,"89":0,"90":1},"f":{"0":12,"1":12,"2":12,"3":1,"4":16,"5":16,"6":2,"7":0},"b":{"0":[1,11],"1":[1,0],"2":[1,0],"3":[1,0],"4":[2,14],"5":[16,15,15],"6":[1,15],"7":[16,15,15],"8":[0,16],"9":[16,16,16],"10":[1,15],"11":[0,16],"12":[16,1],"13":[0,16],"14":[16,1,1],"15":[0,16],"16":[16,2,2],"17":[0,16],"18":[16,2],"19":[0,16],"20":[16,0],"21":[4,12],"22":[1,11],"23":[2,10],"24":[12,2],"25":[2,0],"26":[0,1],"27":[0,0],"28":[0,0],"29":[0,0],"30":[0,0],"31":[0,0],"32":[0,0],"33":[0,0],"34":[0,0],"35":[0,0],"36":[0,0],"37":[0,0],"38":[0,0]},"_coverageSchema":"1a1c01bbd47fc00a2c39e90264f33305004495a9","hash":"9bbdf62ec995b9aef3870f6d5decb4f98d80d43d"}
,"/Users/paris/Documents/ParisCodes/BibleFocusApp/biblefocustimer/.opencode/skills/sequential-thinking/scripts/format-thought.js": {"path":"/Users/paris/Documents/ParisCodes/BibleFocusApp/biblefocustimer/.opencode/skills/sequential-thinking/scripts/format-thought.js","statementMap":{"0":{"start":{"line":17,"column":111},"end":{"line":17,"column":122}},"1":{"start":{"line":19,"column":17},"end":{"line":19,"column":19}},"2":{"start":{"line":20,"column":18},"end":{"line":20,"column":20}},"3":{"start":{"line":21,"column":16},"end":{"line":21,"column":18}},"4":{"start":{"line":23,"column":4},"end":{"line":35,"column":5}},"5":{"start":{"line":24,"column":6},"end":{"line":24,"column":19}},"6":{"start":{"line":25,"column":6},"end":{"line":25,"column":26}},"7":{"start":{"line":26,"column":6},"end":{"line":26,"column":56}},"8":{"start":{"line":27,"column":11},"end":{"line":35,"column":5}},"9":{"start":{"line":28,"column":6},"end":{"line":28,"column":19}},"10":{"start":{"line":29,"column":6},"end":{"line":29,"column":24}},"11":{"start":{"line":30,"column":6},"end":{"line":30,"column":124}},"12":{"start":{"line":32,"column":6},"end":{"line":32,"column":19}},"13":{"start":{"line":33,"column":6},"end":{"line":33,"column":25}},"14":{"start":{"line":34,"column":6},"end":{"line":34,"column":19}},"15":{"start":{"line":37,"column":19},"end":{"line":37,"column":83}},"16":{"start":{"line":38,"column":22},"end":{"line":38,"column":61}},"17":{"start":{"line":39,"column":19},"end":{"line":39,"column":44}},"18":{"start":{"line":42,"column":27},"end":{"line":42,"column":60}},"19":{"start":{"line":43,"column":25},"end":{"line":43,"column":99}},"20":{"start":{"line":43,"column":52},"end":{"line":43,"column":87}},"21":{"start":{"line":45,"column":4},"end":{"line":50,"column":13}},"22":{"start":{"line":54,"column":4},"end":{"line":56,"column":5}},"23":{"start":{"line":55,"column":6},"end":{"line":55,"column":20}},"24":{"start":{"line":58,"column":18},"end":{"line":58,"column":33}},"25":{"start":{"line":59,"column":18},"end":{"line":59,"column":20}},"26":{"start":{"line":60,"column":22},"end":{"line":60,"column":24}},"27":{"start":{"line":62,"column":4},"end":{"line":69,"column":5}},"28":{"start":{"line":63,"column":6},"end":{"line":68,"column":7}},"29":{"start":{"line":64,"column":8},"end":{"line":64,"column":68}},"30":{"start":{"line":66,"column":8},"end":{"line":66,"column":49}},"31":{"start":{"line":66,"column":25},"end":{"line":66,"column":49}},"32":{"start":{"line":67,"column":8},"end":{"line":67,"column":27}},"33":{"start":{"line":71,"column":4},"end":{"line":71,"column":45}},"34":{"start":{"line":71,"column":21},"end":{"line":71,"column":45}},"35":{"start":{"line":72,"column":4},"end":{"line":72,"column":17}},"36":{"start":{"line":76,"column":111},"end":{"line":76,"column":122}},"37":{"start":{"line":78,"column":17},"end":{"line":78,"column":19}},"38":{"start":{"line":79,"column":4},"end":{"line":83,"column":5}},"39":{"start":{"line":80,"column":6},"end":{"line":80,"column":58}},"40":{"start":{"line":81,"column":11},"end":{"line":83,"column":5}},"41":{"start":{"line":82,"column":6},"end":{"line":82,"column":146}},"42":{"start":{"line":85,"column":4},"end":{"line":85,"column":76}},"43":{"start":{"line":89,"column":111},"end":{"line":89,"column":122}},"44":{"start":{"line":91,"column":17},"end":{"line":91,"column":19}},"45":{"start":{"line":92,"column":4},"end":{"line":96,"column":5}},"46":{"start":{"line":93,"column":6},"end":{"line":93,"column":62}},"47":{"start":{"line":94,"column":11},"end":{"line":96,"column":5}},"48":{"start":{"line":95,"column":6},"end":{"line":95,"column":154}},"49":{"start":{"line":98,"column":4},"end":{"line":98,"column":84}},"50":{"start":{"line":103,"column":0},"end":{"line":157,"column":1}},"51":{"start":{"line":104,"column":15},"end":{"line":104,"column":36}},"52":{"start":{"line":106,"column":20},"end":{"line":127,"column":3}},"53":{"start":{"line":107,"column":19},"end":{"line":107,"column":21}},"54":{"start":{"line":108,"column":4},"end":{"line":125,"column":5}},"55":{"start":{"line":108,"column":17},"end":{"line":108,"column":18}},"56":{"start":{"line":109,"column":18},"end":{"line":109,"column":25}},"57":{"start":{"line":110,"column":6},"end":{"line":124,"column":7}},"58":{"start":{"line":111,"column":20},"end":{"line":111,"column":32}},"59":{"start":{"line":112,"column":22},"end":{"line":112,"column":33}},"60":{"start":{"line":114,"column":8},"end":{"line":123,"column":9}},"61":{"start":{"line":116,"column":10},"end":{"line":121,"column":35}},"62":{"start":{"line":116,"column":32},"end":{"line":116,"column":51}},"63":{"start":{"line":117,"column":15},"end":{"line":121,"column":35}},"64":{"start":{"line":117,"column":38},"end":{"line":117,"column":58}},"65":{"start":{"line":119,"column":15},"end":{"line":121,"column":35}},"66":{"start":{"line":119,"column":34},"end":{"line":119,"column":66}},"67":{"start":{"line":121,"column":15},"end":{"line":121,"column":35}},"68":{"start":{"line":122,"column":10},"end":{"line":122,"column":14}},"69":{"start":{"line":126,"column":4},"end":{"line":126,"column":18}},"70":{"start":{"line":129,"column":16},"end":{"line":129,"column":31}},"71":{"start":{"line":131,"column":22},"end":{"line":139,"column":3}},"72":{"start":{"line":141,"column":17},"end":{"line":141,"column":38}},"73":{"start":{"line":144,"column":2},"end":{"line":154,"column":3}},"74":{"start":{"line":146,"column":6},"end":{"line":146,"column":58}},"75":{"start":{"line":147,"column":6},"end":{"line":147,"column":12}},"76":{"start":{"line":149,"column":6},"end":{"line":149,"column":60}},"77":{"start":{"line":150,"column":6},"end":{"line":150,"column":12}},"78":{"start":{"line":153,"column":6},"end":{"line":153,"column":52}},"79":{"start":{"line":156,"column":2},"end":{"line":156,"column":22}},"80":{"start":{"line":159,"column":0},"end":{"line":159,"column":38}}},"fnMap":{"0":{"name":"(anonymous_0)","decl":{"start":{"line":16,"column":2},"end":{"line":16,"column":3}},"loc":{"start":{"line":16,"column":29},"end":{"line":51,"column":3}},"line":16},"1":{"name":"(anonymous_1)","decl":{"start":{"line":43,"column":44},"end":{"line":43,"column":45}},"loc":{"start":{"line":43,"column":52},"end":{"line":43,"column":87}},"line":43},"2":{"name":"(anonymous_2)","decl":{"start":{"line":53,"column":2},"end":{"line":53,"column":3}},"loc":{"start":{"line":53,"column":34},"end":{"line":73,"column":3}},"line":53},"3":{"name":"(anonymous_3)","decl":{"start":{"line":75,"column":2},"end":{"line":75,"column":3}},"loc":{"start":{"line":75,"column":35},"end":{"line":86,"column":3}},"line":75},"4":{"name":"(anonymous_4)","decl":{"start":{"line":88,"column":2},"end":{"line":88,"column":3}},"loc":{"start":{"line":88,"column":37},"end":{"line":99,"column":3}},"line":88},"5":{"name":"(anonymous_5)","decl":{"start":{"line":106,"column":20},"end":{"line":106,"column":21}},"loc":{"start":{"line":106,"column":30},"end":{"line":127,"column":3}},"line":106}},"branchMap":{"0":{"loc":{"start":{"line":23,"column":4},"end":{"line":35,"column":5}},"type":"if","locations":[{"start":{"line":23,"column":4},"end":{"line":35,"column":5}},{"start":{"line":27,"column":11},"end":{"line":35,"column":5}}],"line":23},"1":{"loc":{"start":{"line":23,"column":8},"end":{"line":23,"column":36}},"type":"binary-expr","locations":[{"start":{"line":23,"column":8},"end":{"line":23,"column":18}},{"start":{"line":23,"column":22},"end":{"line":23,"column":36}}],"line":23},"2":{"loc":{"start":{"line":27,"column":11},"end":{"line":35,"column":5}},"type":"if","locations":[{"start":{"line":27,"column":11},"end":{"line":35,"column":5}},{"start":{"line":31,"column":11},"end":{"line":35,"column":5}}],"line":27},"3":{"loc":{"start":{"line":30,"column":16},"end":{"line":30,"column":123}},"type":"cond-expr","locations":[{"start":{"line":30,"column":27},"end":{"line":30,"column":82}},{"start":{"line":30,"column":85},"end":{"line":30,"column":123}}],"line":30},"4":{"loc":{"start":{"line":54,"column":4},"end":{"line":56,"column":5}},"type":"if","locations":[{"start":{"line":54,"column":4},"end":{"line":56,"column":5}},{"start":{},"end":{}}],"line":54},"5":{"loc":{"start":{"line":63,"column":6},"end":{"line":68,"column":7}},"type":"if","locations":[{"start":{"line":63,"column":6},"end":{"line":68,"column":7}},{"start":{"line":65,"column":13},"end":{"line":68,"column":7}}],"line":63},"6":{"loc":{"start":{"line":64,"column":22},"end":{"line":64,"column":67}},"type":"cond-expr","locations":[{"start":{"line":64,"column":36},"end":{"line":64,"column":60}},{"start":{"line":64,"column":63},"end":{"line":64,"column":67}}],"line":64},"7":{"loc":{"start":{"line":66,"column":8},"end":{"line":66,"column":49}},"type":"if","locations":[{"start":{"line":66,"column":8},"end":{"line":66,"column":49}},{"start":{},"end":{}}],"line":66},"8":{"loc":{"start":{"line":71,"column":4},"end":{"line":71,"column":45}},"type":"if","locations":[{"start":{"line":71,"column":4},"end":{"line":71,"column":45}},{"start":{},"end":{}}],"line":71},"9":{"loc":{"start":{"line":79,"column":4},"end":{"line":83,"column":5}},"type":"if","locations":[{"start":{"line":79,"column":4},"end":{"line":83,"column":5}},{"start":{"line":81,"column":11},"end":{"line":83,"column":5}}],"line":79},"10":{"loc":{"start":{"line":79,"column":8},"end":{"line":79,"column":36}},"type":"binary-expr","locations":[{"start":{"line":79,"column":8},"end":{"line":79,"column":18}},{"start":{"line":79,"column":22},"end":{"line":79,"column":36}}],"line":79},"11":{"loc":{"start":{"line":81,"column":11},"end":{"line":83,"column":5}},"type":"if","locations":[{"start":{"line":81,"column":11},"end":{"line":83,"column":5}},{"start":{},"end":{}}],"line":81},"12":{"loc":{"start":{"line":82,"column":15},"end":{"line":82,"column":145}},"type":"cond-expr","locations":[{"start":{"line":82,"column":26},"end":{"line":82,"column":97}},{"start":{"line":82,"column":100},"end":{"line":82,"column":145}}],"line":82},"13":{"loc":{"start":{"line":92,"column":4},"end":{"line":96,"column":5}},"type":"if","locations":[{"start":{"line":92,"column":4},"end":{"line":96,"column":5}},{"start":{"line":94,"column":11},"end":{"line":96,"column":5}}],"line":92},"14":{"loc":{"start":{"line":92,"column":8},"end":{"line":92,"column":36}},"type":"binary-expr","locations":[{"start":{"line":92,"column":8},"end":{"line":92,"column":18}},{"start":{"line":92,"column":22},"end":{"line":92,"column":36}}],"line":92},"15":{"loc":{"start":{"line":94,"column":11},"end":{"line":96,"column":5}},"type":"if","locations":[{"start":{"line":94,"column":11},"end":{"line":96,"column":5}},{"start":{},"end":{}}],"line":94},"16":{"loc":{"start":{"line":95,"column":15},"end":{"line":95,"column":153}},"type":"cond-expr","locations":[{"start":{"line":95,"column":26},"end":{"line":95,"column":101}},{"start":{"line":95,"column":104},"end":{"line":95,"column":153}}],"line":95},"17":{"loc":{"start":{"line":103,"column":0},"end":{"line":157,"column":1}},"type":"if","locations":[{"start":{"line":103,"column":0},"end":{"line":157,"column":1}},{"start":{},"end":{}}],"line":103},"18":{"loc":{"start":{"line":110,"column":6},"end":{"line":124,"column":7}},"type":"if","locations":[{"start":{"line":110,"column":6},"end":{"line":124,"column":7}},{"start":{},"end":{}}],"line":110},"19":{"loc":{"start":{"line":114,"column":8},"end":{"line":123,"column":9}},"type":"if","locations":[{"start":{"line":114,"column":8},"end":{"line":123,"column":9}},{"start":{},"end":{}}],"line":114},"20":{"loc":{"start":{"line":114,"column":12},"end":{"line":114,"column":44}},"type":"binary-expr","locations":[{"start":{"line":114,"column":12},"end":{"line":114,"column":17}},{"start":{"line":114,"column":21},"end":{"line":114,"column":44}}],"line":114},"21":{"loc":{"start":{"line":116,"column":10},"end":{"line":121,"column":35}},"type":"if","locations":[{"start":{"line":116,"column":10},"end":{"line":121,"column":35}},{"start":{"line":117,"column":15},"end":{"line":121,"column":35}}],"line":116},"22":{"loc":{"start":{"line":117,"column":15},"end":{"line":121,"column":35}},"type":"if","locations":[{"start":{"line":117,"column":15},"end":{"line":121,"column":35}},{"start":{"line":119,"column":15},"end":{"line":121,"column":35}}],"line":117},"23":{"loc":{"start":{"line":119,"column":15},"end":{"line":121,"column":35}},"type":"if","locations":[{"start":{"line":119,"column":15},"end":{"line":121,"column":35}},{"start":{"line":121,"column":15},"end":{"line":121,"column":35}}],"line":119},"24":{"loc":{"start":{"line":132,"column":13},"end":{"line":132,"column":51}},"type":"binary-expr","locations":[{"start":{"line":132,"column":13},"end":{"line":132,"column":26}},{"start":{"line":132,"column":30},"end":{"line":132,"column":51}}],"line":132},"25":{"loc":{"start":{"line":133,"column":19},"end":{"line":133,"column":36}},"type":"binary-expr","locations":[{"start":{"line":133,"column":19},"end":{"line":133,"column":31}},{"start":{"line":133,"column":35},"end":{"line":133,"column":36}}],"line":133},"26":{"loc":{"start":{"line":134,"column":19},"end":{"line":134,"column":35}},"type":"binary-expr","locations":[{"start":{"line":134,"column":19},"end":{"line":134,"column":30}},{"start":{"line":134,"column":34},"end":{"line":134,"column":35}}],"line":134},"27":{"loc":{"start":{"line":141,"column":17},"end":{"line":141,"column":38}},"type":"binary-expr","locations":[{"start":{"line":141,"column":17},"end":{"line":141,"column":29}},{"start":{"line":141,"column":33},"end":{"line":141,"column":38}}],"line":141},"28":{"loc":{"start":{"line":144,"column":2},"end":{"line":154,"column":3}},"type":"switch","locations":[{"start":{"line":145,"column":4},"end":{"line":147,"column":12}},{"start":{"line":148,"column":4},"end":{"line":150,"column":12}},{"start":{"line":151,"column":4},"end":{"line":151,"column":15}},{"start":{"line":152,"column":4},"end":{"line":153,"column":52}}],"line":144}},"s":{"0":3,"1":3,"2":3,"3":3,"4":3,"5":1,"6":1,"7":1,"8":2,"9":1,"10":1,"11":1,"12":1,"13":1,"14":1,"15":3,"16":3,"17":3,"18":3,"19":3,"20":3,"21":3,"22":5,"23":4,"24":1,"25":1,"26":1,"27":1,"28":23,"29":21,"30":2,"31":2,"32":2,"33":1,"34":1,"35":1,"36":3,"37":3,"38":3,"39":1,"40":2,"41":1,"42":3,"43":2,"44":2,"45":2,"46":1,"47":1,"48":0,"49":2,"50":1,"51":0,"52":0,"53":0,"54":0,"55":0,"56":0,"57":0,"58":0,"59":0,"60":0,"61":0,"62":0,"63":0,"64":0,"65":0,"66":0,"67":0,"68":0,"69":0,"70":0,"71":0,"72":0,"73":0,"74":0,"75":0,"76":0,"77":0,"78":0,"79":0,"80":1},"f":{"0":3,"1":3,"2":5,"3":3,"4":2,"5":0},"b":{"0":[1,2],"1":[3,1],"2":[1,1],"3":[1,0],"4":[4,1],"5":[21,2],"6":[20,1],"7":[2,0],"8":[1,0],"9":[1,2],"10":[3,1],"11":[1,1],"12":[1,0],"13":[1,1],"14":[2,1],"15":[0,1],"16":[0,0],"17":[0,1],"18":[0,0],"19":[0,0],"20":[0,0],"21":[0,0],"22":[0,0],"23":[0,0],"24":[0,0],"25":[0,0],"26":[0,0],"27":[0,0],"28":[0,0,0,0]},"_coverageSchema":"1a1c01bbd47fc00a2c39e90264f33305004495a9","hash":"f2b4e6635ae8cdbd28dbfb4693a8cb805e05fda0"}
,"/Users/paris/Documents/ParisCodes/BibleFocusApp/biblefocustimer/.opencode/skills/sequential-thinking/scripts/process-thought.js": {"path":"/Users/paris/Documents/ParisCodes/BibleFocusApp/biblefocustimer/.opencode/skills/sequential-thinking/scripts/process-thought.js","statementMap":{"0":{"start":{"line":15,"column":11},"end":{"line":15,"column":24}},"1":{"start":{"line":16,"column":13},"end":{"line":16,"column":28}},"2":{"start":{"line":19,"column":21},"end":{"line":19,"column":66}},"3":{"start":{"line":20,"column":24},"end":{"line":20,"column":85}},"4":{"start":{"line":24,"column":4},"end":{"line":24,"column":23}},"5":{"start":{"line":28,"column":4},"end":{"line":40,"column":5}},"6":{"start":{"line":29,"column":6},"end":{"line":36,"column":7}},"7":{"start":{"line":30,"column":21},"end":{"line":30,"column":70}},"8":{"start":{"line":31,"column":8},"end":{"line":31,"column":56}},"9":{"start":{"line":32,"column":8},"end":{"line":32,"column":44}},"10":{"start":{"line":34,"column":8},"end":{"line":34,"column":33}},"11":{"start":{"line":35,"column":8},"end":{"line":35,"column":27}},"12":{"start":{"line":38,"column":6},"end":{"line":38,"column":31}},"13":{"start":{"line":39,"column":6},"end":{"line":39,"column":25}},"14":{"start":{"line":44,"column":4},"end":{"line":50,"column":6}},"15":{"start":{"line":54,"column":4},"end":{"line":54,"column":29}},"16":{"start":{"line":55,"column":4},"end":{"line":55,"column":23}},"17":{"start":{"line":56,"column":4},"end":{"line":58,"column":5}},"18":{"start":{"line":57,"column":6},"end":{"line":57,"column":34}},"19":{"start":{"line":62,"column":19},"end":{"line":62,"column":21}},"20":{"start":{"line":64,"column":4},"end":{"line":66,"column":5}},"21":{"start":{"line":65,"column":6},"end":{"line":65,"column":65}},"22":{"start":{"line":68,"column":4},"end":{"line":70,"column":5}},"23":{"start":{"line":69,"column":6},"end":{"line":69,"column":70}},"24":{"start":{"line":72,"column":4},"end":{"line":74,"column":5}},"25":{"start":{"line":73,"column":6},"end":{"line":73,"column":70}},"26":{"start":{"line":76,"column":4},"end":{"line":78,"column":5}},"27":{"start":{"line":77,"column":6},"end":{"line":77,"column":66}},"28":{"start":{"line":81,"column":4},"end":{"line":83,"column":5}},"29":{"start":{"line":82,"column":6},"end":{"line":82,"column":59}},"30":{"start":{"line":85,"column":4},"end":{"line":87,"column":5}},"31":{"start":{"line":86,"column":6},"end":{"line":86,"column":71}},"32":{"start":{"line":89,"column":4},"end":{"line":91,"column":5}},"33":{"start":{"line":90,"column":6},"end":{"line":90,"column":74}},"34":{"start":{"line":93,"column":4},"end":{"line":95,"column":5}},"35":{"start":{"line":94,"column":6},"end":{"line":94,"column":56}},"36":{"start":{"line":97,"column":4},"end":{"line":99,"column":5}},"37":{"start":{"line":98,"column":6},"end":{"line":98,"column":66}},"38":{"start":{"line":101,"column":4},"end":{"line":101,"column":18}},"39":{"start":{"line":105,"column":19},"end":{"line":105,"column":46}},"40":{"start":{"line":107,"column":4},"end":{"line":113,"column":5}},"41":{"start":{"line":108,"column":6},"end":{"line":112,"column":8}},"42":{"start":{"line":116,"column":4},"end":{"line":118,"column":5}},"43":{"start":{"line":117,"column":6},"end":{"line":117,"column":48}},"44":{"start":{"line":121,"column":24},"end":{"line":132,"column":5}},"45":{"start":{"line":135,"column":4},"end":{"line":135,"column":42}},"46":{"start":{"line":138,"column":4},"end":{"line":143,"column":5}},"47":{"start":{"line":139,"column":6},"end":{"line":141,"column":7}},"48":{"start":{"line":140,"column":8},"end":{"line":140,"column":49}},"49":{"start":{"line":142,"column":6},"end":{"line":142,"column":60}},"50":{"start":{"line":146,"column":4},"end":{"line":146,"column":23}},"51":{"start":{"line":148,"column":4},"end":{"line":156,"column":6}},"52":{"start":{"line":160,"column":4},"end":{"line":164,"column":6}},"53":{"start":{"line":169,"column":0},"end":{"line":234,"column":1}},"54":{"start":{"line":170,"column":15},"end":{"line":170,"column":36}},"55":{"start":{"line":171,"column":20},"end":{"line":171,"column":42}},"56":{"start":{"line":174,"column":20},"end":{"line":203,"column":3}},"57":{"start":{"line":175,"column":19},"end":{"line":175,"column":21}},"58":{"start":{"line":176,"column":4},"end":{"line":201,"column":5}},"59":{"start":{"line":176,"column":17},"end":{"line":176,"column":18}},"60":{"start":{"line":177,"column":18},"end":{"line":177,"column":25}},"61":{"start":{"line":178,"column":6},"end":{"line":200,"column":7}},"62":{"start":{"line":179,"column":20},"end":{"line":179,"column":32}},"63":{"start":{"line":180,"column":22},"end":{"line":180,"column":33}},"64":{"start":{"line":182,"column":8},"end":{"line":184,"column":9}},"65":{"start":{"line":183,"column":10},"end":{"line":183,"column":33}},"66":{"start":{"line":186,"column":8},"end":{"line":188,"column":9}},"67":{"start":{"line":187,"column":10},"end":{"line":187,"column":35}},"68":{"start":{"line":190,"column":8},"end":{"line":199,"column":9}},"69":{"start":{"line":192,"column":10},"end":{"line":197,"column":35}},"70":{"start":{"line":192,"column":32},"end":{"line":192,"column":51}},"71":{"start":{"line":193,"column":15},"end":{"line":197,"column":35}},"72":{"start":{"line":193,"column":38},"end":{"line":193,"column":58}},"73":{"start":{"line":195,"column":15},"end":{"line":197,"column":35}},"74":{"start":{"line":195,"column":34},"end":{"line":195,"column":66}},"75":{"start":{"line":197,"column":15},"end":{"line":197,"column":35}},"76":{"start":{"line":198,"column":10},"end":{"line":198,"column":14}},"77":{"start":{"line":202,"column":4},"end":{"line":202,"column":18}},"78":{"start":{"line":205,"column":16},"end":{"line":205,"column":31}},"79":{"start":{"line":207,"column":2},"end":{"line":211,"column":3}},"80":{"start":{"line":208,"column":4},"end":{"line":208,"column":29}},"81":{"start":{"line":209,"column":4},"end":{"line":209,"column":86}},"82":{"start":{"line":210,"column":4},"end":{"line":210,"column":20}},"83":{"start":{"line":213,"column":2},"end":{"line":216,"column":3}},"84":{"start":{"line":214,"column":4},"end":{"line":214,"column":65}},"85":{"start":{"line":215,"column":4},"end":{"line":215,"column":20}},"86":{"start":{"line":219,"column":23},"end":{"line":229,"column":3}},"87":{"start":{"line":231,"column":17},"end":{"line":231,"column":55}},"88":{"start":{"line":232,"column":2},"end":{"line":232,"column":47}},"89":{"start":{"line":233,"column":2},"end":{"line":233,"column":39}},"90":{"start":{"line":236,"column":0},"end":{"line":236,"column":38}}},"fnMap":{"0":{"name":"(anonymous_0)","decl":{"start":{"line":23,"column":2},"end":{"line":23,"column":3}},"loc":{"start":{"line":23,"column":16},"end":{"line":25,"column":3}},"line":23},"1":{"name":"(anonymous_1)","decl":{"start":{"line":27,"column":2},"end":{"line":27,"column":3}},"loc":{"start":{"line":27,"column":16},"end":{"line":41,"column":3}},"line":27},"2":{"name":"(anonymous_2)","decl":{"start":{"line":43,"column":2},"end":{"line":43,"column":3}},"loc":{"start":{"line":43,"column":16},"end":{"line":51,"column":3}},"line":43},"3":{"name":"(anonymous_3)","decl":{"start":{"line":53,"column":2},"end":{"line":53,"column":3}},"loc":{"start":{"line":53,"column":17},"end":{"line":59,"column":3}},"line":53},"4":{"name":"(anonymous_4)","decl":{"start":{"line":61,"column":2},"end":{"line":61,"column":3}},"loc":{"start":{"line":61,"column":25},"end":{"line":102,"column":3}},"line":61},"5":{"name":"(anonymous_5)","decl":{"start":{"line":104,"column":2},"end":{"line":104,"column":3}},"loc":{"start":{"line":104,"column":24},"end":{"line":157,"column":3}},"line":104},"6":{"name":"(anonymous_6)","decl":{"start":{"line":159,"column":2},"end":{"line":159,"column":3}},"loc":{"start":{"line":159,"column":15},"end":{"line":165,"column":3}},"line":159},"7":{"name":"(anonymous_7)","decl":{"start":{"line":174,"column":20},"end":{"line":174,"column":21}},"loc":{"start":{"line":174,"column":30},"end":{"line":203,"column":3}},"line":174}},"branchMap":{"0":{"loc":{"start":{"line":29,"column":6},"end":{"line":36,"column":7}},"type":"if","locations":[{"start":{"line":29,"column":6},"end":{"line":36,"column":7}},{"start":{"line":33,"column":13},"end":{"line":36,"column":7}}],"line":29},"1":{"loc":{"start":{"line":31,"column":30},"end":{"line":31,"column":55}},"type":"binary-expr","locations":[{"start":{"line":31,"column":30},"end":{"line":31,"column":49}},{"start":{"line":31,"column":53},"end":{"line":31,"column":55}}],"line":31},"2":{"loc":{"start":{"line":32,"column":24},"end":{"line":32,"column":43}},"type":"binary-expr","locations":[{"start":{"line":32,"column":24},"end":{"line":32,"column":37}},{"start":{"line":32,"column":41},"end":{"line":32,"column":43}}],"line":32},"3":{"loc":{"start":{"line":56,"column":4},"end":{"line":58,"column":5}},"type":"if","locations":[{"start":{"line":56,"column":4},"end":{"line":58,"column":5}},{"start":{},"end":{}}],"line":56},"4":{"loc":{"start":{"line":64,"column":4},"end":{"line":66,"column":5}},"type":"if","locations":[{"start":{"line":64,"column":4},"end":{"line":66,"column":5}},{"start":{},"end":{}}],"line":64},"5":{"loc":{"start":{"line":64,"column":8},"end":{"line":64,"column":90}},"type":"binary-expr","locations":[{"start":{"line":64,"column":8},"end":{"line":64,"column":22}},{"start":{"line":64,"column":26},"end":{"line":64,"column":59}},{"start":{"line":64,"column":63},"end":{"line":64,"column":90}}],"line":64},"6":{"loc":{"start":{"line":68,"column":4},"end":{"line":70,"column":5}},"type":"if","locations":[{"start":{"line":68,"column":4},"end":{"line":70,"column":5}},{"start":{},"end":{}}],"line":68},"7":{"loc":{"start":{"line":68,"column":8},"end":{"line":68,"column":98}},"type":"binary-expr","locations":[{"start":{"line":68,"column":8},"end":{"line":68,"column":28}},{"start":{"line":68,"column":32},"end":{"line":68,"column":71}},{"start":{"line":68,"column":75},"end":{"line":68,"column":98}}],"line":68},"8":{"loc":{"start":{"line":72,"column":4},"end":{"line":74,"column":5}},"type":"if","locations":[{"start":{"line":72,"column":4},"end":{"line":74,"column":5}},{"start":{},"end":{}}],"line":72},"9":{"loc":{"start":{"line":72,"column":8},"end":{"line":72,"column":98}},"type":"binary-expr","locations":[{"start":{"line":72,"column":8},"end":{"line":72,"column":28}},{"start":{"line":72,"column":32},"end":{"line":72,"column":71}},{"start":{"line":72,"column":75},"end":{"line":72,"column":98}}],"line":72},"10":{"loc":{"start":{"line":76,"column":4},"end":{"line":78,"column":5}},"type":"if","locations":[{"start":{"line":76,"column":4},"end":{"line":78,"column":5}},{"start":{},"end":{}}],"line":76},"11":{"loc":{"start":{"line":81,"column":4},"end":{"line":83,"column":5}},"type":"if","locations":[{"start":{"line":81,"column":4},"end":{"line":83,"column":5}},{"start":{},"end":{}}],"line":81},"12":{"loc":{"start":{"line":81,"column":8},"end":{"line":81,"column":79}},"type":"binary-expr","locations":[{"start":{"line":81,"column":8},"end":{"line":81,"column":38}},{"start":{"line":81,"column":42},"end":{"line":81,"column":79}}],"line":81},"13":{"loc":{"start":{"line":85,"column":4},"end":{"line":87,"column":5}},"type":"if","locations":[{"start":{"line":85,"column":4},"end":{"line":87,"column":5}},{"start":{},"end":{}}],"line":85},"14":{"loc":{"start":{"line":85,"column":8},"end":{"line":85,"column":116}},"type":"binary-expr","locations":[{"start":{"line":85,"column":8},"end":{"line":85,"column":42}},{"start":{"line":85,"column":47},"end":{"line":85,"column":87}},{"start":{"line":85,"column":91},"end":{"line":85,"column":115}}],"line":85},"15":{"loc":{"start":{"line":89,"column":4},"end":{"line":91,"column":5}},"type":"if","locations":[{"start":{"line":89,"column":4},"end":{"line":91,"column":5}},{"start":{},"end":{}}],"line":89},"16":{"loc":{"start":{"line":89,"column":8},"end":{"line":89,"column":125}},"type":"binary-expr","locations":[{"start":{"line":89,"column":8},"end":{"line":89,"column":45}},{"start":{"line":89,"column":50},"end":{"line":89,"column":93}},{"start":{"line":89,"column":97},"end":{"line":89,"column":124}}],"line":89},"17":{"loc":{"start":{"line":93,"column":4},"end":{"line":95,"column":5}},"type":"if","locations":[{"start":{"line":93,"column":4},"end":{"line":95,"column":5}},{"start":{},"end":{}}],"line":93},"18":{"loc":{"start":{"line":93,"column":8},"end":{"line":93,"column":74}},"type":"binary-expr","locations":[{"start":{"line":93,"column":8},"end":{"line":93,"column":36}},{"start":{"line":93,"column":40},"end":{"line":93,"column":74}}],"line":93},"19":{"loc":{"start":{"line":97,"column":4},"end":{"line":99,"column":5}},"type":"if","locations":[{"start":{"line":97,"column":4},"end":{"line":99,"column":5}},{"start":{},"end":{}}],"line":97},"20":{"loc":{"start":{"line":97,"column":8},"end":{"line":97,"column":93}},"type":"binary-expr","locations":[{"start":{"line":97,"column":8},"end":{"line":97,"column":45}},{"start":{"line":97,"column":49},"end":{"line":97,"column":93}}],"line":97},"21":{"loc":{"start":{"line":107,"column":4},"end":{"line":113,"column":5}},"type":"if","locations":[{"start":{"line":107,"column":4},"end":{"line":113,"column":5}},{"start":{},"end":{}}],"line":107},"22":{"loc":{"start":{"line":116,"column":4},"end":{"line":118,"column":5}},"type":"if","locations":[{"start":{"line":116,"column":4},"end":{"line":118,"column":5}},{"start":{},"end":{}}],"line":116},"23":{"loc":{"start":{"line":138,"column":4},"end":{"line":143,"column":5}},"type":"if","locations":[{"start":{"line":138,"column":4},"end":{"line":143,"column":5}},{"start":{},"end":{}}],"line":138},"24":{"loc":{"start":{"line":138,"column":8},"end":{"line":138,"column":61}},"type":"binary-expr","locations":[{"start":{"line":138,"column":8},"end":{"line":138,"column":37}},{"start":{"line":138,"column":41},"end":{"line":138,"column":61}}],"line":138},"25":{"loc":{"start":{"line":139,"column":6},"end":{"line":141,"column":7}},"type":"if","locations":[{"start":{"line":139,"column":6},"end":{"line":141,"column":7}},{"start":{},"end":{}}],"line":139},"26":{"loc":{"start":{"line":169,"column":0},"end":{"line":234,"column":1}},"type":"if","locations":[{"start":{"line":169,"column":0},"end":{"line":234,"column":1}},{"start":{},"end":{}}],"line":169},"27":{"loc":{"start":{"line":178,"column":6},"end":{"line":200,"column":7}},"type":"if","locations":[{"start":{"line":178,"column":6},"end":{"line":200,"column":7}},{"start":{},"end":{}}],"line":178},"28":{"loc":{"start":{"line":182,"column":8},"end":{"line":184,"column":9}},"type":"if","locations":[{"start":{"line":182,"column":8},"end":{"line":184,"column":9}},{"start":{},"end":{}}],"line":182},"29":{"loc":{"start":{"line":186,"column":8},"end":{"line":188,"column":9}},"type":"if","locations":[{"start":{"line":186,"column":8},"end":{"line":188,"column":9}},{"start":{},"end":{}}],"line":186},"30":{"loc":{"start":{"line":190,"column":8},"end":{"line":199,"column":9}},"type":"if","locations":[{"start":{"line":190,"column":8},"end":{"line":199,"column":9}},{"start":{},"end":{}}],"line":190},"31":{"loc":{"start":{"line":190,"column":12},"end":{"line":190,"column":44}},"type":"binary-expr","locations":[{"start":{"line":190,"column":12},"end":{"line":190,"column":17}},{"start":{"line":190,"column":21},"end":{"line":190,"column":44}}],"line":190},"32":{"loc":{"start":{"line":192,"column":10},"end":{"line":197,"column":35}},"type":"if","locations":[{"start":{"line":192,"column":10},"end":{"line":197,"column":35}},{"start":{"line":193,"column":15},"end":{"line":197,"column":35}}],"line":192},"33":{"loc":{"start":{"line":193,"column":15},"end":{"line":197,"column":35}},"type":"if","locations":[{"start":{"line":193,"column":15},"end":{"line":197,"column":35}},{"start":{"line":195,"column":15},"end":{"line":197,"column":35}}],"line":193},"34":{"loc":{"start":{"line":195,"column":15},"end":{"line":197,"column":35}},"type":"if","locations":[{"start":{"line":195,"column":15},"end":{"line":197,"column":35}},{"start":{"line":197,"column":15},"end":{"line":197,"column":35}}],"line":195},"35":{"loc":{"start":{"line":207,"column":2},"end":{"line":211,"column":3}},"type":"if","locations":[{"start":{"line":207,"column":2},"end":{"line":211,"column":3}},{"start":{},"end":{}}],"line":207},"36":{"loc":{"start":{"line":213,"column":2},"end":{"line":216,"column":3}},"type":"if","locations":[{"start":{"line":213,"column":2},"end":{"line":216,"column":3}},{"start":{},"end":{}}],"line":213},"37":{"loc":{"start":{"line":224,"column":16},"end":{"line":224,"column":70}},"type":"cond-expr","locations":[{"start":{"line":224,"column":47},"end":{"line":224,"column":51}},{"start":{"line":224,"column":54},"end":{"line":224,"column":70}}],"line":224},"38":{"loc":{"start":{"line":233,"column":15},"end":{"line":233,"column":37}},"type":"cond-expr","locations":[{"start":{"line":233,"column":32},"end":{"line":233,"column":33}},{"start":{"line":233,"column":36},"end":{"line":233,"column":37}}],"line":233}},"s":{"0":1,"1":1,"2":1,"3":1,"4":12,"5":12,"6":12,"7":1,"8":1,"9":1,"10":11,"11":11,"12":0,"13":0,"14":12,"15":1,"16":1,"17":1,"18":1,"19":16,"20":16,"21":2,"22":16,"23":1,"24":16,"25":0,"26":16,"27":1,"28":16,"29":0,"30":16,"31":0,"32":16,"33":0,"34":16,"35":0,"36":16,"37":0,"38":16,"39":16,"40":16,"41":4,"42":12,"43":1,"44":12,"45":12,"46":12,"47":2,"48":2,"49":2,"50":12,"51":12,"52":2,"53":1,"54":0,"55":0,"56":0,"57":0,"58":0,"59":0,"60":0,"61":0,"62":0,"63":0,"64":0,"65":0,"66":0,"67":0,"68":0,"69":0,"70":0,"71":0,"72":0,"73":0,"74":0,"75":0,"76":0,"77":0,"78":0,"79":0,"80":0,"81":0,"82":0,"83":0,"84":0,"85":0,"86":0,"87":0,"88":0,"89":0,"90":1},"f":{"0":12,"1":12,"2":12,"3":1,"4":16,"5":16,"6":2,"7":0},"b":{"0":[1,11],"1":[1,0],"2":[1,0],"3":[1,0],"4":[2,14],"5":[16,15,15],"6":[1,15],"7":[16,15,15],"8":[0,16],"9":[16,16,16],"10":[1,15],"11":[0,16],"12":[16,1],"13":[0,16],"14":[16,1,1],"15":[0,16],"16":[16,2,2],"17":[0,16],"18":[16,2],"19":[0,16],"20":[16,0],"21":[4,12],"22":[1,11],"23":[2,10],"24":[12,2],"25":[2,0],"26":[0,1],"27":[0,0],"28":[0,0],"29":[0,0],"30":[0,0],"31":[0,0],"32":[0,0],"33":[0,0],"34":[0,0],"35":[0,0],"36":[0,0],"37":[0,0],"38":[0,0]},"_coverageSchema":"1a1c01bbd47fc00a2c39e90264f33305004495a9","hash":"1f3de605df3acf3db1f2cf777a7db0919d28cb65"}
,"/Users/paris/Documents/ParisCodes/BibleFocusApp/biblefocustimer/src/data/reflections.js": {"path":"/Users/paris/Documents/ParisCodes/BibleFocusApp/biblefocustimer/src/data/reflections.js","statementMap":{"0":{"start":{"line":7,"column":20},"end":{"line":32,"column":1}}},"fnMap":{},"branchMap":{},"s":{"0":1},"f":{},"b":{},"_coverageSchema":"1a1c01bbd47fc00a2c39e90264f33305004495a9","hash":"cf6f1552ac6135e0539a86aafd3df6c79cd2089b"}
,"/Users/paris/Documents/ParisCodes/BibleFocusApp/biblefocustimer/src/data/verses.js": {"path":"/Users/paris/Documents/ParisCodes/BibleFocusApp/biblefocustimer/src/data/verses.js","statementMap":{"0":{"start":{"line":7,"column":15},"end":{"line":459,"column":1}}},"fnMap":{},"branchMap":{},"s":{"0":1},"f":{},"b":{},"_coverageSchema":"1a1c01bbd47fc00a2c39e90264f33305004495a9","hash":"5a9b7d1a1519f13af1af4a68d8089b412d9b9c03"}
,"/Users/paris/Documents/ParisCodes/BibleFocusApp/biblefocustimer/src/popup/useStorage.js": {"path":"/Users/paris/Documents/ParisCodes/BibleFocusApp/biblefocustimer/src/popup/useStorage.js","statementMap":{"0":{"start":{"line":3,"column":25},"end":{"line":12,"column":1}},"1":{"start":{"line":18,"column":34},"end":{"line":18,"column":60}},"2":{"start":{"line":19,"column":30},"end":{"line":19,"column":45}},"3":{"start":{"line":21,"column":2},"end":{"line":42,"column":9}},"4":{"start":{"line":22,"column":4},"end":{"line":41,"column":5}},"5":{"start":{"line":23,"column":6},"end":{"line":30,"column":9}},"6":{"start":{"line":24,"column":8},"end":{"line":28,"column":9}},"7":{"start":{"line":25,"column":10},"end":{"line":25,"column":98}},"8":{"start":{"line":26,"column":15},"end":{"line":28,"column":9}},"9":{"start":{"line":27,"column":10},"end":{"line":27,"column":67}},"10":{"start":{"line":29,"column":8},"end":{"line":29,"column":24}},"11":{"start":{"line":32,"column":6},"end":{"line":39,"column":7}},"12":{"start":{"line":33,"column":23},"end":{"line":33,"column":61}},"13":{"start":{"line":34,"column":8},"end":{"line":36,"column":9}},"14":{"start":{"line":35,"column":10},"end":{"line":35,"column":70}},"15":{"start":{"line":38,"column":8},"end":{"line":38,"column":71}},"16":{"start":{"line":40,"column":6},"end":{"line":40,"column":22}},"17":{"start":{"line":44,"column":25},"end":{"line":64,"column":3}},"18":{"start":{"line":45,"column":19},"end":{"line":45,"column":50}},"19":{"start":{"line":46,"column":4},"end":{"line":46,"column":24}},"20":{"start":{"line":48,"column":4},"end":{"line":63,"column":5}},"21":{"start":{"line":49,"column":6},"end":{"line":53,"column":9}},"22":{"start":{"line":50,"column":8},"end":{"line":52,"column":9}},"23":{"start":{"line":51,"column":10},"end":{"line":51,"column":96}},"24":{"start":{"line":55,"column":6},"end":{"line":62,"column":7}},"25":{"start":{"line":56,"column":8},"end":{"line":56,"column":71}},"26":{"start":{"line":58,"column":8},"end":{"line":58,"column":69}},"27":{"start":{"line":59,"column":8},"end":{"line":61,"column":9}},"28":{"start":{"line":60,"column":10},"end":{"line":60,"column":78}},"29":{"start":{"line":66,"column":2},"end":{"line":66,"column":46}}},"fnMap":{"0":{"name":"useSettings","decl":{"start":{"line":17,"column":16},"end":{"line":17,"column":27}},"loc":{"start":{"line":17,"column":30},"end":{"line":67,"column":1}},"line":17},"1":{"name":"(anonymous_1)","decl":{"start":{"line":21,"column":12},"end":{"line":21,"column":13}},"loc":{"start":{"line":21,"column":18},"end":{"line":42,"column":3}},"line":21},"2":{"name":"(anonymous_2)","decl":{"start":{"line":23,"column":42},"end":{"line":23,"column":43}},"loc":{"start":{"line":23,"column":54},"end":{"line":30,"column":7}},"line":23},"3":{"name":"(anonymous_3)","decl":{"start":{"line":44,"column":25},"end":{"line":44,"column":26}},"loc":{"start":{"line":44,"column":42},"end":{"line":64,"column":3}},"line":44},"4":{"name":"(anonymous_4)","decl":{"start":{"line":49,"column":52},"end":{"line":49,"column":53}},"loc":{"start":{"line":49,"column":58},"end":{"line":53,"column":7}},"line":49}},"branchMap":{"0":{"loc":{"start":{"line":22,"column":4},"end":{"line":41,"column":5}},"type":"if","locations":[{"start":{"line":22,"column":4},"end":{"line":41,"column":5}},{"start":{"line":31,"column":11},"end":{"line":41,"column":5}}],"line":22},"1":{"loc":{"start":{"line":22,"column":8},"end":{"line":22,"column":78}},"type":"binary-expr","locations":[{"start":{"line":22,"column":8},"end":{"line":22,"column":37}},{"start":{"line":22,"column":41},"end":{"line":22,"column":55}},{"start":{"line":22,"column":59},"end":{"line":22,"column":78}}],"line":22},"2":{"loc":{"start":{"line":24,"column":8},"end":{"line":28,"column":9}},"type":"if","locations":[{"start":{"line":24,"column":8},"end":{"line":28,"column":9}},{"start":{"line":26,"column":15},"end":{"line":28,"column":9}}],"line":24},"3":{"loc":{"start":{"line":26,"column":15},"end":{"line":28,"column":9}},"type":"if","locations":[{"start":{"line":26,"column":15},"end":{"line":28,"column":9}},{"start":{},"end":{}}],"line":26},"4":{"loc":{"start":{"line":34,"column":8},"end":{"line":36,"column":9}},"type":"if","locations":[{"start":{"line":34,"column":8},"end":{"line":36,"column":9}},{"start":{},"end":{}}],"line":34},"5":{"loc":{"start":{"line":48,"column":4},"end":{"line":63,"column":5}},"type":"if","locations":[{"start":{"line":48,"column":4},"end":{"line":63,"column":5}},{"start":{"line":54,"column":11},"end":{"line":63,"column":5}}],"line":48},"6":{"loc":{"start":{"line":48,"column":8},"end":{"line":48,"column":78}},"type":"binary-expr","locations":[{"start":{"line":48,"column":8},"end":{"line":48,"column":37}},{"start":{"line":48,"column":41},"end":{"line":48,"column":55}},{"start":{"line":48,"column":59},"end":{"line":48,"column":78}}],"line":48},"7":{"loc":{"start":{"line":50,"column":8},"end":{"line":52,"column":9}},"type":"if","locations":[{"start":{"line":50,"column":8},"end":{"line":52,"column":9}},{"start":{},"end":{}}],"line":50},"8":{"loc":{"start":{"line":59,"column":8},"end":{"line":61,"column":9}},"type":"if","locations":[{"start":{"line":59,"column":8},"end":{"line":61,"column":9}},{"start":{},"end":{}}],"line":59}},"s":{"0":1,"1":8,"2":8,"3":8,"4":3,"5":0,"6":0,"7":0,"8":0,"9":0,"10":0,"11":3,"12":3,"13":3,"14":0,"15":0,"16":3,"17":8,"18":2,"19":2,"20":2,"21":0,"22":0,"23":0,"24":2,"25":2,"26":0,"27":0,"28":0,"29":8},"f":{"0":8,"1":3,"2":0,"3":2,"4":0},"b":{"0":[0,3],"1":[3,3,3],"2":[0,0],"3":[0,0],"4":[0,3],"5":[0,2],"6":[2,2,2],"7":[0,0],"8":[0,0]},"_coverageSchema":"1a1c01bbd47fc00a2c39e90264f33305004495a9","hash":"0083fcbcb5d08e40a2124a386a62a13fd7c6d781"}
,"/Users/paris/Documents/ParisCodes/BibleFocusApp/biblefocustimer/src/popup/useTimer.js": {"path":"/Users/paris/Documents/ParisCodes/BibleFocusApp/biblefocustimer/src/popup/useTimer.js","statementMap":{"0":{"start":{"line":11,"column":28},"end":{"line":11,"column":44}},"1":{"start":{"line":12,"column":40},"end":{"line":12,"column":77}},"2":{"start":{"line":13,"column":36},"end":{"line":13,"column":51}},"3":{"start":{"line":14,"column":38},"end":{"line":14,"column":49}},"4":{"start":{"line":15,"column":40},"end":{"line":15,"column":55}},"5":{"start":{"line":16,"column":22},"end":{"line":16,"column":34}},"6":{"start":{"line":19,"column":2},"end":{"line":23,"column":38}},"7":{"start":{"line":20,"column":4},"end":{"line":22,"column":5}},"8":{"start":{"line":21,"column":6},"end":{"line":21,"column":50}},"9":{"start":{"line":26,"column":2},"end":{"line":50,"column":18}},"10":{"start":{"line":27,"column":4},"end":{"line":33,"column":5}},"11":{"start":{"line":28,"column":6},"end":{"line":31,"column":7}},"12":{"start":{"line":29,"column":8},"end":{"line":29,"column":43}},"13":{"start":{"line":30,"column":8},"end":{"line":30,"column":35}},"14":{"start":{"line":32,"column":6},"end":{"line":32,"column":13}},"15":{"start":{"line":35,"column":4},"end":{"line":42,"column":13}},"16":{"start":{"line":36,"column":6},"end":{"line":41,"column":9}},"17":{"start":{"line":37,"column":8},"end":{"line":39,"column":9}},"18":{"start":{"line":38,"column":10},"end":{"line":38,"column":19}},"19":{"start":{"line":40,"column":8},"end":{"line":40,"column":24}},"20":{"start":{"line":44,"column":4},"end":{"line":49,"column":6}},"21":{"start":{"line":45,"column":6},"end":{"line":48,"column":7}},"22":{"start":{"line":46,"column":8},"end":{"line":46,"column":43}},"23":{"start":{"line":47,"column":8},"end":{"line":47,"column":35}},"24":{"start":{"line":53,"column":28},"end":{"line":62,"column":16}},"25":{"start":{"line":54,"column":4},"end":{"line":61,"column":5}},"26":{"start":{"line":55,"column":6},"end":{"line":55,"column":27}},"27":{"start":{"line":56,"column":6},"end":{"line":56,"column":26}},"28":{"start":{"line":58,"column":6},"end":{"line":58,"column":24}},"29":{"start":{"line":59,"column":6},"end":{"line":59,"column":50}},"30":{"start":{"line":60,"column":6},"end":{"line":60,"column":25}},"31":{"start":{"line":65,"column":26},"end":{"line":99,"column":54}},"32":{"start":{"line":67,"column":4},"end":{"line":69,"column":5}},"33":{"start":{"line":68,"column":6},"end":{"line":68,"column":68}},"34":{"start":{"line":71,"column":4},"end":{"line":98,"column":5}},"35":{"start":{"line":72,"column":28},"end":{"line":72,"column":42}},"36":{"start":{"line":73,"column":6},"end":{"line":73,"column":35}},"37":{"start":{"line":76,"column":8},"end":{"line":77,"column":60}},"38":{"start":{"line":79,"column":6},"end":{"line":79,"column":38}},"39":{"start":{"line":81,"column":28},"end":{"line":83,"column":37}},"40":{"start":{"line":85,"column":6},"end":{"line":85,"column":24}},"41":{"start":{"line":86,"column":6},"end":{"line":86,"column":41}},"42":{"start":{"line":88,"column":6},"end":{"line":90,"column":7}},"43":{"start":{"line":89,"column":8},"end":{"line":89,"column":27}},"44":{"start":{"line":91,"column":11},"end":{"line":98,"column":5}},"45":{"start":{"line":92,"column":6},"end":{"line":92,"column":23}},"46":{"start":{"line":93,"column":6},"end":{"line":93,"column":50}},"47":{"start":{"line":95,"column":6},"end":{"line":97,"column":7}},"48":{"start":{"line":96,"column":8},"end":{"line":96,"column":28}},"49":{"start":{"line":102,"column":2},"end":{"line":107,"column":48}},"50":{"start":{"line":103,"column":4},"end":{"line":106,"column":5}},"51":{"start":{"line":104,"column":6},"end":{"line":104,"column":26}},"52":{"start":{"line":105,"column":6},"end":{"line":105,"column":24}},"53":{"start":{"line":109,"column":33},"end":{"line":113,"column":30}},"54":{"start":{"line":110,"column":4},"end":{"line":110,"column":22}},"55":{"start":{"line":111,"column":4},"end":{"line":111,"column":48}},"56":{"start":{"line":112,"column":4},"end":{"line":112,"column":23}},"57":{"start":{"line":115,"column":16},"end":{"line":117,"column":8}},"58":{"start":{"line":116,"column":4},"end":{"line":116,"column":24}},"59":{"start":{"line":119,"column":17},"end":{"line":123,"column":26}},"60":{"start":{"line":120,"column":4},"end":{"line":122,"column":5}},"61":{"start":{"line":121,"column":6},"end":{"line":121,"column":25}},"62":{"start":{"line":125,"column":16},"end":{"line":131,"column":30}},"63":{"start":{"line":126,"column":4},"end":{"line":126,"column":24}},"64":{"start":{"line":127,"column":4},"end":{"line":127,"column":21}},"65":{"start":{"line":128,"column":4},"end":{"line":128,"column":48}},"66":{"start":{"line":129,"column":4},"end":{"line":129,"column":21}},"67":{"start":{"line":130,"column":4},"end":{"line":130,"column":26}},"68":{"start":{"line":133,"column":20},"end":{"line":138,"column":30}},"69":{"start":{"line":134,"column":4},"end":{"line":134,"column":24}},"70":{"start":{"line":135,"column":4},"end":{"line":135,"column":21}},"71":{"start":{"line":136,"column":4},"end":{"line":136,"column":48}},"72":{"start":{"line":137,"column":4},"end":{"line":137,"column":26}},"73":{"start":{"line":140,"column":2},"end":{"line":152,"column":4}}},"fnMap":{"0":{"name":"useTimer","decl":{"start":{"line":10,"column":16},"end":{"line":10,"column":24}},"loc":{"start":{"line":10,"column":35},"end":{"line":153,"column":1}},"line":10},"1":{"name":"(anonymous_1)","decl":{"start":{"line":19,"column":12},"end":{"line":19,"column":13}},"loc":{"start":{"line":19,"column":18},"end":{"line":23,"column":3}},"line":19},"2":{"name":"(anonymous_2)","decl":{"start":{"line":26,"column":12},"end":{"line":26,"column":13}},"loc":{"start":{"line":26,"column":18},"end":{"line":50,"column":3}},"line":26},"3":{"name":"(anonymous_3)","decl":{"start":{"line":35,"column":38},"end":{"line":35,"column":39}},"loc":{"start":{"line":35,"column":44},"end":{"line":42,"column":5}},"line":35},"4":{"name":"(anonymous_4)","decl":{"start":{"line":36,"column":21},"end":{"line":36,"column":22}},"loc":{"start":{"line":36,"column":31},"end":{"line":41,"column":7}},"line":36},"5":{"name":"(anonymous_5)","decl":{"start":{"line":44,"column":11},"end":{"line":44,"column":12}},"loc":{"start":{"line":44,"column":17},"end":{"line":49,"column":5}},"line":44},"6":{"name":"(anonymous_6)","decl":{"start":{"line":53,"column":40},"end":{"line":53,"column":41}},"loc":{"start":{"line":53,"column":46},"end":{"line":62,"column":3}},"line":53},"7":{"name":"(anonymous_7)","decl":{"start":{"line":65,"column":38},"end":{"line":65,"column":39}},"loc":{"start":{"line":65,"column":44},"end":{"line":99,"column":3}},"line":65},"8":{"name":"(anonymous_8)","decl":{"start":{"line":102,"column":12},"end":{"line":102,"column":13}},"loc":{"start":{"line":102,"column":18},"end":{"line":107,"column":3}},"line":102},"9":{"name":"(anonymous_9)","decl":{"start":{"line":109,"column":45},"end":{"line":109,"column":46}},"loc":{"start":{"line":109,"column":51},"end":{"line":113,"column":3}},"line":109},"10":{"name":"(anonymous_10)","decl":{"start":{"line":115,"column":28},"end":{"line":115,"column":29}},"loc":{"start":{"line":115,"column":34},"end":{"line":117,"column":3}},"line":115},"11":{"name":"(anonymous_11)","decl":{"start":{"line":119,"column":29},"end":{"line":119,"column":30}},"loc":{"start":{"line":119,"column":35},"end":{"line":123,"column":3}},"line":119},"12":{"name":"(anonymous_12)","decl":{"start":{"line":125,"column":28},"end":{"line":125,"column":29}},"loc":{"start":{"line":125,"column":34},"end":{"line":131,"column":3}},"line":125},"13":{"name":"(anonymous_13)","decl":{"start":{"line":133,"column":32},"end":{"line":133,"column":33}},"loc":{"start":{"line":133,"column":38},"end":{"line":138,"column":3}},"line":133}},"branchMap":{"0":{"loc":{"start":{"line":20,"column":4},"end":{"line":22,"column":5}},"type":"if","locations":[{"start":{"line":20,"column":4},"end":{"line":22,"column":5}},{"start":{},"end":{}}],"line":20},"1":{"loc":{"start":{"line":27,"column":4},"end":{"line":33,"column":5}},"type":"if","locations":[{"start":{"line":27,"column":4},"end":{"line":33,"column":5}},{"start":{},"end":{}}],"line":27},"2":{"loc":{"start":{"line":28,"column":6},"end":{"line":31,"column":7}},"type":"if","locations":[{"start":{"line":28,"column":6},"end":{"line":31,"column":7}},{"start":{},"end":{}}],"line":28},"3":{"loc":{"start":{"line":37,"column":8},"end":{"line":39,"column":9}},"type":"if","locations":[{"start":{"line":37,"column":8},"end":{"line":39,"column":9}},{"start":{},"end":{}}],"line":37},"4":{"loc":{"start":{"line":45,"column":6},"end":{"line":48,"column":7}},"type":"if","locations":[{"start":{"line":45,"column":6},"end":{"line":48,"column":7}},{"start":{},"end":{}}],"line":45},"5":{"loc":{"start":{"line":54,"column":4},"end":{"line":61,"column":5}},"type":"if","locations":[{"start":{"line":54,"column":4},"end":{"line":61,"column":5}},{"start":{"line":57,"column":11},"end":{"line":61,"column":5}}],"line":54},"6":{"loc":{"start":{"line":67,"column":4},"end":{"line":69,"column":5}},"type":"if","locations":[{"start":{"line":67,"column":4},"end":{"line":69,"column":5}},{"start":{},"end":{}}],"line":67},"7":{"loc":{"start":{"line":67,"column":8},"end":{"line":67,"column":55}},"type":"binary-expr","locations":[{"start":{"line":67,"column":8},"end":{"line":67,"column":37}},{"start":{"line":67,"column":41},"end":{"line":67,"column":55}}],"line":67},"8":{"loc":{"start":{"line":71,"column":4},"end":{"line":98,"column":5}},"type":"if","locations":[{"start":{"line":71,"column":4},"end":{"line":98,"column":5}},{"start":{"line":91,"column":11},"end":{"line":98,"column":5}}],"line":71},"9":{"loc":{"start":{"line":76,"column":8},"end":{"line":77,"column":60}},"type":"binary-expr","locations":[{"start":{"line":76,"column":8},"end":{"line":76,"column":42}},{"start":{"line":77,"column":8},"end":{"line":77,"column":60}}],"line":76},"10":{"loc":{"start":{"line":81,"column":28},"end":{"line":83,"column":37}},"type":"cond-expr","locations":[{"start":{"line":82,"column":10},"end":{"line":82,"column":36}},{"start":{"line":83,"column":10},"end":{"line":83,"column":37}}],"line":81},"11":{"loc":{"start":{"line":88,"column":6},"end":{"line":90,"column":7}},"type":"if","locations":[{"start":{"line":88,"column":6},"end":{"line":90,"column":7}},{"start":{},"end":{}}],"line":88},"12":{"loc":{"start":{"line":91,"column":11},"end":{"line":98,"column":5}},"type":"if","locations":[{"start":{"line":91,"column":11},"end":{"line":98,"column":5}},{"start":{},"end":{}}],"line":91},"13":{"loc":{"start":{"line":95,"column":6},"end":{"line":97,"column":7}},"type":"if","locations":[{"start":{"line":95,"column":6},"end":{"line":97,"column":7}},{"start":{},"end":{}}],"line":95},"14":{"loc":{"start":{"line":103,"column":4},"end":{"line":106,"column":5}},"type":"if","locations":[{"start":{"line":103,"column":4},"end":{"line":106,"column":5}},{"start":{},"end":{}}],"line":103},"15":{"loc":{"start":{"line":103,"column":8},"end":{"line":103,"column":38}},"type":"binary-expr","locations":[{"start":{"line":103,"column":8},"end":{"line":103,"column":25}},{"start":{"line":103,"column":29},"end":{"line":103,"column":38}}],"line":103},"16":{"loc":{"start":{"line":120,"column":4},"end":{"line":122,"column":5}},"type":"if","locations":[{"start":{"line":120,"column":4},"end":{"line":122,"column":5}},{"start":{},"end":{}}],"line":120},"17":{"loc":{"start":{"line":120,"column":8},"end":{"line":120,"column":67}},"type":"binary-expr","locations":[{"start":{"line":120,"column":8},"end":{"line":120,"column":23}},{"start":{"line":120,"column":28},"end":{"line":120,"column":45}},{"start":{"line":120,"column":49},"end":{"line":120,"column":66}}],"line":120}},"s":{"0":19,"1":19,"2":19,"3":19,"4":19,"5":19,"6":19,"7":14,"8":8,"9":19,"10":14,"11":9,"12":0,"13":0,"14":9,"15":5,"16":1505,"17":1505,"18":1,"19":1504,"20":5,"21":5,"22":5,"23":5,"24":19,"25":5,"26":0,"27":0,"28":5,"29":5,"30":5,"31":19,"32":1,"33":1,"34":1,"35":1,"36":1,"37":1,"38":1,"39":1,"40":1,"41":1,"42":1,"43":0,"44":0,"45":0,"46":0,"47":0,"48":0,"49":19,"50":17,"51":1,"52":1,"53":19,"54":0,"55":0,"56":0,"57":19,"58":1,"59":19,"60":0,"61":0,"62":19,"63":1,"64":1,"65":1,"66":1,"67":1,"68":19,"69":1,"70":1,"71":1,"72":1,"73":19},"f":{"0":19,"1":14,"2":14,"3":1505,"4":1505,"5":5,"6":5,"7":1,"8":17,"9":0,"10":1,"11":0,"12":1,"13":1},"b":{"0":[8,6],"1":[9,5],"2":[0,9],"3":[1,1504],"4":[5,0],"5":[0,5],"6":[1,0],"7":[1,1],"8":[1,0],"9":[1,1],"10":[0,1],"11":[0,1],"12":[0,0],"13":[0,0],"14":[1,16],"15":[17,1],"16":[0,0],"17":[0,0,0]},"_coverageSchema":"1a1c01bbd47fc00a2c39e90264f33305004495a9","hash":"91349239d475c40546927aa5661ce1c2e7f2da02"}
,"/Users/paris/Documents/ParisCodes/BibleFocusApp/biblefocustimer/src/popup/useVerse.js": {"path":"/Users/paris/Documents/ParisCodes/BibleFocusApp/biblefocustimer/src/popup/useVerse.js","statementMap":{"0":{"start":{"line":9,"column":2},"end":{"line":9,"column":53}},"1":{"start":{"line":16,"column":42},"end":{"line":16,"column":56}},"2":{"start":{"line":17,"column":52},"end":{"line":17,"column":64}},"3":{"start":{"line":19,"column":28},"end":{"line":25,"column":22}},"4":{"start":{"line":20,"column":4},"end":{"line":22,"column":5}},"5":{"start":{"line":21,"column":6},"end":{"line":21,"column":20}},"6":{"start":{"line":23,"column":19},"end":{"line":23,"column":67}},"7":{"start":{"line":23,"column":40},"end":{"line":23,"column":66}},"8":{"start":{"line":24,"column":4},"end":{"line":24,"column":47}},"9":{"start":{"line":27,"column":22},"end":{"line":36,"column":47}},"10":{"start":{"line":28,"column":17},"end":{"line":28,"column":36}},"11":{"start":{"line":29,"column":18},"end":{"line":29,"column":34}},"12":{"start":{"line":30,"column":24},"end":{"line":30,"column":53}},"13":{"start":{"line":31,"column":4},"end":{"line":35,"column":7}},"14":{"start":{"line":38,"column":27},"end":{"line":41,"column":8}},"15":{"start":{"line":39,"column":17},"end":{"line":39,"column":80}},"16":{"start":{"line":40,"column":4},"end":{"line":40,"column":43}},"17":{"start":{"line":43,"column":2},"end":{"line":48,"column":4}}},"fnMap":{"0":{"name":"pickRandom","decl":{"start":{"line":8,"column":9},"end":{"line":8,"column":19}},"loc":{"start":{"line":8,"column":25},"end":{"line":10,"column":1}},"line":8},"1":{"name":"useVerse","decl":{"start":{"line":15,"column":16},"end":{"line":15,"column":24}},"loc":{"start":{"line":15,"column":35},"end":{"line":49,"column":1}},"line":15},"2":{"name":"(anonymous_2)","decl":{"start":{"line":19,"column":40},"end":{"line":19,"column":41}},"loc":{"start":{"line":19,"column":46},"end":{"line":25,"column":3}},"line":19},"3":{"name":"(anonymous_3)","decl":{"start":{"line":23,"column":33},"end":{"line":23,"column":34}},"loc":{"start":{"line":23,"column":40},"end":{"line":23,"column":66}},"line":23},"4":{"name":"(anonymous_4)","decl":{"start":{"line":27,"column":34},"end":{"line":27,"column":35}},"loc":{"start":{"line":27,"column":40},"end":{"line":36,"column":3}},"line":27},"5":{"name":"(anonymous_5)","decl":{"start":{"line":38,"column":39},"end":{"line":38,"column":40}},"loc":{"start":{"line":38,"column":49},"end":{"line":41,"column":3}},"line":38}},"branchMap":{"0":{"loc":{"start":{"line":20,"column":4},"end":{"line":22,"column":5}},"type":"if","locations":[{"start":{"line":20,"column":4},"end":{"line":22,"column":5}},{"start":{},"end":{}}],"line":20},"1":{"loc":{"start":{"line":24,"column":11},"end":{"line":24,"column":46}},"type":"cond-expr","locations":[{"start":{"line":24,"column":31},"end":{"line":24,"column":37}},{"start":{"line":24,"column":40},"end":{"line":24,"column":46}}],"line":24},"2":{"loc":{"start":{"line":30,"column":24},"end":{"line":30,"column":53}},"type":"binary-expr","locations":[{"start":{"line":30,"column":24},"end":{"line":30,"column":44}},{"start":{"line":30,"column":48},"end":{"line":30,"column":53}}],"line":30},"3":{"loc":{"start":{"line":33,"column":12},"end":{"line":33,"column":43}},"type":"binary-expr","locations":[{"start":{"line":33,"column":12},"end":{"line":33,"column":30}},{"start":{"line":33,"column":34},"end":{"line":33,"column":43}}],"line":33},"4":{"loc":{"start":{"line":39,"column":17},"end":{"line":39,"column":80}},"type":"cond-expr","locations":[{"start":{"line":39,"column":36},"end":{"line":39,"column":57}},{"start":{"line":39,"column":60},"end":{"line":39,"column":80}}],"line":39}},"s":{"0":4,"1":8,"2":8,"3":8,"4":3,"5":1,"6":2,"7":110,"8":2,"9":8,"10":3,"11":3,"12":3,"13":3,"14":8,"15":1,"16":1,"17":8},"f":{"0":4,"1":8,"2":3,"3":110,"4":3,"5":1},"b":{"0":[1,2],"1":[1,1],"2":[3,0],"3":[3,0],"4":[0,1]},"_coverageSchema":"1a1c01bbd47fc00a2c39e90264f33305004495a9","hash":"b03d69d62cd155dec58ec9ee8272cfa3533fe68b"}
}
