TN:
SF:.claude/skills/sequential-thinking/scripts/format-thought.js
FN:16,(anonymous_0)
FN:43,(anonymous_1)
FN:53,(anonymous_2)
FN:75,(anonymous_3)
FN:88,(anonymous_4)
FN:106,(anonymous_5)
FNF:6
FNH:5
FNDA:3,(anonymous_0)
FNDA:3,(anonymous_1)
FNDA:5,(anonymous_2)
FNDA:3,(anonymous_3)
FNDA:2,(anonymous_4)
FNDA:0,(anonymous_5)
DA:17,3
DA:19,3
DA:20,3
DA:21,3
DA:23,3
DA:24,1
DA:25,1
DA:26,1
DA:27,2
DA:28,1
DA:29,1
DA:30,1
DA:32,1
DA:33,1
DA:34,1
DA:37,3
DA:38,3
DA:39,3
DA:42,3
DA:43,3
DA:45,3
DA:54,5
DA:55,4
DA:58,1
DA:59,1
DA:60,1
DA:62,1
DA:63,23
DA:64,21
DA:66,2
DA:67,2
DA:71,1
DA:72,1
DA:76,3
DA:78,3
DA:79,3
DA:80,1
DA:81,2
DA:82,1
DA:85,3
DA:89,2
DA:91,2
DA:92,2
DA:93,1
DA:94,1
DA:95,0
DA:98,2
DA:103,1
DA:104,0
DA:106,0
DA:107,0
DA:108,0
DA:109,0
DA:110,0
DA:111,0
DA:112,0
DA:114,0
DA:116,0
DA:117,0
DA:119,0
DA:121,0
DA:122,0
DA:126,0
DA:129,0
DA:131,0
DA:141,0
DA:144,0
DA:146,0
DA:147,0
DA:149,0
DA:150,0
DA:153,0
DA:156,0
DA:159,1
LF:74
LH:48
BRDA:23,0,0,1
BRDA:23,0,1,2
BRDA:23,1,0,3
BRDA:23,1,1,1
BRDA:27,2,0,1
BRDA:27,2,1,1
BRDA:30,3,0,1
BRDA:30,3,1,0
BRDA:54,4,0,4
BRDA:54,4,1,1
BRDA:63,5,0,21
BRDA:63,5,1,2
BRDA:64,6,0,20
BRDA:64,6,1,1
BRDA:66,7,0,2
BRDA:66,7,1,0
BRDA:71,8,0,1
BRDA:71,8,1,0
BRDA:79,9,0,1
BRDA:79,9,1,2
BRDA:79,10,0,3
BRDA:79,10,1,1
BRDA:81,11,0,1
BRDA:81,11,1,1
BRDA:82,12,0,1
BRDA:82,12,1,0
BRDA:92,13,0,1
BRDA:92,13,1,1
BRDA:92,14,0,2
BRDA:92,14,1,1
BRDA:94,15,0,0
BRDA:94,15,1,1
BRDA:95,16,0,0
BRDA:95,16,1,0
BRDA:103,17,0,0
BRDA:103,17,1,1
BRDA:110,18,0,0
BRDA:110,18,1,0
BRDA:114,19,0,0
BRDA:114,19,1,0
BRDA:114,20,0,0
BRDA:114,20,1,0
BRDA:116,21,0,0
BRDA:116,21,1,0
BRDA:117,22,0,0
BRDA:117,22,1,0
BRDA:119,23,0,0
BRDA:119,23,1,0
BRDA:132,24,0,0
BRDA:132,24,1,0
BRDA:133,25,0,0
BRDA:133,25,1,0
BRDA:134,26,0,0
BRDA:134,26,1,0
BRDA:141,27,0,0
BRDA:141,27,1,0
BRDA:144,28,0,0
BRDA:144,28,1,0
BRDA:144,28,2,0
BRDA:144,28,3,0
BRF:60
BRH:28
end_of_record
TN:
SF:.claude/skills/sequential-thinking/scripts/process-thought.js
FN:23,(anonymous_0)
FN:27,(anonymous_1)
FN:43,(anonymous_2)
FN:53,(anonymous_3)
FN:61,(anonymous_4)
FN:104,(anonymous_5)
FN:159,(anonymous_6)
FN:174,(anonymous_7)
FNF:8
FNH:7
FNDA:12,(anonymous_0)
FNDA:12,(anonymous_1)
FNDA:12,(anonymous_2)
FNDA:1,(anonymous_3)
FNDA:16,(anonymous_4)
FNDA:16,(anonymous_5)
FNDA:2,(anonymous_6)
FNDA:0,(anonymous_7)
DA:15,1
DA:16,1
DA:19,1
DA:20,1
DA:24,12
DA:28,12
DA:29,12
DA:30,1
DA:31,1
DA:32,1
DA:34,11
DA:35,11
DA:38,0
DA:39,0
DA:44,12
DA:54,1
DA:55,1
DA:56,1
DA:57,1
DA:62,16
DA:64,16
DA:65,2
DA:68,16
DA:69,1
DA:72,16
DA:73,0
DA:76,16
DA:77,1
DA:81,16
DA:82,0
DA:85,16
DA:86,0
DA:89,16
DA:90,0
DA:93,16
DA:94,0
DA:97,16
DA:98,0
DA:101,16
DA:105,16
DA:107,16
DA:108,4
DA:116,12
DA:117,1
DA:121,12
DA:135,12
DA:138,12
DA:139,2
DA:140,2
DA:142,2
DA:146,12
DA:148,12
DA:160,2
DA:169,1
DA:170,0
DA:171,0
DA:174,0
DA:175,0
DA:176,0
DA:177,0
DA:178,0
DA:179,0
DA:180,0
DA:182,0
DA:183,0
DA:186,0
DA:187,0
DA:190,0
DA:192,0
DA:193,0
DA:195,0
DA:197,0
DA:198,0
DA:202,0
DA:205,0
DA:207,0
DA:208,0
DA:209,0
DA:210,0
DA:213,0
DA:214,0
DA:215,0
DA:219,0
DA:231,0
DA:232,0
DA:233,0
DA:236,1
LF:87
LH:47
BRDA:29,0,0,1
BRDA:29,0,1,11
BRDA:31,1,0,1
BRDA:31,1,1,0
BRDA:32,2,0,1
BRDA:32,2,1,0
BRDA:56,3,0,1
BRDA:56,3,1,0
BRDA:64,4,0,2
BRDA:64,4,1,14
BRDA:64,5,0,16
BRDA:64,5,1,15
BRDA:64,5,2,15
BRDA:68,6,0,1
BRDA:68,6,1,15
BRDA:68,7,0,16
BRDA:68,7,1,15
BRDA:68,7,2,15
BRDA:72,8,0,0
BRDA:72,8,1,16
BRDA:72,9,0,16
BRDA:72,9,1,16
BRDA:72,9,2,16
BRDA:76,10,0,1
BRDA:76,10,1,15
BRDA:81,11,0,0
BRDA:81,11,1,16
BRDA:81,12,0,16
BRDA:81,12,1,1
BRDA:85,13,0,0
BRDA:85,13,1,16
BRDA:85,14,0,16
BRDA:85,14,1,1
BRDA:85,14,2,1
BRDA:89,15,0,0
BRDA:89,15,1,16
BRDA:89,16,0,16
BRDA:89,16,1,2
BRDA:89,16,2,2
BRDA:93,17,0,0
BRDA:93,17,1,16
BRDA:93,18,0,16
BRDA:93,18,1,2
BRDA:97,19,0,0
BRDA:97,19,1,16
BRDA:97,20,0,16
BRDA:97,20,1,0
BRDA:107,21,0,4
BRDA:107,21,1,12
BRDA:116,22,0,1
BRDA:116,22,1,11
BRDA:138,23,0,2
BRDA:138,23,1,10
BRDA:138,24,0,12
BRDA:138,24,1,2
BRDA:139,25,0,2
BRDA:139,25,1,0
BRDA:169,26,0,0
BRDA:169,26,1,1
BRDA:178,27,0,0
BRDA:178,27,1,0
BRDA:182,28,0,0
BRDA:182,28,1,0
BRDA:186,29,0,0
BRDA:186,29,1,0
BRDA:190,30,0,0
BRDA:190,30,1,0
BRDA:190,31,0,0
BRDA:190,31,1,0
BRDA:192,32,0,0
BRDA:192,32,1,0
BRDA:193,33,0,0
BRDA:193,33,1,0
BRDA:195,34,0,0
BRDA:195,34,1,0
BRDA:207,35,0,0
BRDA:207,35,1,0
BRDA:213,36,0,0
BRDA:213,36,1,0
BRDA:224,37,0,0
BRDA:224,37,1,0
BRDA:233,38,0,0
BRDA:233,38,1,0
BRF:83
BRH:47
end_of_record
TN:
SF:.opencode/skills/sequential-thinking/scripts/format-thought.js
FN:16,(anonymous_0)
FN:43,(anonymous_1)
FN:53,(anonymous_2)
FN:75,(anonymous_3)
FN:88,(anonymous_4)
FN:106,(anonymous_5)
FNF:6
FNH:5
FNDA:3,(anonymous_0)
FNDA:3,(anonymous_1)
FNDA:5,(anonymous_2)
FNDA:3,(anonymous_3)
FNDA:2,(anonymous_4)
FNDA:0,(anonymous_5)
DA:17,3
DA:19,3
DA:20,3
DA:21,3
DA:23,3
DA:24,1
DA:25,1
DA:26,1
DA:27,2
DA:28,1
DA:29,1
DA:30,1
DA:32,1
DA:33,1
DA:34,1
DA:37,3
DA:38,3
DA:39,3
DA:42,3
DA:43,3
DA:45,3
DA:54,5
DA:55,4
DA:58,1
DA:59,1
DA:60,1
DA:62,1
DA:63,23
DA:64,21
DA:66,2
DA:67,2
DA:71,1
DA:72,1
DA:76,3
DA:78,3
DA:79,3
DA:80,1
DA:81,2
DA:82,1
DA:85,3
DA:89,2
DA:91,2
DA:92,2
DA:93,1
DA:94,1
DA:95,0
DA:98,2
DA:103,1
DA:104,0
DA:106,0
DA:107,0
DA:108,0
DA:109,0
DA:110,0
DA:111,0
DA:112,0
DA:114,0
DA:116,0
DA:117,0
DA:119,0
DA:121,0
DA:122,0
DA:126,0
DA:129,0
DA:131,0
DA:141,0
DA:144,0
DA:146,0
DA:147,0
DA:149,0
DA:150,0
DA:153,0
DA:156,0
DA:159,1
LF:74
LH:48
BRDA:23,0,0,1
BRDA:23,0,1,2
BRDA:23,1,0,3
BRDA:23,1,1,1
BRDA:27,2,0,1
BRDA:27,2,1,1
BRDA:30,3,0,1
BRDA:30,3,1,0
BRDA:54,4,0,4
BRDA:54,4,1,1
BRDA:63,5,0,21
BRDA:63,5,1,2
BRDA:64,6,0,20
BRDA:64,6,1,1
BRDA:66,7,0,2
BRDA:66,7,1,0
BRDA:71,8,0,1
BRDA:71,8,1,0
BRDA:79,9,0,1
BRDA:79,9,1,2
BRDA:79,10,0,3
BRDA:79,10,1,1
BRDA:81,11,0,1
BRDA:81,11,1,1
BRDA:82,12,0,1
BRDA:82,12,1,0
BRDA:92,13,0,1
BRDA:92,13,1,1
BRDA:92,14,0,2
BRDA:92,14,1,1
BRDA:94,15,0,0
BRDA:94,15,1,1
BRDA:95,16,0,0
BRDA:95,16,1,0
BRDA:103,17,0,0
BRDA:103,17,1,1
BRDA:110,18,0,0
BRDA:110,18,1,0
BRDA:114,19,0,0
BRDA:114,19,1,0
BRDA:114,20,0,0
BRDA:114,20,1,0
BRDA:116,21,0,0
BRDA:116,21,1,0
BRDA:117,22,0,0
BRDA:117,22,1,0
BRDA:119,23,0,0
BRDA:119,23,1,0
BRDA:132,24,0,0
BRDA:132,24,1,0
BRDA:133,25,0,0
BRDA:133,25,1,0
BRDA:134,26,0,0
BRDA:134,26,1,0
BRDA:141,27,0,0
BRDA:141,27,1,0
BRDA:144,28,0,0
BRDA:144,28,1,0
BRDA:144,28,2,0
BRDA:144,28,3,0
BRF:60
BRH:28
end_of_record
TN:
SF:.opencode/skills/sequential-thinking/scripts/process-thought.js
FN:23,(anonymous_0)
FN:27,(anonymous_1)
FN:43,(anonymous_2)
FN:53,(anonymous_3)
FN:61,(anonymous_4)
FN:104,(anonymous_5)
FN:159,(anonymous_6)
FN:174,(anonymous_7)
FNF:8
FNH:7
FNDA:12,(anonymous_0)
FNDA:12,(anonymous_1)
FNDA:12,(anonymous_2)
FNDA:1,(anonymous_3)
FNDA:16,(anonymous_4)
FNDA:16,(anonymous_5)
FNDA:2,(anonymous_6)
FNDA:0,(anonymous_7)
DA:15,1
DA:16,1
DA:19,1
DA:20,1
DA:24,12
DA:28,12
DA:29,12
DA:30,1
DA:31,1
DA:32,1
DA:34,11
DA:35,11
DA:38,0
DA:39,0
DA:44,12
DA:54,1
DA:55,1
DA:56,1
DA:57,1
DA:62,16
DA:64,16
DA:65,2
DA:68,16
DA:69,1
DA:72,16
DA:73,0
DA:76,16
DA:77,1
DA:81,16
DA:82,0
DA:85,16
DA:86,0
DA:89,16
DA:90,0
DA:93,16
DA:94,0
DA:97,16
DA:98,0
DA:101,16
DA:105,16
DA:107,16
DA:108,4
DA:116,12
DA:117,1
DA:121,12
DA:135,12
DA:138,12
DA:139,2
DA:140,2
DA:142,2
DA:146,12
DA:148,12
DA:160,2
DA:169,1
DA:170,0
DA:171,0
DA:174,0
DA:175,0
DA:176,0
DA:177,0
DA:178,0
DA:179,0
DA:180,0
DA:182,0
DA:183,0
DA:186,0
DA:187,0
DA:190,0
DA:192,0
DA:193,0
DA:195,0
DA:197,0
DA:198,0
DA:202,0
DA:205,0
DA:207,0
DA:208,0
DA:209,0
DA:210,0
DA:213,0
DA:214,0
DA:215,0
DA:219,0
DA:231,0
DA:232,0
DA:233,0
DA:236,1
LF:87
LH:47
BRDA:29,0,0,1
BRDA:29,0,1,11
BRDA:31,1,0,1
BRDA:31,1,1,0
BRDA:32,2,0,1
BRDA:32,2,1,0
BRDA:56,3,0,1
BRDA:56,3,1,0
BRDA:64,4,0,2
BRDA:64,4,1,14
BRDA:64,5,0,16
BRDA:64,5,1,15
BRDA:64,5,2,15
BRDA:68,6,0,1
BRDA:68,6,1,15
BRDA:68,7,0,16
BRDA:68,7,1,15
BRDA:68,7,2,15
BRDA:72,8,0,0
BRDA:72,8,1,16
BRDA:72,9,0,16
BRDA:72,9,1,16
BRDA:72,9,2,16
BRDA:76,10,0,1
BRDA:76,10,1,15
BRDA:81,11,0,0
BRDA:81,11,1,16
BRDA:81,12,0,16
BRDA:81,12,1,1
BRDA:85,13,0,0
BRDA:85,13,1,16
BRDA:85,14,0,16
BRDA:85,14,1,1
BRDA:85,14,2,1
BRDA:89,15,0,0
BRDA:89,15,1,16
BRDA:89,16,0,16
BRDA:89,16,1,2
BRDA:89,16,2,2
BRDA:93,17,0,0
BRDA:93,17,1,16
BRDA:93,18,0,16
BRDA:93,18,1,2
BRDA:97,19,0,0
BRDA:97,19,1,16
BRDA:97,20,0,16
BRDA:97,20,1,0
BRDA:107,21,0,4
BRDA:107,21,1,12
BRDA:116,22,0,1
BRDA:116,22,1,11
BRDA:138,23,0,2
BRDA:138,23,1,10
BRDA:138,24,0,12
BRDA:138,24,1,2
BRDA:139,25,0,2
BRDA:139,25,1,0
BRDA:169,26,0,0
BRDA:169,26,1,1
BRDA:178,27,0,0
BRDA:178,27,1,0
BRDA:182,28,0,0
BRDA:182,28,1,0
BRDA:186,29,0,0
BRDA:186,29,1,0
BRDA:190,30,0,0
BRDA:190,30,1,0
BRDA:190,31,0,0
BRDA:190,31,1,0
BRDA:192,32,0,0
BRDA:192,32,1,0
BRDA:193,33,0,0
BRDA:193,33,1,0
BRDA:195,34,0,0
BRDA:195,34,1,0
BRDA:207,35,0,0
BRDA:207,35,1,0
BRDA:213,36,0,0
BRDA:213,36,1,0
BRDA:224,37,0,0
BRDA:224,37,1,0
BRDA:233,38,0,0
BRDA:233,38,1,0
BRF:83
BRH:47
end_of_record
TN:
SF:src/data/reflections.js
FNF:0
FNH:0
DA:7,1
LF:1
LH:1
BRF:0
BRH:0
end_of_record
TN:
SF:src/data/verses.js
FNF:0
FNH:0
DA:7,1
LF:1
LH:1
BRF:0
BRH:0
end_of_record
TN:
SF:src/popup/useStorage.js
FN:17,useSettings
FN:21,(anonymous_1)
FN:23,(anonymous_2)
FN:44,(anonymous_3)
FN:49,(anonymous_4)
FNF:5
FNH:3
FNDA:8,useSettings
FNDA:3,(anonymous_1)
FNDA:0,(anonymous_2)
FNDA:2,(anonymous_3)
FNDA:0,(anonymous_4)
DA:3,1
DA:18,8
DA:19,8
DA:21,8
DA:22,3
DA:23,0
DA:24,0
DA:25,0
DA:26,0
DA:27,0
DA:29,0
DA:32,3
DA:33,3
DA:34,3
DA:35,0
DA:38,0
DA:40,3
DA:44,8
DA:45,2
DA:46,2
DA:48,2
DA:49,0
DA:50,0
DA:51,0
DA:55,2
DA:56,2
DA:58,0
DA:59,0
DA:60,0
DA:66,8
LF:30
LH:16
BRDA:22,0,0,0
BRDA:22,0,1,3
BRDA:22,1,0,3
BRDA:22,1,1,3
BRDA:22,1,2,3
BRDA:24,2,0,0
BRDA:24,2,1,0
BRDA:26,3,0,0
BRDA:26,3,1,0
BRDA:34,4,0,0
BRDA:34,4,1,3
BRDA:48,5,0,0
BRDA:48,5,1,2
BRDA:48,6,0,2
BRDA:48,6,1,2
BRDA:48,6,2,2
BRDA:50,7,0,0
BRDA:50,7,1,0
BRDA:59,8,0,0
BRDA:59,8,1,0
BRF:20
BRH:9
end_of_record
TN:
SF:src/popup/useTimer.js
FN:10,useTimer
FN:19,(anonymous_1)
FN:26,(anonymous_2)
FN:35,(anonymous_3)
FN:36,(anonymous_4)
FN:44,(anonymous_5)
FN:53,(anonymous_6)
FN:65,(anonymous_7)
FN:102,(anonymous_8)
FN:109,(anonymous_9)
FN:115,(anonymous_10)
FN:119,(anonymous_11)
FN:125,(anonymous_12)
FN:133,(anonymous_13)
FNF:14
FNH:12
FNDA:19,useTimer
FNDA:14,(anonymous_1)
FNDA:14,(anonymous_2)
FNDA:1505,(anonymous_3)
FNDA:1505,(anonymous_4)
FNDA:5,(anonymous_5)
FNDA:5,(anonymous_6)
FNDA:1,(anonymous_7)
FNDA:17,(anonymous_8)
FNDA:0,(anonymous_9)
FNDA:1,(anonymous_10)
FNDA:0,(anonymous_11)
FNDA:1,(anonymous_12)
FNDA:1,(anonymous_13)
DA:11,19
DA:12,19
DA:13,19
DA:14,19
DA:15,19
DA:16,19
DA:19,19
DA:20,14
DA:21,8
DA:26,19
DA:27,14
DA:28,9
DA:29,0
DA:30,0
DA:32,9
DA:35,5
DA:36,1505
DA:37,1505
DA:38,1
DA:40,1504
DA:44,5
DA:45,5
DA:46,5
DA:47,5
DA:53,19
DA:54,5
DA:55,0
DA:56,0
DA:58,5
DA:59,5
DA:60,5
DA:65,19
DA:67,1
DA:68,1
DA:71,1
DA:72,1
DA:73,1
DA:76,1
DA:79,1
DA:81,1
DA:85,1
DA:86,1
DA:88,1
DA:89,0
DA:91,0
DA:92,0
DA:93,0
DA:95,0
DA:96,0
DA:102,19
DA:103,17
DA:104,1
DA:105,1
DA:109,19
DA:110,0
DA:111,0
DA:112,0
DA:115,19
DA:116,1
DA:119,19
DA:120,0
DA:121,0
DA:125,19
DA:126,1
DA:127,1
DA:128,1
DA:129,1
DA:130,1
DA:133,19
DA:134,1
DA:135,1
DA:136,1
DA:137,1
DA:140,19
LF:74
LH:59
BRDA:20,0,0,8
BRDA:20,0,1,6
BRDA:27,1,0,9
BRDA:27,1,1,5
BRDA:28,2,0,0
BRDA:28,2,1,9
BRDA:37,3,0,1
BRDA:37,3,1,1504
BRDA:45,4,0,5
BRDA:45,4,1,0
BRDA:54,5,0,0
BRDA:54,5,1,5
BRDA:67,6,0,1
BRDA:67,6,1,0
BRDA:67,7,0,1
BRDA:67,7,1,1
BRDA:71,8,0,1
BRDA:71,8,1,0
BRDA:76,9,0,1
BRDA:76,9,1,1
BRDA:81,10,0,0
BRDA:81,10,1,1
BRDA:88,11,0,0
BRDA:88,11,1,1
BRDA:91,12,0,0
BRDA:91,12,1,0
BRDA:95,13,0,0
BRDA:95,13,1,0
BRDA:103,14,0,1
BRDA:103,14,1,16
BRDA:103,15,0,17
BRDA:103,15,1,1
BRDA:120,16,0,0
BRDA:120,16,1,0
BRDA:120,17,0,0
BRDA:120,17,1,0
BRDA:120,17,2,0
BRF:37
BRH:21
end_of_record
TN:
SF:src/popup/useVerse.js
FN:8,pickRandom
FN:15,useVerse
FN:19,(anonymous_2)
FN:23,(anonymous_3)
FN:27,(anonymous_4)
FN:38,(anonymous_5)
FNF:6
FNH:6
FNDA:4,pickRandom
FNDA:8,useVerse
FNDA:3,(anonymous_2)
FNDA:110,(anonymous_3)
FNDA:3,(anonymous_4)
FNDA:1,(anonymous_5)
DA:9,4
DA:16,8
DA:17,8
DA:19,8
DA:20,3
DA:21,1
DA:23,110
DA:24,2
DA:27,8
DA:28,3
DA:29,3
DA:30,3
DA:31,3
DA:38,8
DA:39,1
DA:40,1
DA:43,8
LF:17
LH:17
BRDA:20,0,0,1
BRDA:20,0,1,2
BRDA:24,1,0,1
BRDA:24,1,1,1
BRDA:30,2,0,3
BRDA:30,2,1,0
BRDA:33,3,0,3
BRDA:33,3,1,0
BRDA:39,4,0,0
BRDA:39,4,1,1
BRF:10
BRH:7
end_of_record
