TN:
SF:src/data/reflections.js
FNF:0
FNH:0
DA:7,1
LF:1
LH:1
BRF:0
BRH:0
end_of_record
TN:
SF:src/data/verses.js
FNF:0
FNH:0
DA:7,1
LF:1
LH:1
BRF:0
BRH:0
end_of_record
TN:
SF:src/popup/customVerseStorage.js
FN:3,getCustomVerses
FN:5,(anonymous_1)
FN:14,setCustomVerses
FN:16,(anonymous_3)
FNF:4
FNH:3
FNDA:1,getCustomVerses
FNDA:1,(anonymous_1)
FNDA:1,setCustomVerses
FNDA:0,(anonymous_3)
DA:1,3
DA:4,1
DA:5,1
DA:6,1
DA:7,1
DA:10,0
DA:15,1
DA:16,1
DA:17,0
DA:18,0
LF:10
LH:7
BRDA:4,0,0,1
BRDA:4,0,1,0
BRDA:4,1,0,1
BRDA:4,1,1,1
BRDA:4,1,2,1
BRDA:6,2,0,0
BRDA:6,2,1,1
BRDA:15,3,0,1
BRDA:15,3,1,0
BRDA:15,4,0,1
BRDA:15,4,1,1
BRDA:15,4,2,1
BRDA:16,5,0,1
BRDA:16,5,1,0
BRDA:17,6,0,0
BRDA:17,6,1,0
BRF:16
BRH:10
end_of_record
TN:
SF:src/popup/useStorage.js
FN:17,useSettings
FN:21,(anonymous_1)
FN:23,(anonymous_2)
FN:44,(anonymous_3)
FN:49,(anonymous_4)
FNF:5
FNH:3
FNDA:8,useSettings
FNDA:3,(anonymous_1)
FNDA:0,(anonymous_2)
FNDA:2,(anonymous_3)
FNDA:0,(anonymous_4)
DA:3,1
DA:18,8
DA:19,8
DA:21,8
DA:22,3
DA:23,0
DA:24,0
DA:25,0
DA:26,0
DA:27,0
DA:29,0
DA:32,3
DA:33,3
DA:34,3
DA:35,0
DA:38,0
DA:40,3
DA:44,8
DA:45,2
DA:46,2
DA:48,2
DA:49,0
DA:50,0
DA:51,0
DA:55,2
DA:56,2
DA:58,0
DA:59,0
DA:60,0
DA:66,8
LF:30
LH:16
BRDA:22,0,0,0
BRDA:22,0,1,3
BRDA:22,1,0,3
BRDA:22,1,1,3
BRDA:22,1,2,3
BRDA:24,2,0,0
BRDA:24,2,1,0
BRDA:26,3,0,0
BRDA:26,3,1,0
BRDA:34,4,0,0
BRDA:34,4,1,3
BRDA:48,5,0,0
BRDA:48,5,1,2
BRDA:48,6,0,2
BRDA:48,6,1,2
BRDA:48,6,2,2
BRDA:50,7,0,0
BRDA:50,7,1,0
BRDA:59,8,0,0
BRDA:59,8,1,0
BRF:20
BRH:9
end_of_record
TN:
SF:src/popup/useTimer.js
FN:15,sendToWorker
FN:21,useTimer
FN:35,(anonymous_2)
FN:36,(anonymous_3)
FN:37,(anonymous_4)
FN:40,(anonymous_5)
FN:47,(anonymous_6)
FN:50,(anonymous_7)
FN:53,(anonymous_8)
FN:57,(anonymous_9)
FN:70,(anonymous_10)
FN:74,(anonymous_11)
FN:86,(anonymous_12)
FN:104,(anonymous_13)
FN:116,(anonymous_14)
FN:158,(anonymous_15)
FN:163,(anonymous_16)
FN:164,(anonymous_17)
FN:173,(anonymous_18)
FN:183,(anonymous_19)
FNF:20
FNH:16
FNDA:8,sendToWorker
FNDA:19,useTimer
FNDA:14,(anonymous_2)
FNDA:7,(anonymous_3)
FNDA:6,(anonymous_4)
FNDA:14,(anonymous_5)
FNDA:14,(anonymous_6)
FNDA:1505,(anonymous_7)
FNDA:0,(anonymous_8)
FNDA:1505,(anonymous_9)
FNDA:5,(anonymous_10)
FNDA:17,(anonymous_11)
FNDA:5,(anonymous_12)
FNDA:0,(anonymous_13)
FNDA:1,(anonymous_14)
FNDA:1,(anonymous_15)
FNDA:0,(anonymous_16)
FNDA:0,(anonymous_17)
FNDA:1,(anonymous_18)
FNDA:1,(anonymous_19)
DA:16,8
DA:17,8
DA:22,19
DA:23,19
DA:24,19
DA:25,19
DA:26,19
DA:29,19
DA:31,19
DA:32,19
DA:33,19
DA:35,19
DA:36,19
DA:37,19
DA:40,19
DA:41,14
DA:42,8
DA:47,19
DA:48,14
DA:50,5
DA:51,1505
DA:53,0
DA:54,0
DA:57,1505
DA:58,1505
DA:60,1505
DA:62,1505
DA:64,1505
DA:65,1505
DA:66,1505
DA:70,5
DA:74,19
DA:75,17
DA:76,1
DA:77,1
DA:78,1
DA:86,19
DA:87,5
DA:88,5
DA:90,5
DA:91,0
DA:92,0
DA:94,5
DA:95,5
DA:96,5
DA:97,5
DA:98,5
DA:104,19
DA:105,0
DA:106,0
DA:107,0
DA:108,0
DA:109,0
DA:110,0
DA:111,0
DA:116,19
DA:117,1
DA:118,1
DA:119,1
DA:121,1
DA:122,1
DA:123,1
DA:126,1
DA:129,1
DA:131,1
DA:134,1
DA:136,1
DA:137,1
DA:138,1
DA:140,1
DA:141,0
DA:142,0
DA:144,0
DA:145,0
DA:146,0
DA:147,0
DA:149,0
DA:151,0
DA:158,19
DA:159,1
DA:160,1
DA:163,19
DA:164,0
DA:165,0
DA:166,0
DA:167,0
DA:169,0
DA:173,19
DA:174,1
DA:175,1
DA:176,1
DA:177,1
DA:178,1
DA:179,1
DA:180,1
DA:183,19
DA:184,1
DA:185,1
DA:186,1
DA:187,1
DA:188,1
DA:189,1
DA:192,19
LF:103
LH:79
BRDA:16,0,0,8
BRDA:16,0,1,0
BRDA:16,1,0,8
BRDA:16,1,1,8
BRDA:41,2,0,8
BRDA:41,2,1,6
BRDA:48,3,0,9
BRDA:48,3,1,5
BRDA:51,4,0,0
BRDA:51,4,1,1505
BRDA:51,5,0,1505
BRDA:51,5,1,1505
BRDA:58,6,0,0
BRDA:58,6,1,1505
BRDA:58,7,0,1505
BRDA:58,7,1,1505
BRDA:62,8,0,0
BRDA:62,8,1,1505
BRDA:75,9,0,1
BRDA:75,9,1,16
BRDA:75,10,0,17
BRDA:75,10,1,1
BRDA:75,10,2,1
BRDA:90,11,0,0
BRDA:90,11,1,5
BRDA:121,12,0,1
BRDA:121,12,1,0
BRDA:126,13,0,1
BRDA:126,13,1,1
BRDA:131,14,0,0
BRDA:131,14,1,1
BRDA:140,15,0,0
BRDA:140,15,1,1
BRDA:144,16,0,0
BRDA:144,16,1,0
BRDA:149,17,0,0
BRDA:149,17,1,0
BRDA:165,18,0,0
BRDA:165,18,1,0
BRDA:165,19,0,0
BRDA:165,19,1,0
BRDA:165,19,2,0
BRF:42
BRH:25
end_of_record
TN:
SF:src/popup/useVerse.js
FN:9,pickRandom
FN:17,useVerse
FN:23,(anonymous_2)
FN:24,(anonymous_3)
FN:29,(anonymous_4)
FN:41,(anonymous_5)
FN:45,(anonymous_6)
FN:56,(anonymous_7)
FNF:8
FNH:8
FNDA:6,pickRandom
FNDA:14,useVerse
FNDA:6,(anonymous_2)
FNDA:2,(anonymous_3)
FNDA:5,(anonymous_4)
FNDA:110,(anonymous_5)
FNDA:5,(anonymous_6)
FNDA:1,(anonymous_7)
DA:10,6
DA:18,14
DA:19,14
DA:20,14
DA:23,14
DA:24,6
DA:25,2
DA:29,14
DA:31,5
DA:33,5
DA:34,2
DA:37,3
DA:38,1
DA:41,110
DA:42,2
DA:45,14
DA:46,5
DA:47,5
DA:48,5
DA:49,5
DA:56,14
DA:57,1
DA:58,1
DA:61,14
LF:24
LH:24
BRDA:25,0,0,2
BRDA:25,0,1,0
BRDA:33,1,0,2
BRDA:33,1,1,3
BRDA:37,2,0,1
BRDA:37,2,1,2
BRDA:38,3,0,1
BRDA:38,3,1,0
BRDA:42,4,0,1
BRDA:42,4,1,1
BRDA:48,5,0,5
BRDA:48,5,1,0
BRDA:51,6,0,5
BRDA:51,6,1,0
BRDA:57,7,0,0
BRDA:57,7,1,1
BRF:16
BRH:11
end_of_record
TN:
SF:src/popup/components/CustomVerseForm.jsx
FN:3,CustomVerseForm
FN:12,(anonymous_1)
FN:23,(anonymous_2)
FN:35,(anonymous_3)
FN:37,(anonymous_4)
FN:40,(anonymous_5)
FN:44,(anonymous_6)
FNF:7
FNH:6
FNDA:22,CustomVerseForm
FNDA:8,(anonymous_1)
FNDA:6,(anonymous_2)
FNDA:9,(anonymous_3)
FNDA:9,(anonymous_4)
FNDA:0,(anonymous_5)
FNDA:6,(anonymous_6)
DA:4,22
DA:10,22
DA:12,22
DA:13,8
DA:14,2
DA:23,22
DA:24,6
DA:25,6
DA:26,1
DA:28,6
DA:29,1
DA:31,6
DA:32,6
DA:35,22
DA:36,9
DA:37,9
DA:39,9
DA:40,0
DA:44,22
DA:45,6
DA:46,6
DA:48,5
DA:55,5
DA:56,4
DA:60,22
LF:25
LH:24
BRDA:13,0,0,2
BRDA:13,0,1,6
BRDA:15,1,0,2
BRDA:15,1,1,0
BRDA:16,2,0,2
BRDA:16,2,1,0
BRDA:17,3,0,2
BRDA:17,3,1,2
BRDA:18,4,0,2
BRDA:18,4,1,2
BRDA:25,5,0,1
BRDA:25,5,1,5
BRDA:28,6,0,1
BRDA:28,6,1,5
BRDA:39,7,0,0
BRDA:39,7,1,9
BRDA:46,8,0,1
BRDA:46,8,1,5
BRDA:49,9,0,5
BRDA:49,9,1,4
BRDA:55,10,0,4
BRDA:55,10,1,1
BRDA:71,11,0,1
BRDA:71,11,1,21
BRDA:73,12,0,22
BRDA:73,12,1,1
BRDA:89,13,0,1
BRDA:89,13,1,21
BRDA:91,14,0,22
BRDA:91,14,1,1
BRDA:126,15,0,5
BRDA:126,15,1,17
BRDA:128,16,0,5
BRDA:128,16,1,17
BRDA:130,17,0,22
BRDA:130,17,1,9
BRF:36
BRH:33
end_of_record
TN:
SF:src/popup/components/CustomVerseList.jsx
FN:3,CustomVerseList
FN:12,(anonymous_1)
FN:23,(anonymous_2)
FN:32,(anonymous_3)
FN:40,(anonymous_4)
FNF:5
FNH:5
FNDA:18,CustomVerseList
FNDA:13,(anonymous_1)
FNDA:13,(anonymous_2)
FNDA:2,(anonymous_3)
FNDA:2,(anonymous_4)
DA:4,18
DA:5,8
DA:12,10
DA:13,13
DA:14,1
DA:17,10
DA:24,13
DA:32,2
DA:40,2
LF:9
LH:9
BRDA:4,0,0,8
BRDA:4,0,1,10
BRDA:12,1,0,13
BRDA:13,2,0,12
BRDA:13,2,1,1
BRDA:20,3,0,7
BRDA:20,3,1,3
BRF:7
BRH:7
end_of_record
TN:
SF:src/popup/components/SettingsView.jsx
FN:21,SettingsView
FN:27,(anonymous_1)
FN:28,(anonymous_2)
FN:33,(anonymous_3)
FN:44,(anonymous_4)
FN:61,(anonymous_5)
FN:63,(anonymous_6)
FN:70,(anonymous_7)
FN:75,(anonymous_8)
FN:76,(anonymous_9)
FN:81,(anonymous_10)
FN:116,(anonymous_11)
FN:124,(anonymous_12)
FN:132,(anonymous_13)
FN:153,(anonymous_14)
FN:170,(anonymous_15)
FN:187,(anonymous_16)
FN:204,(anonymous_17)
FN:218,(anonymous_18)
FN:237,(anonymous_19)
FN:249,(anonymous_20)
FN:253,(anonymous_21)
FN:266,(anonymous_22)
FN:270,(anonymous_23)
FN:296,(anonymous_24)
FN:308,(anonymous_25)
FNF:26
FNH:15
FNDA:28,SettingsView
FNDA:6,(anonymous_1)
FNDA:6,(anonymous_2)
FNDA:0,(anonymous_3)
FNDA:0,(anonymous_4)
FNDA:3,(anonymous_5)
FNDA:1,(anonymous_6)
FNDA:3,(anonymous_7)
FNDA:1,(anonymous_8)
FNDA:1,(anonymous_9)
FNDA:1,(anonymous_10)
FNDA:2,(anonymous_11)
FNDA:1,(anonymous_12)
FNDA:6,(anonymous_13)
FNDA:0,(anonymous_14)
FNDA:0,(anonymous_15)
FNDA:0,(anonymous_16)
FNDA:0,(anonymous_17)
FNDA:0,(anonymous_18)
FNDA:0,(anonymous_19)
FNDA:0,(anonymous_20)
FNDA:3,(anonymous_21)
FNDA:0,(anonymous_22)
FNDA:6,(anonymous_23)
FNDA:2,(anonymous_24)
FNDA:0,(anonymous_25)
DA:6,1
DA:12,1
DA:22,28
DA:23,28
DA:24,28
DA:25,28
DA:27,28
DA:28,6
DA:29,6
DA:33,28
DA:34,0
DA:35,0
DA:36,0
DA:38,0
DA:39,0
DA:41,0
DA:44,28
DA:46,0
DA:48,0
DA:49,0
DA:50,0
DA:51,0
DA:52,0
DA:53,0
DA:54,0
DA:55,0
DA:58,0
DA:61,28
DA:62,3
DA:63,1
DA:66,3
DA:67,3
DA:68,3
DA:70,3
DA:75,28
DA:76,1
DA:77,1
DA:78,1
DA:81,28
DA:82,1
DA:83,1
DA:86,28
DA:116,2
DA:124,1
DA:132,6
DA:153,0
DA:170,0
DA:187,0
DA:204,0
DA:218,0
DA:237,0
DA:249,0
DA:254,3
DA:266,0
DA:271,6
DA:296,2
DA:309,0
DA:310,0
LF:58
LH:32
BRDA:29,0,0,6
BRDA:29,0,1,0
BRDA:35,1,0,0
BRDA:35,1,1,0
BRDA:35,2,0,0
BRDA:35,2,1,0
BRDA:38,3,0,0
BRDA:38,3,1,0
BRDA:48,4,0,0
BRDA:48,4,1,0
BRDA:50,5,0,0
BRDA:50,5,1,0
BRDA:52,6,0,0
BRDA:52,6,1,0
BRDA:54,7,0,0
BRDA:54,7,1,0
BRDA:62,8,0,1
BRDA:62,8,1,2
BRDA:63,9,0,1
BRDA:63,9,1,0
BRDA:115,10,0,14
BRDA:115,10,1,14
BRDA:123,11,0,1
BRDA:123,11,1,27
BRDA:131,12,0,13
BRDA:131,12,1,15
BRDA:140,13,0,28
BRDA:140,13,1,14
BRDA:227,14,0,28
BRDA:227,14,1,1
BRDA:286,15,0,28
BRDA:286,15,1,13
BRDA:293,16,0,13
BRDA:293,16,1,10
BRDA:303,17,0,13
BRDA:303,17,1,3
BRF:36
BRH:20
end_of_record
